nohup: ignoring input
Using backend: pytorch
Namespace(batch_size=1939, device=1, dropout=0.5, epochs=60, hidden_channels=64, lr=0.01, num_layers=2, runs=1)
Data(
  edge_index_dict={
    ('author', 'affiliated_with', 'institution')=[2, 1043998],
    ('author', 'writes', 'paper')=[2, 7145660],
    ('paper', 'cites', 'paper')=[2, 5416271],
    ('paper', 'has_topic', 'field_of_study')=[2, 7505078]
  },
  edge_reltype={
    ('author', 'affiliated_with', 'institution')=[1043998, 1],
    ('author', 'writes', 'paper')=[7145660, 1],
    ('paper', 'cites', 'paper')=[5416271, 1],
    ('paper', 'has_topic', 'field_of_study')=[7505078, 1]
  },
  node_year={
    paper=[736389, 1]
  },
  num_nodes_dict={
    author=1134649,
    field_of_study=59965,
    institution=8740,
    paper=736389
  },
  x_dict={
    paper=[736389, 128]
  },
  y_dict={
    paper=[736389, 1]
  }
)
batch nums:  325
Run: 01, Epoch:  1, Loss: 2.5012, Train: 61.99%, Valid: 46.77%, Test: 46.26%, Time: 57.692540407180786s
Run: 01, Epoch:  2, Loss: 1.6173, Train: 76.42%, Valid: 47.43%, Test: 46.33%, Time: 57.72677659988403s
Run: 01, Epoch:  3, Loss: 1.2059, Train: 83.78%, Valid: 46.44%, Test: 45.27%, Time: 58.09563231468201s
Run: 01, Epoch:  4, Loss: 0.9749, Train: 87.52%, Valid: 46.08%, Test: 44.88%, Time: 57.53460931777954s
Run: 01, Epoch:  5, Loss: 0.8392, Train: 89.68%, Valid: 45.22%, Test: 44.18%, Time: 57.431325912475586s
Run: 01, Epoch:  6, Loss: 0.7487, Train: 91.05%, Valid: 44.10%, Test: 42.96%, Time: 57.6006863117218s
Run: 01, Epoch:  7, Loss: 0.6821, Train: 92.14%, Valid: 43.92%, Test: 42.75%, Time: 56.98890829086304s
Run: 01, Epoch:  8, Loss: 0.6397, Train: 92.67%, Valid: 43.29%, Test: 42.31%, Time: 57.45404815673828s
Run: 01, Epoch:  9, Loss: 0.6016, Train: 93.33%, Valid: 43.40%, Test: 41.82%, Time: 57.33147954940796s
Run: 01, Epoch:  10, Loss: 0.5761, Train: 93.86%, Valid: 44.02%, Test: 42.65%, Time: 57.18699288368225s
Run: 01, Epoch:  11, Loss: 0.5525, Train: 94.15%, Valid: 43.37%, Test: 42.20%, Time: 57.67185688018799s
Run: 01, Epoch:  12, Loss: 0.5310, Train: 94.57%, Valid: 43.35%, Test: 42.06%, Time: 57.833837270736694s
Run: 01, Epoch:  13, Loss: 0.5163, Train: 94.82%, Valid: 42.85%, Test: 41.71%, Time: 57.35395550727844s
Run: 01, Epoch:  14, Loss: 0.5000, Train: 95.17%, Valid: 43.30%, Test: 41.98%, Time: 57.176652908325195s
Run: 01, Epoch:  15, Loss: 0.4894, Train: 95.30%, Valid: 42.67%, Test: 41.05%, Time: 57.43023419380188s
Run: 01, Epoch:  16, Loss: 0.4801, Train: 95.37%, Valid: 42.90%, Test: 41.62%, Time: 57.3056800365448s
Run: 01, Epoch:  17, Loss: 0.4725, Train: 95.60%, Valid: 43.25%, Test: 42.19%, Time: 57.54137206077576s
Run: 01, Epoch:  18, Loss: 0.4608, Train: 95.67%, Valid: 41.44%, Test: 40.37%, Time: 57.653465270996094s
Run: 01, Epoch:  19, Loss: 0.4540, Train: 95.91%, Valid: 41.84%, Test: 40.66%, Time: 57.24413347244263s
Run: 01, Epoch:  20, Loss: 0.4443, Train: 96.17%, Valid: 42.11%, Test: 40.92%, Time: 57.57888436317444s
Run: 01, Epoch:  21, Loss: 0.4406, Train: 96.17%, Valid: 42.27%, Test: 40.94%, Time: 57.621206521987915s
Run: 01, Epoch:  22, Loss: 0.4343, Train: 96.27%, Valid: 42.15%, Test: 41.21%, Time: 57.86591625213623s
Run: 01, Epoch:  23, Loss: 0.4290, Train: 96.38%, Valid: 42.17%, Test: 41.33%, Time: 57.423978328704834s
Run: 01, Epoch:  24, Loss: 0.4255, Train: 96.40%, Valid: 41.46%, Test: 40.56%, Time: 57.576661348342896s
Run: 01, Epoch:  25, Loss: 0.4193, Train: 96.44%, Valid: 41.30%, Test: 40.00%, Time: 57.28674268722534s
Run: 01, Epoch:  26, Loss: 0.4127, Train: 96.70%, Valid: 41.83%, Test: 40.36%, Time: 57.32255744934082s
Run: 01, Epoch:  27, Loss: 0.4076, Train: 96.82%, Valid: 42.01%, Test: 40.73%, Time: 56.998634815216064s
Run: 01, Epoch:  28, Loss: 0.4073, Train: 96.71%, Valid: 41.57%, Test: 40.23%, Time: 57.29941749572754s
Run: 01, Epoch:  29, Loss: 0.4023, Train: 96.92%, Valid: 41.54%, Test: 39.97%, Time: 57.008527994155884s
Run: 01, Epoch:  30, Loss: 0.3996, Train: 96.99%, Valid: 41.07%, Test: 39.71%, Time: 57.78303003311157s
Run: 01, Epoch:  31, Loss: 0.3969, Train: 96.86%, Valid: 41.10%, Test: 39.87%, Time: 57.67001724243164s
Run: 01, Epoch:  32, Loss: 0.3911, Train: 97.00%, Valid: 40.67%, Test: 39.26%, Time: 57.93968892097473s
Run: 01, Epoch:  33, Loss: 0.3908, Train: 97.03%, Valid: 40.79%, Test: 39.08%, Time: 57.33397150039673s
Run: 01, Epoch:  34, Loss: 0.3913, Train: 97.05%, Valid: 41.36%, Test: 40.23%, Time: 57.60106039047241s
Run: 01, Epoch:  35, Loss: 0.3868, Train: 97.06%, Valid: 41.33%, Test: 40.23%, Time: 57.95962643623352s
Run: 01, Epoch:  36, Loss: 0.3803, Train: 97.17%, Valid: 41.00%, Test: 40.06%, Time: 57.900283336639404s
Run: 01, Epoch:  37, Loss: 0.3815, Train: 97.09%, Valid: 40.85%, Test: 39.61%, Time: 58.01480293273926s
Run: 01, Epoch:  38, Loss: 0.3773, Train: 97.11%, Valid: 40.27%, Test: 38.82%, Time: 57.56924247741699s
Run: 01, Epoch:  39, Loss: 0.3759, Train: 97.24%, Valid: 40.83%, Test: 39.46%, Time: 57.6102135181427s
Run: 01, Epoch:  40, Loss: 0.3760, Train: 97.28%, Valid: 40.76%, Test: 39.46%, Time: 57.71037411689758s
Run: 01, Epoch:  41, Loss: 0.3731, Train: 97.33%, Valid: 40.73%, Test: 39.27%, Time: 57.4449405670166s
Run: 01, Epoch:  42, Loss: 0.3712, Train: 97.40%, Valid: 41.20%, Test: 39.75%, Time: 57.96254801750183s
Run: 01, Epoch:  43, Loss: 0.3674, Train: 97.42%, Valid: 40.84%, Test: 39.51%, Time: 57.829097032547s
Run: 01, Epoch:  44, Loss: 0.3684, Train: 97.40%, Valid: 40.56%, Test: 39.16%, Time: 57.565104484558105s
Run: 01, Epoch:  45, Loss: 0.3659, Train: 97.39%, Valid: 41.00%, Test: 39.71%, Time: 57.27169632911682s
Run: 01, Epoch:  46, Loss: 0.3651, Train: 97.50%, Valid: 40.67%, Test: 39.49%, Time: 57.68141984939575s
Run: 01, Epoch:  47, Loss: 0.3645, Train: 97.49%, Valid: 40.40%, Test: 39.06%, Time: 57.418418407440186s
Run: 01, Epoch:  48, Loss: 0.3620, Train: 97.48%, Valid: 40.54%, Test: 39.18%, Time: 57.46270513534546s
Run: 01, Epoch:  49, Loss: 0.3580, Train: 97.55%, Valid: 40.97%, Test: 39.38%, Time: 57.88852095603943s
Run: 01, Epoch:  50, Loss: 0.3604, Train: 97.57%, Valid: 40.24%, Test: 38.78%, Time: 57.747087478637695s
Run: 01, Epoch:  51, Loss: 0.3594, Train: 97.60%, Valid: 40.46%, Test: 39.04%, Time: 58.469704389572144s
Run: 01, Epoch:  52, Loss: 0.3571, Train: 97.69%, Valid: 40.36%, Test: 38.96%, Time: 58.64760899543762s
Run: 01, Epoch:  53, Loss: 0.3577, Train: 97.57%, Valid: 40.07%, Test: 38.69%, Time: 57.50867486000061s
Run: 01, Epoch:  54, Loss: 0.3556, Train: 97.68%, Valid: 40.40%, Test: 39.15%, Time: 57.870912075042725s
Run: 01, Epoch:  55, Loss: 0.3530, Train: 97.60%, Valid: 40.02%, Test: 38.63%, Time: 57.386216163635254s
Run: 01, Epoch:  56, Loss: 0.3540, Train: 97.64%, Valid: 40.55%, Test: 38.95%, Time: 57.56412482261658s
Run: 01, Epoch:  57, Loss: 0.3517, Train: 97.68%, Valid: 40.23%, Test: 38.86%, Time: 56.983989238739014s
Run: 01, Epoch:  58, Loss: 0.3505, Train: 97.60%, Valid: 39.61%, Test: 38.09%, Time: 57.24629807472229s
Run: 01, Epoch:  59, Loss: 0.3528, Train: 97.67%, Valid: 39.91%, Test: 38.44%, Time: 57.16144418716431s
Run: 01, Epoch:  60, Loss: 0.3529, Train: 97.68%, Valid: 39.83%, Test: 38.39%, Time: 58.11198687553406s
Run 01:
Highest Train: 97.69
Highest Valid: 47.43
  Final Train: 76.42
   Final Test: 46.33
Avg_sampling_time: 2.1960292220115663s, Avg_to_time: 4.136397345860799s,  Avg_train_time: 46.099417022864024s
All runs:
Highest Train: 97.69 ± nan
Highest Valid: 47.43 ± nan
  Final Train: 76.42 ± nan
   Final Test: 46.33 ± nan
