Using backend: pytorch
Namespace(batch_size=300, device=0, dropout=0.5, epochs=60, hidden_channels=64, lr=0.005, num_layers=2, runs=1)
Data(
  edge_index_dict={
    ('author', 'affiliated_with', 'institution')=[2, 1043998],
    ('author', 'writes', 'paper')=[2, 7145660],
    ('paper', 'cites', 'paper')=[2, 5416271],
    ('paper', 'has_topic', 'field_of_study')=[2, 7505078]
  },
  edge_reltype={
    ('author', 'affiliated_with', 'institution')=[1043998, 1],
    ('author', 'writes', 'paper')=[7145660, 1],
    ('paper', 'cites', 'paper')=[5416271, 1],
    ('paper', 'has_topic', 'field_of_study')=[7505078, 1]
  },
  node_year={
    paper=[736389, 1]
  },
  num_nodes_dict={
    author=1134649,
    field_of_study=59965,
    institution=8740,
    paper=736389
  },
  x_dict={
    paper=[736389, 128]
  },
  y_dict={
    paper=[736389, 1]
  }
)
Data(edge_attr=[42182144], edge_index=[2, 42182144], local_node_idx=[1939743], node_type=[1939743], train_mask=[1939743], y=[1939743, 1])
Run: 01, Epoch: 01, Loss: 5.0305, Train: 11.97%, Test: 9.17%, Time: 12.6773841381073s
Run: 01, Epoch: 02, Loss: 4.1536, Train: 18.30%, Test: 21.18%, Time: 13.03256607055664s
Run: 01, Epoch: 03, Loss: 3.4808, Train: 23.38%, Test: 24.95%, Time: 12.519888162612915s
Run: 01, Epoch: 04, Loss: 2.8226, Train: 30.33%, Test: 30.85%, Time: 12.357271432876587s
Run: 01, Epoch: 05, Loss: 2.2101, Train: 34.87%, Test: 30.09%, Time: 11.937201976776123s
Run: 01, Epoch: 06, Loss: 1.7097, Train: 40.93%, Test: 33.89%, Time: 12.717655181884766s
Run: 01, Epoch: 07, Loss: 1.3702, Train: 43.17%, Test: 33.10%, Time: 12.2097487449646s
Run: 01, Epoch: 08, Loss: 1.1545, Train: 45.10%, Test: 33.39%, Time: 12.716070652008057s
Run: 01, Epoch: 09, Loss: 1.0160, Train: 46.13%, Test: 33.27%, Time: 10.941701173782349s
Run: 01, Epoch: 10, Loss: 0.9180, Train: 46.47%, Test: 33.78%, Time: 10.823023080825806s
Run: 01, Epoch: 11, Loss: 0.8454, Train: 47.53%, Test: 33.50%, Time: 12.610481023788452s
Run: 01, Epoch: 12, Loss: 0.7832, Train: 48.27%, Test: 33.15%, Time: 12.883297204971313s
Run: 01, Epoch: 13, Loss: 0.7347, Train: 48.37%, Test: 33.19%, Time: 11.920057535171509s
Run: 01, Epoch: 14, Loss: 0.6929, Train: 48.60%, Test: 32.55%, Time: 11.870928764343262s
Run: 01, Epoch: 15, Loss: 0.6562, Train: 48.73%, Test: 32.42%, Time: 11.488543510437012s
Run: 01, Epoch: 16, Loss: 0.6252, Train: 49.02%, Test: 32.97%, Time: 12.187295198440552s
Run: 01, Epoch: 17, Loss: 0.5964, Train: 49.48%, Test: 32.74%, Time: 12.932576656341553s
Run: 01, Epoch: 18, Loss: 0.5707, Train: 49.77%, Test: 32.79%, Time: 12.29230260848999s
Run: 01, Epoch: 19, Loss: 0.5474, Train: 50.19%, Test: 32.99%, Time: 12.19724178314209s
Run: 01, Epoch: 20, Loss: 0.5260, Train: 49.67%, Test: 33.02%, Time: 11.793781757354736s
Run: 01, Epoch: 21, Loss: 0.5098, Train: 50.16%, Test: 32.71%, Time: 12.125246047973633s
Run: 01, Epoch: 22, Loss: 0.4908, Train: 50.09%, Test: 32.65%, Time: 12.622511863708496s
Run: 01, Epoch: 23, Loss: 0.4739, Train: 49.97%, Test: 33.11%, Time: 12.19746470451355s
Run: 01, Epoch: 24, Loss: 0.4591, Train: 50.25%, Test: 33.07%, Time: 11.840255737304688s
Run: 01, Epoch: 25, Loss: 0.4457, Train: 50.18%, Test: 33.00%, Time: 12.391815662384033s
Run: 01, Epoch: 26, Loss: 0.4287, Train: 50.50%, Test: 32.48%, Time: 12.145736455917358s
Run: 01, Epoch: 27, Loss: 0.4191, Train: 50.63%, Test: 32.64%, Time: 12.427426099777222s
Run: 01, Epoch: 28, Loss: 0.4089, Train: 50.57%, Test: 32.67%, Time: 11.609593629837036s
Run: 01, Epoch: 29, Loss: 0.3981, Train: 51.44%, Test: 31.79%, Time: 11.049953937530518s
Run: 01, Epoch: 30, Loss: 0.3883, Train: 50.84%, Test: 32.38%, Time: 11.508947134017944s
Run: 01, Epoch: 31, Loss: 0.3771, Train: 50.94%, Test: 32.63%, Time: 12.497982025146484s
Run: 01, Epoch: 32, Loss: 0.3699, Train: 51.40%, Test: 32.58%, Time: 11.974010944366455s
Run: 01, Epoch: 33, Loss: 0.3620, Train: 50.88%, Test: 32.30%, Time: 12.225761413574219s
Run: 01, Epoch: 34, Loss: 0.3525, Train: 50.65%, Test: 32.30%, Time: 12.045559883117676s
Run: 01, Epoch: 35, Loss: 0.3442, Train: 50.65%, Test: 31.90%, Time: 11.785990238189697s
Run: 01, Epoch: 36, Loss: 0.3370, Train: 51.13%, Test: 32.07%, Time: 12.661279678344727s
Run: 01, Epoch: 37, Loss: 0.3304, Train: 51.26%, Test: 32.40%, Time: 12.217508792877197s
Run: 01, Epoch: 38, Loss: 0.3225, Train: 51.16%, Test: 32.21%, Time: 12.504158735275269s
Run: 01, Epoch: 39, Loss: 0.3187, Train: 50.87%, Test: 31.92%, Time: 11.584479331970215s
Run: 01, Epoch: 40, Loss: 0.3119, Train: 51.02%, Test: 32.08%, Time: 12.183935642242432s
Run: 01, Epoch: 41, Loss: 0.3098, Train: 50.39%, Test: 31.56%, Time: 12.248437404632568s
Run: 01, Epoch: 42, Loss: 0.3028, Train: 51.04%, Test: 31.77%, Time: 12.530559062957764s
Run: 01, Epoch: 43, Loss: 0.2978, Train: 50.98%, Test: 31.40%, Time: 12.277976036071777s
Run: 01, Epoch: 44, Loss: 0.2918, Train: 50.92%, Test: 31.70%, Time: 11.797269105911255s
Run: 01, Epoch: 45, Loss: 0.2879, Train: 51.46%, Test: 31.92%, Time: 12.941750288009644s
Run: 01, Epoch: 46, Loss: 0.2803, Train: 51.08%, Test: 31.94%, Time: 12.187386989593506s
Run: 01, Epoch: 47, Loss: 0.2789, Train: 51.36%, Test: 32.00%, Time: 12.104394435882568s
Run: 01, Epoch: 48, Loss: 0.2729, Train: 51.45%, Test: 32.16%, Time: 11.710290670394897s
Run: 01, Epoch: 49, Loss: 0.2681, Train: 51.35%, Test: 31.95%, Time: 10.909637689590454s
Run: 01, Epoch: 50, Loss: 0.2647, Train: 51.28%, Test: 31.46%, Time: 12.039565086364746s
Run: 01, Epoch: 51, Loss: 0.2614, Train: 51.36%, Test: 31.71%, Time: 12.961352825164795s
Run: 01, Epoch: 52, Loss: 0.2608, Train: 51.48%, Test: 32.12%, Time: 13.150616645812988s
Run: 01, Epoch: 53, Loss: 0.2532, Train: 51.42%, Test: 31.85%, Time: 12.681713342666626s
Run: 01, Epoch: 54, Loss: 0.2512, Train: 51.28%, Test: 31.88%, Time: 11.637938261032104s
Run: 01, Epoch: 55, Loss: 0.2504, Train: 51.48%, Test: 31.84%, Time: 12.325133800506592s
Run: 01, Epoch: 56, Loss: 0.2479, Train: 51.35%, Test: 31.84%, Time: 12.518332958221436s
Run: 01, Epoch: 57, Loss: 0.2429, Train: 51.67%, Test: 31.87%, Time: 12.416208982467651s
Run: 01, Epoch: 58, Loss: 0.2427, Train: 51.17%, Test: 31.79%, Time: 12.412431955337524s
Run: 01, Epoch: 59, Loss: 0.2388, Train: 51.66%, Test: 31.86%, Time: 12.290805578231812s
Run: 01, Epoch: 60, Loss: 0.2355, Train: 51.25%, Test: 31.78%, Time: 12.755748510360718s
Run 01:
Highest Train: 51.67
Highest Valid: 33.22
  Final Train: 46.47
   Final Test: 33.78
Avg_sampling_time: 1.1977922360102335s, Avg_to_time: 0.33806787729263305s,  Avg_train_time: 4.724260111649831s
All runs:
Highest Train: 51.67 ± nan
Highest Valid: 33.22 ± nan
  Final Train: 46.47 ± nan
   Final Test: 33.78 ± nan
