Using backend: pytorch
Namespace(batch_size=19397, device=0, dropout=0.5, epochs=60, hidden_channels=64, lr=0.01, num_layers=2, runs=1)
Data(
  edge_index_dict={
    ('author', 'affiliated_with', 'institution')=[2, 1043998],
    ('author', 'writes', 'paper')=[2, 7145660],
    ('paper', 'cites', 'paper')=[2, 5416271],
    ('paper', 'has_topic', 'field_of_study')=[2, 7505078]
  },
  edge_reltype={
    ('author', 'affiliated_with', 'institution')=[1043998, 1],
    ('author', 'writes', 'paper')=[7145660, 1],
    ('paper', 'cites', 'paper')=[5416271, 1],
    ('paper', 'has_topic', 'field_of_study')=[7505078, 1]
  },
  node_year={
    paper=[736389, 1]
  },
  num_nodes_dict={
    author=1134649,
    field_of_study=59965,
    institution=8740,
    paper=736389
  },
  x_dict={
    paper=[736389, 128]
  },
  y_dict={
    paper=[736389, 1]
  }
)
Run: 01, Epoch:  1, Loss: 3.8242, Train: 43.59%, Valid: 37.80%, Test: 38.44%, Time: 32.21329069137573s
Run: 01, Epoch:  2, Loss: 2.0322, Train: 69.87%, Valid: 44.34%, Test: 43.41%, Time: 28.91844654083252s
Run: 01, Epoch:  3, Loss: 1.3047, Train: 81.87%, Valid: 44.54%, Test: 43.37%, Time: 31.96001672744751s
Run: 01, Epoch:  4, Loss: 0.9367, Train: 87.54%, Valid: 44.17%, Test: 42.94%, Time: 27.194648265838623s
Run: 01, Epoch:  5, Loss: 0.7534, Train: 90.12%, Valid: 43.50%, Test: 42.50%, Time: 33.597100496292114s
Run: 01, Epoch:  6, Loss: 0.6443, Train: 91.90%, Valid: 42.85%, Test: 41.84%, Time: 31.607967376708984s
Run: 01, Epoch:  7, Loss: 0.5696, Train: 93.05%, Valid: 42.96%, Test: 42.02%, Time: 30.91073751449585s
Run: 01, Epoch:  8, Loss: 0.5161, Train: 93.87%, Valid: 42.91%, Test: 41.62%, Time: 32.40710806846619s
Run: 01, Epoch:  9, Loss: 0.4730, Train: 94.60%, Valid: 42.13%, Test: 41.08%, Time: 32.531989097595215s
Run: 01, Epoch:  10, Loss: 0.4425, Train: 95.26%, Valid: 42.11%, Test: 41.09%, Time: 30.64874839782715s
Run: 01, Epoch:  11, Loss: 0.4148, Train: 95.65%, Valid: 41.61%, Test: 40.18%, Time: 32.88871097564697s
Run: 01, Epoch:  12, Loss: 0.3941, Train: 95.98%, Valid: 41.34%, Test: 40.11%, Time: 29.185041666030884s
Run: 01, Epoch:  13, Loss: 0.3767, Train: 96.31%, Valid: 41.37%, Test: 39.97%, Time: 34.06208109855652s
Run: 01, Epoch:  14, Loss: 0.3585, Train: 96.63%, Valid: 41.56%, Test: 40.26%, Time: 32.51571440696716s
Run: 01, Epoch:  15, Loss: 0.3429, Train: 96.93%, Valid: 41.29%, Test: 39.83%, Time: 31.77068281173706s
Run: 01, Epoch:  16, Loss: 0.3324, Train: 97.06%, Valid: 40.98%, Test: 39.88%, Time: 32.99251699447632s
Run: 01, Epoch:  17, Loss: 0.3205, Train: 97.31%, Valid: 41.24%, Test: 39.72%, Time: 33.24099946022034s
Run: 01, Epoch:  18, Loss: 0.3108, Train: 97.42%, Valid: 41.03%, Test: 39.57%, Time: 31.219953060150146s
Run: 01, Epoch:  19, Loss: 0.3009, Train: 97.61%, Valid: 40.92%, Test: 39.44%, Time: 31.645332098007202s
Run: 01, Epoch:  20, Loss: 0.2942, Train: 97.71%, Valid: 40.77%, Test: 39.42%, Time: 29.58704400062561s
Run: 01, Epoch:  21, Loss: 0.2851, Train: 97.76%, Valid: 40.53%, Test: 39.29%, Time: 34.255027532577515s
Run: 01, Epoch:  22, Loss: 0.2800, Train: 97.93%, Valid: 40.68%, Test: 39.48%, Time: 31.70284938812256s
Run: 01, Epoch:  23, Loss: 0.2737, Train: 97.94%, Valid: 40.60%, Test: 39.15%, Time: 32.00075650215149s
Run: 01, Epoch:  24, Loss: 0.2640, Train: 98.11%, Valid: 40.49%, Test: 38.90%, Time: 32.54700946807861s
Run: 01, Epoch:  25, Loss: 0.2611, Train: 98.20%, Valid: 40.22%, Test: 38.70%, Time: 31.855679512023926s
Run: 01, Epoch:  26, Loss: 0.2555, Train: 98.29%, Valid: 40.32%, Test: 38.85%, Time: 31.630808115005493s
Run: 01, Epoch:  27, Loss: 0.2522, Train: 98.32%, Valid: 40.48%, Test: 39.01%, Time: 32.582491397857666s
Run: 01, Epoch:  28, Loss: 0.2470, Train: 98.37%, Valid: 40.32%, Test: 38.84%, Time: 30.91095781326294s
Run: 01, Epoch:  29, Loss: 0.2425, Train: 98.41%, Valid: 40.02%, Test: 38.64%, Time: 32.37208819389343s
Run: 01, Epoch:  30, Loss: 0.2370, Train: 98.49%, Valid: 40.07%, Test: 38.54%, Time: 33.07705616950989s
Run: 01, Epoch:  31, Loss: 0.2353, Train: 98.49%, Valid: 40.39%, Test: 38.90%, Time: 31.630318641662598s
Run: 01, Epoch:  32, Loss: 0.2328, Train: 98.55%, Valid: 40.31%, Test: 38.63%, Time: 32.69985246658325s
Run: 01, Epoch:  33, Loss: 0.2279, Train: 98.66%, Valid: 40.04%, Test: 38.60%, Time: 32.931631565093994s
Run: 01, Epoch:  34, Loss: 0.2233, Train: 98.67%, Valid: 40.23%, Test: 38.60%, Time: 33.90722727775574s
Run: 01, Epoch:  35, Loss: 0.2221, Train: 98.66%, Valid: 39.49%, Test: 37.89%, Time: 34.61542868614197s
Run: 01, Epoch:  36, Loss: 0.2182, Train: 98.76%, Valid: 39.98%, Test: 38.60%, Time: 30.090590000152588s
Run: 01, Epoch:  37, Loss: 0.2152, Train: 98.81%, Valid: 39.91%, Test: 38.26%, Time: 32.79404878616333s
Run: 01, Epoch:  38, Loss: 0.2115, Train: 98.87%, Valid: 40.08%, Test: 38.35%, Time: 31.96266746520996s
Run: 01, Epoch:  39, Loss: 0.2094, Train: 98.83%, Valid: 40.17%, Test: 38.66%, Time: 32.37964606285095s
Run: 01, Epoch:  40, Loss: 0.2071, Train: 98.89%, Valid: 39.76%, Test: 38.26%, Time: 31.64187002182007s
Run: 01, Epoch:  41, Loss: 0.2069, Train: 98.88%, Valid: 40.11%, Test: 38.50%, Time: 33.08383798599243s
Run: 01, Epoch:  42, Loss: 0.2020, Train: 98.93%, Valid: 39.80%, Test: 38.32%, Time: 30.78144359588623s
Run: 01, Epoch:  43, Loss: 0.2017, Train: 98.97%, Valid: 39.93%, Test: 38.48%, Time: 32.01174306869507s
Run: 01, Epoch:  44, Loss: 0.1982, Train: 98.97%, Valid: 39.76%, Test: 38.11%, Time: 29.13304829597473s
Run: 01, Epoch:  45, Loss: 0.1968, Train: 99.01%, Valid: 40.04%, Test: 38.54%, Time: 32.95118451118469s
Run: 01, Epoch:  46, Loss: 0.1932, Train: 99.03%, Valid: 39.68%, Test: 38.36%, Time: 30.42587161064148s
Run: 01, Epoch:  47, Loss: 0.1934, Train: 99.03%, Valid: 39.39%, Test: 38.00%, Time: 32.03405165672302s
Run: 01, Epoch:  48, Loss: 0.1921, Train: 99.09%, Valid: 39.64%, Test: 38.01%, Time: 30.859652996063232s
Run: 01, Epoch:  49, Loss: 0.1889, Train: 99.08%, Valid: 39.45%, Test: 37.91%, Time: 32.555100440979004s
Run: 01, Epoch:  50, Loss: 0.1878, Train: 99.10%, Valid: 39.65%, Test: 38.02%, Time: 29.22327709197998s
Run: 01, Epoch:  51, Loss: 0.1842, Train: 99.09%, Valid: 39.61%, Test: 38.13%, Time: 30.525667905807495s
Run: 01, Epoch:  52, Loss: 0.1849, Train: 99.09%, Valid: 39.89%, Test: 38.14%, Time: 29.051177501678467s
Run: 01, Epoch:  53, Loss: 0.1836, Train: 99.16%, Valid: 39.62%, Test: 37.94%, Time: 32.98465657234192s
Run: 01, Epoch:  54, Loss: 0.1795, Train: 99.20%, Valid: 39.70%, Test: 37.97%, Time: 31.117867469787598s
Run: 01, Epoch:  55, Loss: 0.1804, Train: 99.19%, Valid: 39.72%, Test: 37.98%, Time: 33.80764317512512s
Run: 01, Epoch:  56, Loss: 0.1798, Train: 99.24%, Valid: 39.46%, Test: 37.78%, Time: 31.648003816604614s
Run: 01, Epoch:  57, Loss: 0.1791, Train: 99.17%, Valid: 39.57%, Test: 38.03%, Time: 32.86785936355591s
Run: 01, Epoch:  58, Loss: 0.1765, Train: 99.19%, Valid: 39.31%, Test: 37.61%, Time: 31.366517782211304s
Run: 01, Epoch:  59, Loss: 0.1757, Train: 99.25%, Valid: 39.44%, Test: 37.85%, Time: 32.38416647911072s
Run: 01, Epoch:  60, Loss: 0.1744, Train: 99.18%, Valid: 39.41%, Test: 37.68%, Time: 29.028759241104126s
Run 01:
Highest Train: 99.25
Highest Valid: 44.54
  Final Train: 81.87
   Final Test: 43.37
Avg_sampling_time: 8.284537394841513s, Avg_to_time: 3.355222515265147s,  Avg_train_time: 13.38446759780248s
All runs:
Highest Train: 99.25 ± nan
Highest Valid: 44.54 ± nan
  Final Train: 81.87 ± nan
   Final Test: 43.37 ± nan
