Using backend: pytorch
Namespace(batch_size=58192, device=0, dropout=0.5, epochs=60, hidden_channels=64, lr=0.005, num_layers=2, num_steps=30, runs=1, walk_length=2)
Data(
  edge_index_dict={
    ('author', 'affiliated_with', 'institution')=[2, 1043998],
    ('author', 'writes', 'paper')=[2, 7145660],
    ('paper', 'cites', 'paper')=[2, 5416271],
    ('paper', 'has_topic', 'field_of_study')=[2, 7505078]
  },
  edge_reltype={
    ('author', 'affiliated_with', 'institution')=[1043998, 1],
    ('author', 'writes', 'paper')=[7145660, 1],
    ('paper', 'cites', 'paper')=[5416271, 1],
    ('paper', 'has_topic', 'field_of_study')=[7505078, 1]
  },
  node_year={
    paper=[736389, 1]
  },
  num_nodes_dict={
    author=1134649,
    field_of_study=59965,
    institution=8740,
    paper=736389
  },
  x_dict={
    paper=[736389, 128]
  },
  y_dict={
    paper=[736389, 1]
  }
)
Data(edge_attr=[42182144], edge_index=[2, 42182144], local_node_idx=[1939743], node_type=[1939743], train_mask=[1939743], y=[1939743, 1])
Run: 01, Epoch:  1, Loss: 4.4889, Train: 25.52%, Valid: 23.42%, Test: 25.68%, Time: 31.69449520111084s
Run: 01, Epoch:  2, Loss: 3.0318, Train: 44.52%, Valid: 37.40%, Test: 38.19%, Time: 31.953505992889404s
Run: 01, Epoch:  3, Loss: 2.4203, Train: 57.96%, Valid: 42.91%, Test: 42.72%, Time: 32.4745135307312s
Run: 01, Epoch:  4, Loss: 2.1006, Train: 67.02%, Valid: 45.22%, Test: 45.30%, Time: 32.15018844604492s
Run: 01, Epoch:  5, Loss: 1.9080, Train: 72.72%, Valid: 46.35%, Test: 45.97%, Time: 34.66396164894104s
Run: 01, Epoch:  6, Loss: 1.7801, Train: 75.79%, Valid: 47.37%, Test: 46.51%, Time: 32.25866150856018s
Run: 01, Epoch:  7, Loss: 1.6932, Train: 78.23%, Valid: 46.74%, Test: 45.71%, Time: 32.06269383430481s
Run: 01, Epoch:  8, Loss: 1.6330, Train: 79.61%, Valid: 48.70%, Test: 47.88%, Time: 30.159350872039795s
Run: 01, Epoch:  9, Loss: 1.5863, Train: 81.06%, Valid: 48.03%, Test: 47.16%, Time: 35.760005950927734s
Run: 01, Epoch:  10, Loss: 1.5376, Train: 82.51%, Valid: 47.85%, Test: 46.99%, Time: 32.83206367492676s
Run: 01, Epoch:  11, Loss: 1.5019, Train: 83.01%, Valid: 49.03%, Test: 48.03%, Time: 32.261929512023926s
Run: 01, Epoch:  12, Loss: 1.4756, Train: 83.61%, Valid: 49.08%, Test: 47.93%, Time: 32.47650098800659s
Run: 01, Epoch:  13, Loss: 1.4514, Train: 84.44%, Valid: 47.93%, Test: 47.11%, Time: 31.469724655151367s
Run: 01, Epoch:  14, Loss: 1.4308, Train: 85.33%, Valid: 48.27%, Test: 47.07%, Time: 32.65557312965393s
Run: 01, Epoch:  15, Loss: 1.4082, Train: 85.57%, Valid: 48.30%, Test: 47.51%, Time: 28.633407831192017s
Run: 01, Epoch:  16, Loss: 1.3985, Train: 86.14%, Valid: 48.84%, Test: 48.07%, Time: 32.84699034690857s
Run: 01, Epoch:  17, Loss: 1.3782, Train: 86.29%, Valid: 48.43%, Test: 47.44%, Time: 32.01743292808533s
Run: 01, Epoch:  18, Loss: 1.3664, Train: 86.52%, Valid: 48.68%, Test: 47.77%, Time: 32.462525844573975s
Run: 01, Epoch:  19, Loss: 1.3523, Train: 86.92%, Valid: 48.12%, Test: 47.15%, Time: 31.675559759140015s
Run: 01, Epoch:  20, Loss: 1.3410, Train: 87.32%, Valid: 48.78%, Test: 47.98%, Time: 32.316086530685425s
Run: 01, Epoch:  21, Loss: 1.3338, Train: 87.66%, Valid: 48.84%, Test: 48.14%, Time: 33.24191117286682s
Run: 01, Epoch:  22, Loss: 1.3215, Train: 87.82%, Valid: 48.74%, Test: 47.74%, Time: 28.457325220108032s
Run: 01, Epoch:  23, Loss: 1.3143, Train: 88.21%, Valid: 48.68%, Test: 47.53%, Time: 32.415844440460205s
Run: 01, Epoch:  24, Loss: 1.3070, Train: 88.28%, Valid: 48.46%, Test: 47.57%, Time: 31.770548105239868s
Run: 01, Epoch:  25, Loss: 1.2952, Train: 88.70%, Valid: 48.66%, Test: 47.60%, Time: 34.41633200645447s
Run: 01, Epoch:  26, Loss: 1.2861, Train: 88.71%, Valid: 48.37%, Test: 47.68%, Time: 32.115110635757446s
Run: 01, Epoch:  27, Loss: 1.2806, Train: 89.06%, Valid: 48.81%, Test: 47.99%, Time: 32.29481816291809s
Run: 01, Epoch:  28, Loss: 1.2755, Train: 89.08%, Valid: 48.35%, Test: 47.50%, Time: 33.57552671432495s
Run: 01, Epoch:  29, Loss: 1.2619, Train: 89.35%, Valid: 48.06%, Test: 47.45%, Time: 30.917845487594604s
Run: 01, Epoch:  30, Loss: 1.2584, Train: 89.58%, Valid: 48.57%, Test: 47.47%, Time: 31.292240381240845s
Run: 01, Epoch:  31, Loss: 1.2490, Train: 89.66%, Valid: 48.10%, Test: 47.34%, Time: 30.894165754318237s
Run: 01, Epoch:  32, Loss: 1.2469, Train: 89.80%, Valid: 48.28%, Test: 47.59%, Time: 31.730427026748657s
Run: 01, Epoch:  33, Loss: 1.2370, Train: 90.01%, Valid: 48.06%, Test: 47.32%, Time: 31.083224534988403s
Run: 01, Epoch:  34, Loss: 1.2342, Train: 90.11%, Valid: 48.41%, Test: 47.64%, Time: 32.74153995513916s
Run: 01, Epoch:  35, Loss: 1.2277, Train: 90.32%, Valid: 48.65%, Test: 47.68%, Time: 31.81009554862976s
Run: 01, Epoch:  36, Loss: 1.2225, Train: 90.55%, Valid: 48.35%, Test: 47.67%, Time: 32.07926535606384s
Run: 01, Epoch:  37, Loss: 1.2168, Train: 90.44%, Valid: 48.02%, Test: 47.06%, Time: 30.524913787841797s
Run: 01, Epoch:  38, Loss: 1.2127, Train: 90.70%, Valid: 48.23%, Test: 47.49%, Time: 34.19054818153381s
Run: 01, Epoch:  39, Loss: 1.2098, Train: 90.72%, Valid: 47.98%, Test: 47.02%, Time: 31.895498752593994s
Run: 01, Epoch:  40, Loss: 1.2059, Train: 90.85%, Valid: 47.90%, Test: 46.93%, Time: 32.521324157714844s
Run: 01, Epoch:  41, Loss: 1.2054, Train: 91.04%, Valid: 47.69%, Test: 46.64%, Time: 32.97876024246216s
Run: 01, Epoch:  42, Loss: 1.1967, Train: 91.19%, Valid: 48.19%, Test: 47.21%, Time: 32.61412072181702s
Run: 01, Epoch:  43, Loss: 1.1923, Train: 91.19%, Valid: 48.25%, Test: 47.17%, Time: 34.13072395324707s
Run: 01, Epoch:  44, Loss: 1.1897, Train: 91.26%, Valid: 47.50%, Test: 46.43%, Time: 28.421502351760864s
Run: 01, Epoch:  45, Loss: 1.1840, Train: 91.37%, Valid: 47.93%, Test: 47.02%, Time: 32.651561975479126s
Run: 01, Epoch:  46, Loss: 1.1809, Train: 91.43%, Valid: 48.12%, Test: 46.93%, Time: 31.023496627807617s
Run: 01, Epoch:  47, Loss: 1.1821, Train: 91.47%, Valid: 47.69%, Test: 46.89%, Time: 32.112192153930664s
Run: 01, Epoch:  48, Loss: 1.1747, Train: 91.60%, Valid: 47.71%, Test: 46.66%, Time: 31.584840536117554s
Run: 01, Epoch:  49, Loss: 1.1722, Train: 91.73%, Valid: 47.88%, Test: 46.79%, Time: 32.63421559333801s
Run: 01, Epoch:  50, Loss: 1.1702, Train: 91.85%, Valid: 48.14%, Test: 47.03%, Time: 31.031585693359375s
Run: 01, Epoch:  51, Loss: 1.1691, Train: 91.91%, Valid: 47.87%, Test: 46.78%, Time: 30.769546270370483s
Run: 01, Epoch:  52, Loss: 1.1600, Train: 91.99%, Valid: 47.74%, Test: 46.49%, Time: 29.826555490493774s
Run: 01, Epoch:  53, Loss: 1.1594, Train: 91.98%, Valid: 48.05%, Test: 47.01%, Time: 33.019436836242676s
Run: 01, Epoch:  54, Loss: 1.1560, Train: 92.20%, Valid: 47.69%, Test: 46.67%, Time: 31.678911924362183s
Run: 01, Epoch:  55, Loss: 1.1511, Train: 92.16%, Valid: 47.69%, Test: 46.58%, Time: 32.476359605789185s
Run: 01, Epoch:  56, Loss: 1.1497, Train: 92.32%, Valid: 48.21%, Test: 47.21%, Time: 34.84413552284241s
Run: 01, Epoch:  57, Loss: 1.1445, Train: 92.53%, Valid: 48.00%, Test: 46.86%, Time: 31.952519178390503s
Run: 01, Epoch:  58, Loss: 1.1461, Train: 92.36%, Valid: 47.67%, Test: 46.67%, Time: 32.48861312866211s
Run: 01, Epoch:  59, Loss: 1.1427, Train: 92.60%, Valid: 47.60%, Test: 46.57%, Time: 28.945146799087524s
Run: 01, Epoch:  60, Loss: 1.1417, Train: 92.54%, Valid: 47.82%, Test: 46.75%, Time: 33.86452031135559s
Run 01:
Highest Train: 92.60
Highest Valid: 49.08
  Final Train: 83.61
   Final Test: 47.93
Avg_sampling_time: 12.746422068277996s, Avg_to_time: 0.5111780842145284s,  Avg_train_time: 13.766377317905427s
All runs:
Highest Train: 92.60 ± nan
Highest Valid: 49.08 ± nan
  Final Train: 83.61 ± nan
   Final Test: 47.93 ± nan
