nohup: ignoring input
Using backend: pytorch
Namespace(batch_size=969, device=0, dropout=0.5, epochs=60, hidden_channels=64, lr=0.01, num_layers=2, runs=1)
Data(
  edge_index_dict={
    ('author', 'affiliated_with', 'institution')=[2, 1043998],
    ('author', 'writes', 'paper')=[2, 7145660],
    ('paper', 'cites', 'paper')=[2, 5416271],
    ('paper', 'has_topic', 'field_of_study')=[2, 7505078]
  },
  edge_reltype={
    ('author', 'affiliated_with', 'institution')=[1043998, 1],
    ('author', 'writes', 'paper')=[7145660, 1],
    ('paper', 'cites', 'paper')=[5416271, 1],
    ('paper', 'has_topic', 'field_of_study')=[7505078, 1]
  },
  node_year={
    paper=[736389, 1]
  },
  num_nodes_dict={
    author=1134649,
    field_of_study=59965,
    institution=8740,
    paper=736389
  },
  x_dict={
    paper=[736389, 128]
  },
  y_dict={
    paper=[736389, 1]
  }
)
batch nums:  650
Run: 01, Epoch:  1, Loss: 2.4170, Train: 60.13%, Valid: 47.12%, Test: 46.61%, Time: 88.2256383895874s
Run: 01, Epoch:  2, Loss: 1.7042, Train: 72.60%, Valid: 47.78%, Test: 46.66%, Time: 88.64951658248901s
Run: 01, Epoch:  3, Loss: 1.3634, Train: 79.79%, Valid: 47.71%, Test: 46.60%, Time: 89.42576384544373s
Run: 01, Epoch:  4, Loss: 1.1480, Train: 83.86%, Valid: 45.44%, Test: 44.21%, Time: 89.98355150222778s
Run: 01, Epoch:  5, Loss: 1.0112, Train: 86.29%, Valid: 45.19%, Test: 43.92%, Time: 89.80221581459045s
Run: 01, Epoch:  6, Loss: 0.9176, Train: 88.37%, Valid: 46.11%, Test: 44.83%, Time: 89.83622980117798s
Run: 01, Epoch:  7, Loss: 0.8506, Train: 89.54%, Valid: 44.87%, Test: 43.57%, Time: 89.62026596069336s
Run: 01, Epoch:  8, Loss: 0.8028, Train: 90.48%, Valid: 44.40%, Test: 42.83%, Time: 87.85658001899719s
Run: 01, Epoch:  9, Loss: 0.7682, Train: 91.03%, Valid: 44.27%, Test: 43.08%, Time: 89.38064885139465s
Run: 01, Epoch:  10, Loss: 0.7357, Train: 91.63%, Valid: 44.03%, Test: 42.72%, Time: 88.72736716270447s
Run: 01, Epoch:  11, Loss: 0.7111, Train: 92.03%, Valid: 44.21%, Test: 42.89%, Time: 88.8167815208435s
Run: 01, Epoch:  12, Loss: 0.6894, Train: 92.38%, Valid: 43.16%, Test: 41.99%, Time: 88.35615372657776s
Run: 01, Epoch:  13, Loss: 0.6698, Train: 92.65%, Valid: 43.06%, Test: 41.99%, Time: 86.26002383232117s
Run: 01, Epoch:  14, Loss: 0.6570, Train: 93.00%, Valid: 42.89%, Test: 41.84%, Time: 88.51246070861816s
Run: 01, Epoch:  15, Loss: 0.6435, Train: 93.14%, Valid: 43.57%, Test: 42.14%, Time: 89.11321711540222s
Run: 01, Epoch:  16, Loss: 0.6297, Train: 93.55%, Valid: 43.22%, Test: 42.11%, Time: 88.91002798080444s
Run: 01, Epoch:  17, Loss: 0.6219, Train: 93.64%, Valid: 43.19%, Test: 41.68%, Time: 88.72490692138672s
Run: 01, Epoch:  18, Loss: 0.6093, Train: 93.91%, Valid: 42.57%, Test: 41.52%, Time: 88.88120889663696s
Run: 01, Epoch:  19, Loss: 0.6032, Train: 93.85%, Valid: 42.54%, Test: 41.15%, Time: 89.72023463249207s
Run: 01, Epoch:  20, Loss: 0.5932, Train: 94.03%, Valid: 42.26%, Test: 41.00%, Time: 88.8013608455658s
Run: 01, Epoch:  21, Loss: 0.5898, Train: 94.17%, Valid: 42.09%, Test: 40.71%, Time: 88.99642443656921s
Run: 01, Epoch:  22, Loss: 0.5858, Train: 94.18%, Valid: 42.17%, Test: 41.03%, Time: 89.24258351325989s
Run: 01, Epoch:  23, Loss: 0.5771, Train: 94.38%, Valid: 41.85%, Test: 40.75%, Time: 88.79210352897644s
Run: 01, Epoch:  24, Loss: 0.5749, Train: 94.61%, Valid: 41.73%, Test: 40.24%, Time: 89.97821593284607s
Run: 01, Epoch:  25, Loss: 0.5650, Train: 94.55%, Valid: 41.68%, Test: 40.44%, Time: 87.95505785942078s
Run: 01, Epoch:  26, Loss: 0.5597, Train: 94.61%, Valid: 41.72%, Test: 40.62%, Time: 88.4776303768158s
Run: 01, Epoch:  27, Loss: 0.5573, Train: 94.89%, Valid: 41.44%, Test: 40.22%, Time: 88.07422518730164s
Run: 01, Epoch:  28, Loss: 0.5569, Train: 94.96%, Valid: 41.94%, Test: 40.62%, Time: 88.42792892456055s
Run: 01, Epoch:  29, Loss: 0.5500, Train: 95.09%, Valid: 42.03%, Test: 40.81%, Time: 88.74843144416809s
Run: 01, Epoch:  30, Loss: 0.5500, Train: 95.04%, Valid: 41.36%, Test: 40.56%, Time: 89.93920183181763s
Run: 01, Epoch:  31, Loss: 0.5481, Train: 95.02%, Valid: 41.42%, Test: 40.34%, Time: 89.39405083656311s
Run: 01, Epoch:  32, Loss: 0.5421, Train: 95.27%, Valid: 41.81%, Test: 40.51%, Time: 89.83584666252136s
Run: 01, Epoch:  33, Loss: 0.5388, Train: 95.18%, Valid: 42.18%, Test: 41.12%, Time: 87.39868831634521s
Run: 01, Epoch:  34, Loss: 0.5405, Train: 95.33%, Valid: 41.48%, Test: 40.50%, Time: 88.71161127090454s
Run: 01, Epoch:  35, Loss: 0.5378, Train: 95.28%, Valid: 40.81%, Test: 39.96%, Time: 88.66536593437195s
Run: 01, Epoch:  36, Loss: 0.5340, Train: 95.27%, Valid: 41.38%, Test: 40.23%, Time: 88.64957070350647s
Run: 01, Epoch:  37, Loss: 0.5319, Train: 95.39%, Valid: 41.43%, Test: 40.32%, Time: 88.45236992835999s
Run: 01, Epoch:  38, Loss: 0.5322, Train: 95.48%, Valid: 41.64%, Test: 40.40%, Time: 88.42111277580261s
Run: 01, Epoch:  39, Loss: 0.5319, Train: 95.60%, Valid: 41.19%, Test: 39.55%, Time: 88.41939306259155s
Run: 01, Epoch:  40, Loss: 0.5267, Train: 95.39%, Valid: 41.01%, Test: 40.03%, Time: 88.37303423881531s
Run: 01, Epoch:  41, Loss: 0.5271, Train: 95.46%, Valid: 40.68%, Test: 39.36%, Time: 88.89070844650269s
Run: 01, Epoch:  42, Loss: 0.5230, Train: 95.65%, Valid: 40.73%, Test: 39.92%, Time: 88.41886138916016s
Run: 01, Epoch:  43, Loss: 0.5240, Train: 95.62%, Valid: 40.69%, Test: 39.47%, Time: 87.89258241653442s
Run: 01, Epoch:  44, Loss: 0.5231, Train: 95.62%, Valid: 40.96%, Test: 39.51%, Time: 88.63878035545349s
Run: 01, Epoch:  45, Loss: 0.5207, Train: 95.72%, Valid: 41.52%, Test: 40.51%, Time: 89.66029214859009s
Run: 01, Epoch:  46, Loss: 0.5201, Train: 95.82%, Valid: 41.05%, Test: 40.03%, Time: 88.60577416419983s
Run: 01, Epoch:  47, Loss: 0.5188, Train: 95.82%, Valid: 40.85%, Test: 39.33%, Time: 88.23466396331787s
Run: 01, Epoch:  48, Loss: 0.5175, Train: 95.70%, Valid: 40.37%, Test: 39.12%, Time: 88.95016360282898s
Run: 01, Epoch:  49, Loss: 0.5195, Train: 95.74%, Valid: 40.66%, Test: 39.34%, Time: 87.62122225761414s
Run: 01, Epoch:  50, Loss: 0.5174, Train: 95.93%, Valid: 40.77%, Test: 39.46%, Time: 88.3791151046753s
Run: 01, Epoch:  51, Loss: 0.5169, Train: 95.94%, Valid: 40.70%, Test: 39.27%, Time: 87.97002291679382s
Run: 01, Epoch:  52, Loss: 0.5167, Train: 95.89%, Valid: 40.64%, Test: 39.47%, Time: 88.35998773574829s
Run: 01, Epoch:  53, Loss: 0.5172, Train: 96.02%, Valid: 39.95%, Test: 38.65%, Time: 89.45412492752075s
Run: 01, Epoch:  54, Loss: 0.5162, Train: 95.89%, Valid: 40.61%, Test: 39.20%, Time: 88.64765667915344s
Run: 01, Epoch:  55, Loss: 0.5137, Train: 95.72%, Valid: 40.44%, Test: 39.20%, Time: 88.63296246528625s
Run: 01, Epoch:  56, Loss: 0.5155, Train: 95.93%, Valid: 40.36%, Test: 39.13%, Time: 88.50792002677917s
Run: 01, Epoch:  57, Loss: 0.5120, Train: 95.79%, Valid: 40.22%, Test: 38.92%, Time: 88.11292266845703s
Run: 01, Epoch:  58, Loss: 0.5106, Train: 95.97%, Valid: 39.92%, Test: 38.68%, Time: 88.49004602432251s
Run: 01, Epoch:  59, Loss: 0.5111, Train: 95.95%, Valid: 39.30%, Test: 37.90%, Time: 88.350821018219s
Run: 01, Epoch:  60, Loss: 0.5097, Train: 96.04%, Valid: 40.23%, Test: 38.60%, Time: 87.97775340080261s
Run 01:
Highest Train: 96.04
Highest Valid: 47.78
  Final Train: 72.60
   Final Test: 46.66
Avg_sampling_time: 2.7786811113357546s, Avg_to_time: 4.826178546746572s,  Avg_train_time: 75.97716708580653s
All runs:
Highest Train: 96.04 ± nan
Highest Valid: 47.78 ± nan
  Final Train: 72.60 ± nan
   Final Test: 46.66 ± nan
