Using backend: pytorch
Namespace(batch_size=1000, device=0, dropout=0.5, epochs=60, hidden_channels=64, lr=0.005, num_layers=2, runs=1)
Data(
  edge_index_dict={
    ('author', 'affiliated_with', 'institution')=[2, 1043998],
    ('author', 'writes', 'paper')=[2, 7145660],
    ('paper', 'cites', 'paper')=[2, 5416271],
    ('paper', 'has_topic', 'field_of_study')=[2, 7505078]
  },
  edge_reltype={
    ('author', 'affiliated_with', 'institution')=[1043998, 1],
    ('author', 'writes', 'paper')=[7145660, 1],
    ('paper', 'cites', 'paper')=[5416271, 1],
    ('paper', 'has_topic', 'field_of_study')=[7505078, 1]
  },
  node_year={
    paper=[736389, 1]
  },
  num_nodes_dict={
    author=1134649,
    field_of_study=59965,
    institution=8740,
    paper=736389
  },
  x_dict={
    paper=[736389, 128]
  },
  y_dict={
    paper=[736389, 1]
  }
)
Data(edge_attr=[42182144], edge_index=[2, 42182144], local_node_idx=[1939743], node_type=[1939743], train_mask=[1939743], y=[1939743, 1])
Run: 01, Epoch: 01, Loss: 5.4773, Train: 4.65%, Test: 3.37%, Time: 13.172279834747314s
Run: 01, Epoch: 02, Loss: 4.8642, Train: 13.03%, Test: 10.93%, Time: 13.058716773986816s
Run: 01, Epoch: 03, Loss: 4.4958, Train: 13.26%, Test: 11.64%, Time: 13.907878160476685s
Run: 01, Epoch: 04, Loss: 4.1649, Train: 15.43%, Test: 16.94%, Time: 13.065399885177612s
Run: 01, Epoch: 05, Loss: 3.8678, Train: 18.15%, Test: 21.50%, Time: 13.990808248519897s
Run: 01, Epoch: 06, Loss: 3.5623, Train: 21.13%, Test: 24.31%, Time: 15.501512050628662s
Run: 01, Epoch: 07, Loss: 3.2667, Train: 23.78%, Test: 26.42%, Time: 15.905298709869385s
Run: 01, Epoch: 08, Loss: 2.9565, Train: 25.95%, Test: 27.80%, Time: 15.037591934204102s
Run: 01, Epoch: 09, Loss: 2.6644, Train: 27.54%, Test: 26.94%, Time: 14.396694660186768s
Run: 01, Epoch: 10, Loss: 2.3840, Train: 31.04%, Test: 29.71%, Time: 14.826930284500122s
Run: 01, Epoch: 11, Loss: 2.1185, Train: 33.37%, Test: 29.39%, Time: 16.125260591506958s
Run: 01, Epoch: 12, Loss: 1.8833, Train: 34.56%, Test: 30.74%, Time: 14.61952543258667s
Run: 01, Epoch: 13, Loss: 1.6780, Train: 36.79%, Test: 29.76%, Time: 15.165494441986084s
Run: 01, Epoch: 14, Loss: 1.5072, Train: 38.66%, Test: 31.96%, Time: 15.34924864768982s
Run: 01, Epoch: 15, Loss: 1.3640, Train: 39.59%, Test: 30.70%, Time: 14.998424768447876s
Run: 01, Epoch: 16, Loss: 1.2504, Train: 41.59%, Test: 31.26%, Time: 13.981267213821411s
Run: 01, Epoch: 17, Loss: 1.1523, Train: 42.61%, Test: 31.25%, Time: 15.072733163833618s
Run: 01, Epoch: 18, Loss: 1.0691, Train: 43.05%, Test: 31.27%, Time: 15.006799697875977s
Run: 01, Epoch: 19, Loss: 1.0011, Train: 44.03%, Test: 31.20%, Time: 13.7878577709198s
Run: 01, Epoch: 20, Loss: 0.9425, Train: 44.29%, Test: 31.62%, Time: 12.831142902374268s
Run: 01, Epoch: 21, Loss: 0.8937, Train: 45.46%, Test: 31.81%, Time: 15.019687414169312s
Run: 01, Epoch: 22, Loss: 0.8550, Train: 45.95%, Test: 31.62%, Time: 15.02323865890503s
Run: 01, Epoch: 23, Loss: 0.8183, Train: 45.87%, Test: 31.46%, Time: 14.763219833374023s
Run: 01, Epoch: 24, Loss: 0.7836, Train: 46.53%, Test: 31.44%, Time: 14.85049557685852s
Run: 01, Epoch: 25, Loss: 0.7548, Train: 47.78%, Test: 31.94%, Time: 14.957851648330688s
Run: 01, Epoch: 26, Loss: 0.7285, Train: 47.26%, Test: 30.99%, Time: 15.312367677688599s
Run: 01, Epoch: 27, Loss: 0.7016, Train: 47.57%, Test: 31.71%, Time: 16.018017768859863s
Run: 01, Epoch: 28, Loss: 0.6812, Train: 48.50%, Test: 31.95%, Time: 14.492307662963867s
Run: 01, Epoch: 29, Loss: 0.6597, Train: 48.67%, Test: 31.99%, Time: 15.478545427322388s
Run: 01, Epoch: 30, Loss: 0.6389, Train: 48.45%, Test: 31.46%, Time: 15.31515884399414s
Run: 01, Epoch: 31, Loss: 0.6218, Train: 48.53%, Test: 31.49%, Time: 14.169747352600098s
Run: 01, Epoch: 32, Loss: 0.6033, Train: 49.36%, Test: 32.13%, Time: 14.567936658859253s
Run: 01, Epoch: 33, Loss: 0.5869, Train: 49.77%, Test: 31.52%, Time: 15.038645267486572s
Run: 01, Epoch: 34, Loss: 0.5717, Train: 49.31%, Test: 31.49%, Time: 15.205024480819702s
Run: 01, Epoch: 35, Loss: 0.5556, Train: 49.52%, Test: 31.53%, Time: 13.512525081634521s
Run: 01, Epoch: 36, Loss: 0.5464, Train: 49.84%, Test: 31.21%, Time: 14.22543716430664s
Run: 01, Epoch: 37, Loss: 0.5314, Train: 50.21%, Test: 31.79%, Time: 15.000301122665405s
Run: 01, Epoch: 38, Loss: 0.5183, Train: 50.38%, Test: 31.61%, Time: 14.686306476593018s
Run: 01, Epoch: 39, Loss: 0.5083, Train: 50.13%, Test: 31.43%, Time: 14.414396524429321s
Run: 01, Epoch: 40, Loss: 0.4972, Train: 50.43%, Test: 31.70%, Time: 13.947862386703491s
Run: 01, Epoch: 41, Loss: 0.4867, Train: 50.32%, Test: 31.44%, Time: 15.499508619308472s
Run: 01, Epoch: 42, Loss: 0.4767, Train: 50.34%, Test: 31.44%, Time: 15.226380109786987s
Run: 01, Epoch: 43, Loss: 0.4654, Train: 50.63%, Test: 31.17%, Time: 14.110092163085938s
Run: 01, Epoch: 44, Loss: 0.4577, Train: 51.12%, Test: 31.46%, Time: 14.682199239730835s
Run: 01, Epoch: 45, Loss: 0.4492, Train: 50.69%, Test: 31.31%, Time: 15.548388242721558s
Run: 01, Epoch: 46, Loss: 0.4397, Train: 50.73%, Test: 30.81%, Time: 15.496529817581177s
Run: 01, Epoch: 47, Loss: 0.4341, Train: 50.71%, Test: 30.91%, Time: 14.913885354995728s
Run: 01, Epoch: 48, Loss: 0.4236, Train: 51.37%, Test: 31.01%, Time: 15.496696472167969s
Run: 01, Epoch: 49, Loss: 0.4185, Train: 51.15%, Test: 30.93%, Time: 14.623829364776611s
Run: 01, Epoch: 50, Loss: 0.4116, Train: 50.89%, Test: 30.72%, Time: 14.938178062438965s
Run: 01, Epoch: 51, Loss: 0.4027, Train: 51.34%, Test: 31.17%, Time: 13.22138786315918s
Run: 01, Epoch: 52, Loss: 0.3976, Train: 51.41%, Test: 31.12%, Time: 13.86221981048584s
Run: 01, Epoch: 53, Loss: 0.3908, Train: 51.14%, Test: 30.82%, Time: 14.65988564491272s
Run: 01, Epoch: 54, Loss: 0.3875, Train: 51.26%, Test: 31.01%, Time: 15.150806903839111s
Run: 01, Epoch: 55, Loss: 0.3785, Train: 51.45%, Test: 30.62%, Time: 14.003155708312988s
Run: 01, Epoch: 56, Loss: 0.3712, Train: 51.67%, Test: 30.97%, Time: 14.647679567337036s
Run: 01, Epoch: 57, Loss: 0.3673, Train: 51.27%, Test: 30.52%, Time: 14.636181592941284s
Run: 01, Epoch: 58, Loss: 0.3621, Train: 51.50%, Test: 30.64%, Time: 15.005157709121704s
Run: 01, Epoch: 59, Loss: 0.3575, Train: 51.34%, Test: 30.39%, Time: 14.316801309585571s
Run: 01, Epoch: 60, Loss: 0.3520, Train: 51.51%, Test: 30.68%, Time: 16.006670475006104s
Run 01:
Highest Train: 51.67
Highest Valid: 32.09
  Final Train: 49.36
   Final Test: 32.13
Avg_sampling_time: 3.6870995203653973s, Avg_to_time: 0.4120910882949829s,  Avg_train_time: 4.329148650169373s
All runs:
Highest Train: 51.67 ± nan
Highest Valid: 32.09 ± nan
  Final Train: 49.36 ± nan
   Final Test: 32.13 ± nan
