Using backend: pytorch
Namespace(batch_size=58192, device=0, dropout=0.5, epochs=60, hidden_channels=64, lr=0.01, num_layers=2, runs=1)
Data(
  edge_index_dict={
    ('author', 'affiliated_with', 'institution')=[2, 1043998],
    ('author', 'writes', 'paper')=[2, 7145660],
    ('paper', 'cites', 'paper')=[2, 5416271],
    ('paper', 'has_topic', 'field_of_study')=[2, 7505078]
  },
  edge_reltype={
    ('author', 'affiliated_with', 'institution')=[1043998, 1],
    ('author', 'writes', 'paper')=[7145660, 1],
    ('paper', 'cites', 'paper')=[5416271, 1],
    ('paper', 'has_topic', 'field_of_study')=[7505078, 1]
  },
  node_year={
    paper=[736389, 1]
  },
  num_nodes_dict={
    author=1134649,
    field_of_study=59965,
    institution=8740,
    paper=736389
  },
  x_dict={
    paper=[736389, 128]
  },
  y_dict={
    paper=[736389, 1]
  }
)
Run: 01, Epoch:  1, Loss: 4.8766, Train: 17.75%, Valid: 11.85%, Test: 14.33%, Time: 29.21355628967285s
Run: 01, Epoch:  2, Loss: 3.4113, Train: 41.81%, Valid: 34.57%, Test: 35.70%, Time: 29.840837955474854s
Run: 01, Epoch:  3, Loss: 2.3188, Train: 60.73%, Valid: 40.34%, Test: 39.74%, Time: 28.519153356552124s
Run: 01, Epoch:  4, Loss: 1.6231, Train: 74.09%, Valid: 41.20%, Test: 40.30%, Time: 29.89764976501465s
Run: 01, Epoch:  5, Loss: 1.1752, Train: 81.52%, Valid: 42.21%, Test: 41.51%, Time: 27.848593711853027s
Run: 01, Epoch:  6, Loss: 0.9081, Train: 86.23%, Valid: 41.74%, Test: 40.77%, Time: 29.390172958374023s
Run: 01, Epoch:  7, Loss: 0.7509, Train: 88.80%, Valid: 42.11%, Test: 41.30%, Time: 26.025427103042603s
Run: 01, Epoch:  8, Loss: 0.6529, Train: 90.48%, Valid: 41.89%, Test: 40.94%, Time: 28.698543787002563s
Run: 01, Epoch:  9, Loss: 0.5836, Train: 91.70%, Valid: 41.48%, Test: 40.81%, Time: 29.670269012451172s
Run: 01, Epoch:  10, Loss: 0.5329, Train: 92.64%, Valid: 41.98%, Test: 41.13%, Time: 29.094571828842163s
Run: 01, Epoch:  11, Loss: 0.4930, Train: 93.36%, Valid: 41.67%, Test: 40.74%, Time: 29.852612733840942s
Run: 01, Epoch:  12, Loss: 0.4611, Train: 94.00%, Valid: 41.44%, Test: 40.56%, Time: 28.60358452796936s
Run: 01, Epoch:  13, Loss: 0.4339, Train: 94.49%, Valid: 41.05%, Test: 40.13%, Time: 29.75432538986206s
Run: 01, Epoch:  14, Loss: 0.4128, Train: 94.93%, Valid: 41.32%, Test: 40.40%, Time: 28.702958822250366s
Run: 01, Epoch:  15, Loss: 0.3927, Train: 95.29%, Valid: 41.36%, Test: 40.35%, Time: 29.88213849067688s
Run: 01, Epoch:  16, Loss: 0.3773, Train: 95.61%, Valid: 41.16%, Test: 40.41%, Time: 26.424941778182983s
Run: 01, Epoch:  17, Loss: 0.3616, Train: 95.91%, Valid: 41.13%, Test: 40.35%, Time: 29.43595004081726s
Run: 01, Epoch:  18, Loss: 0.3468, Train: 96.21%, Valid: 40.83%, Test: 39.91%, Time: 28.3479642868042s
Run: 01, Epoch:  19, Loss: 0.3330, Train: 96.48%, Valid: 40.97%, Test: 39.95%, Time: 29.85994052886963s
Run: 01, Epoch:  20, Loss: 0.3258, Train: 96.66%, Valid: 40.50%, Test: 39.69%, Time: 28.234580278396606s
Run: 01, Epoch:  21, Loss: 0.3158, Train: 96.87%, Valid: 40.72%, Test: 39.72%, Time: 29.799171209335327s
Run: 01, Epoch:  22, Loss: 0.3065, Train: 97.08%, Valid: 40.56%, Test: 39.55%, Time: 29.815994024276733s
Run: 01, Epoch:  23, Loss: 0.2955, Train: 97.23%, Valid: 40.46%, Test: 39.35%, Time: 30.978928327560425s
Run: 01, Epoch:  24, Loss: 0.2891, Train: 97.38%, Valid: 40.36%, Test: 39.19%, Time: 28.352540731430054s
Run: 01, Epoch:  25, Loss: 0.2821, Train: 97.50%, Valid: 40.52%, Test: 39.55%, Time: 30.44735884666443s
Run: 01, Epoch:  26, Loss: 0.2757, Train: 97.66%, Valid: 40.68%, Test: 39.57%, Time: 30.344364643096924s
Run: 01, Epoch:  27, Loss: 0.2697, Train: 97.73%, Valid: 40.52%, Test: 39.39%, Time: 28.68456244468689s
Run: 01, Epoch:  28, Loss: 0.2629, Train: 97.86%, Valid: 40.14%, Test: 39.07%, Time: 30.70699191093445s
Run: 01, Epoch:  29, Loss: 0.2582, Train: 97.95%, Valid: 40.03%, Test: 38.80%, Time: 29.0823712348938s
Run: 01, Epoch:  30, Loss: 0.2553, Train: 98.03%, Valid: 39.91%, Test: 38.71%, Time: 30.211063385009766s
Run: 01, Epoch:  31, Loss: 0.2490, Train: 98.11%, Valid: 40.15%, Test: 38.99%, Time: 28.805031299591064s
Run: 01, Epoch:  32, Loss: 0.2436, Train: 98.14%, Valid: 39.90%, Test: 38.48%, Time: 30.52759099006653s
Run: 01, Epoch:  33, Loss: 0.2398, Train: 98.27%, Valid: 40.17%, Test: 39.00%, Time: 27.724658489227295s
Run: 01, Epoch:  34, Loss: 0.2349, Train: 98.31%, Valid: 40.18%, Test: 38.88%, Time: 30.5993595123291s
Run: 01, Epoch:  35, Loss: 0.2339, Train: 98.33%, Valid: 40.05%, Test: 38.81%, Time: 28.393715858459473s
Run: 01, Epoch:  36, Loss: 0.2270, Train: 98.46%, Valid: 39.78%, Test: 38.49%, Time: 29.634234189987183s
Run: 01, Epoch:  37, Loss: 0.2243, Train: 98.47%, Valid: 39.82%, Test: 38.37%, Time: 28.11045789718628s
Run: 01, Epoch:  38, Loss: 0.2184, Train: 98.51%, Valid: 39.56%, Test: 38.39%, Time: 29.619980096817017s
Run: 01, Epoch:  39, Loss: 0.2159, Train: 98.61%, Valid: 39.59%, Test: 38.32%, Time: 28.740715503692627s
Run: 01, Epoch:  40, Loss: 0.2111, Train: 98.64%, Valid: 39.63%, Test: 38.26%, Time: 30.716227769851685s
Run: 01, Epoch:  41, Loss: 0.2106, Train: 98.68%, Valid: 39.63%, Test: 38.27%, Time: 27.184678316116333s
Run: 01, Epoch:  42, Loss: 0.2071, Train: 98.73%, Valid: 39.40%, Test: 38.08%, Time: 29.254801034927368s
Run: 01, Epoch:  43, Loss: 0.2031, Train: 98.75%, Valid: 39.46%, Test: 38.26%, Time: 30.269927978515625s
Run: 01, Epoch:  44, Loss: 0.2014, Train: 98.79%, Valid: 39.57%, Test: 38.10%, Time: 29.09287405014038s
Run: 01, Epoch:  45, Loss: 0.1989, Train: 98.82%, Valid: 39.86%, Test: 38.39%, Time: 29.035964488983154s
Run: 01, Epoch:  46, Loss: 0.1964, Train: 98.87%, Valid: 39.56%, Test: 38.25%, Time: 28.349267721176147s
Run: 01, Epoch:  47, Loss: 0.1949, Train: 98.87%, Valid: 39.50%, Test: 38.15%, Time: 30.29154086112976s
Run: 01, Epoch:  48, Loss: 0.1923, Train: 98.93%, Valid: 39.62%, Test: 38.15%, Time: 28.906373977661133s
Run: 01, Epoch:  49, Loss: 0.1893, Train: 98.97%, Valid: 39.66%, Test: 38.18%, Time: 29.965708255767822s
Run: 01, Epoch:  50, Loss: 0.1861, Train: 99.01%, Valid: 39.41%, Test: 37.94%, Time: 27.48491644859314s
Run: 01, Epoch:  51, Loss: 0.1852, Train: 99.00%, Valid: 39.31%, Test: 37.90%, Time: 30.31204628944397s
Run: 01, Epoch:  52, Loss: 0.1812, Train: 99.03%, Valid: 39.35%, Test: 37.88%, Time: 30.590162992477417s
Run: 01, Epoch:  53, Loss: 0.1806, Train: 99.06%, Valid: 39.24%, Test: 37.70%, Time: 28.52023959159851s
Run: 01, Epoch:  54, Loss: 0.1795, Train: 99.03%, Valid: 39.42%, Test: 38.04%, Time: 30.53534460067749s
Run: 01, Epoch:  55, Loss: 0.1776, Train: 99.10%, Valid: 39.04%, Test: 37.65%, Time: 28.491440773010254s
Run: 01, Epoch:  56, Loss: 0.1738, Train: 99.09%, Valid: 39.24%, Test: 37.91%, Time: 30.3469557762146s
Run: 01, Epoch:  57, Loss: 0.1726, Train: 99.15%, Valid: 39.30%, Test: 37.91%, Time: 28.254968643188477s
Run: 01, Epoch:  58, Loss: 0.1712, Train: 99.14%, Valid: 39.26%, Test: 37.89%, Time: 30.45673894882202s
Run: 01, Epoch:  59, Loss: 0.1712, Train: 99.17%, Valid: 39.35%, Test: 37.92%, Time: 25.61560869216919s
Run: 01, Epoch:  60, Loss: 0.1672, Train: 99.18%, Valid: 39.09%, Test: 37.78%, Time: 26.111091136932373s
Run 01:
Highest Train: 99.18
Highest Valid: 42.21
  Final Train: 81.52
   Final Test: 41.51
Avg_sampling_time: 11.57005056142807s, Avg_to_time: 2.3103848973910015s,  Avg_train_time: 8.511902749538422s
All runs:
Highest Train: 99.18 ± nan
Highest Valid: 42.21 ± nan
  Final Train: 81.52 ± nan
   Final Test: 41.51 ± nan
