Using backend: pytorch
Namespace(batch_size=450, device=1, dropout=0.5, epochs=60, eval_steps=5, hidden_channels=256, log_steps=1, lr=0.001, num_layers=3, num_partitions=15000, num_workers=12, runs=1)
Run: 01, Epoch: 01, Loss: 2.2130, Train: 69.34%, Valid: 68.78% Test: 54.06% Time: 244.62941336631775s
Run: 01, Epoch: 02, Loss: 1.0736, Train: 81.80%, Valid: 81.36% Test: 65.23% Time: 232.3479151725769s
Run: 01, Epoch: 03, Loss: 0.7905, Train: 86.23%, Valid: 85.61% Test: 69.38% Time: 235.09345293045044s
Run: 01, Epoch: 04, Loss: 0.6707, Train: 87.40%, Valid: 86.80% Test: 70.57% Time: 232.44379711151123s
Run: 01, Epoch: 05, Loss: 0.6107, Train: 87.84%, Valid: 87.53% Test: 72.15% Time: 237.65352392196655s
Run: 01, Epoch: 06, Loss: 0.5742, Train: 88.49%, Valid: 88.12% Test: 72.20% Time: 229.51509380340576s
Run: 01, Epoch: 07, Loss: 0.5336, Train: 88.84%, Valid: 88.43% Test: 73.09% Time: 226.42113614082336s
Run: 01, Epoch: 08, Loss: 0.5115, Train: 89.31%, Valid: 88.84% Test: 73.77% Time: 232.69807171821594s
Run: 01, Epoch: 09, Loss: 0.4877, Train: 89.31%, Valid: 89.07% Test: 73.80% Time: 234.43234777450562s
Run: 01, Epoch: 10, Loss: 0.4695, Train: 89.66%, Valid: 89.27% Test: 73.99% Time: 237.66089606285095s
Run: 01, Epoch: 11, Loss: 0.4487, Train: 89.81%, Valid: 89.49% Test: 74.68% Time: 238.7450728416443s
Run: 01, Epoch: 12, Loss: 0.4431, Train: 90.23%, Valid: 89.74% Test: 74.87% Time: 239.66496467590332s
Run: 01, Epoch: 13, Loss: 0.4228, Train: 90.45%, Valid: 89.78% Test: 75.21% Time: 237.12781929969788s
Run: 01, Epoch: 14, Loss: 0.4116, Train: 90.67%, Valid: 90.17% Test: 75.71% Time: 232.6323959827423s
Run: 01, Epoch: 15, Loss: 0.3986, Train: 90.81%, Valid: 90.28% Test: 76.01% Time: 230.74224066734314s
Run: 01, Epoch: 16, Loss: 0.3894, Train: 91.03%, Valid: 90.31% Test: 76.12% Time: 240.57832407951355s
Run: 01, Epoch: 17, Loss: 0.3803, Train: 90.90%, Valid: 90.34% Test: 77.36% Time: 243.01635122299194s
Run: 01, Epoch: 18, Loss: 0.3754, Train: 91.26%, Valid: 90.48% Test: 76.73% Time: 238.26608681678772s
Run: 01, Epoch: 19, Loss: 0.3699, Train: 91.22%, Valid: 90.53% Test: 76.56% Time: 245.81564354896545s
Run: 01, Epoch: 20, Loss: 0.3565, Train: 91.43%, Valid: 90.64% Test: 77.26% Time: 241.93271040916443s
Run: 01, Epoch: 21, Loss: 0.3488, Train: 91.49%, Valid: 90.72% Test: 77.60% Time: 236.50524020195007s
Run: 01, Epoch: 22, Loss: 0.3432, Train: 91.63%, Valid: 90.95% Test: 77.92% Time: 233.57641339302063s
Run: 01, Epoch: 23, Loss: 0.3356, Train: 91.63%, Valid: 91.00% Test: 78.15% Time: 243.08332443237305s
Run: 01, Epoch: 24, Loss: 0.3320, Train: 91.82%, Valid: 91.04% Test: 78.82% Time: 239.96907210350037s
Run: 01, Epoch: 25, Loss: 0.3250, Train: 91.91%, Valid: 91.00% Test: 79.13% Time: 241.9416663646698s
Run: 01, Epoch: 26, Loss: 0.3235, Train: 91.94%, Valid: 91.28% Test: 78.86% Time: 239.6757435798645s
Run: 01, Epoch: 27, Loss: 0.3169, Train: 92.26%, Valid: 91.31% Test: 79.12% Time: 233.85604166984558s
Run: 01, Epoch: 28, Loss: 0.3119, Train: 92.16%, Valid: 91.17% Test: 79.24% Time: 232.33548498153687s
Run: 01, Epoch: 29, Loss: 0.3079, Train: 92.21%, Valid: 91.39% Test: 78.92% Time: 233.91844820976257s
Run: 01, Epoch: 30, Loss: 0.3043, Train: 92.35%, Valid: 91.40% Test: 79.49% Time: 232.64576148986816s
Run: 01, Epoch: 31, Loss: 0.2983, Train: 92.31%, Valid: 91.38% Test: 79.42% Time: 231.51383709907532s
Run: 01, Epoch: 32, Loss: 0.2951, Train: 92.43%, Valid: 91.39% Test: 79.03% Time: 239.4197232723236s
Run: 01, Epoch: 33, Loss: 0.2910, Train: 92.63%, Valid: 91.28% Test: 79.30% Time: 236.0426299571991s
Run: 01, Epoch: 34, Loss: 0.2906, Train: 92.14%, Valid: 91.09% Test: 79.66% Time: 232.78115010261536s
Run: 01, Epoch: 35, Loss: 0.2878, Train: 92.40%, Valid: 91.39% Test: 80.05% Time: 230.3059117794037s
Run: 01, Epoch: 36, Loss: 0.2813, Train: 92.64%, Valid: 91.41% Test: 79.92% Time: 229.2026298046112s
Run: 01, Epoch: 37, Loss: 0.2777, Train: 92.73%, Valid: 91.70% Test: 79.56% Time: 227.87917184829712s
Run: 01, Epoch: 38, Loss: 0.2740, Train: 92.64%, Valid: 91.61% Test: 79.55% Time: 233.04069685935974s
Run: 01, Epoch: 39, Loss: 0.2704, Train: 92.83%, Valid: 91.75% Test: 80.20% Time: 231.74715113639832s
Run: 01, Epoch: 40, Loss: 0.2676, Train: 92.85%, Valid: 91.71% Test: 78.81% Time: 233.3658902645111s
Run: 01, Epoch: 41, Loss: 0.2644, Train: 92.89%, Valid: 91.76% Test: 80.44% Time: 229.85036492347717s
Run: 01, Epoch: 42, Loss: 0.2627, Train: 92.98%, Valid: 91.63% Test: 79.61% Time: 235.22114157676697s
Run: 01, Epoch: 43, Loss: 0.2617, Train: 92.92%, Valid: 91.55% Test: 79.30% Time: 231.29344964027405s
Run: 01, Epoch: 44, Loss: 0.2595, Train: 92.84%, Valid: 91.59% Test: 79.72% Time: 232.18000745773315s
Run: 01, Epoch: 45, Loss: 0.2625, Train: 92.84%, Valid: 91.69% Test: 80.00% Time: 232.38936281204224s
Run: 01, Epoch: 46, Loss: 0.2558, Train: 93.10%, Valid: 91.72% Test: 80.24% Time: 231.68927884101868s
Run: 01, Epoch: 47, Loss: 0.2531, Train: 93.02%, Valid: 91.72% Test: 80.32% Time: 231.22591638565063s
Run: 01, Epoch: 48, Loss: 0.2514, Train: 93.30%, Valid: 92.03% Test: 80.70% Time: 240.97352027893066s
Run: 01, Epoch: 49, Loss: 0.2486, Train: 93.11%, Valid: 91.80% Test: 79.76% Time: 229.49266839027405s
Run: 01, Epoch: 50, Loss: 0.2451, Train: 93.26%, Valid: 91.74% Test: 80.66% Time: 225.31897568702698s
Run: 01, Epoch: 51, Loss: 0.2476, Train: 93.16%, Valid: 91.77% Test: 80.53% Time: 217.14523196220398s
Run: 01, Epoch: 52, Loss: 0.2430, Train: 93.16%, Valid: 91.80% Test: 80.67% Time: 214.6685755252838s
Run: 01, Epoch: 53, Loss: 0.2387, Train: 93.43%, Valid: 92.05% Test: 80.42% Time: 223.7481734752655s
Run: 01, Epoch: 54, Loss: 0.2370, Train: 93.41%, Valid: 92.03% Test: 80.54% Time: 226.05013346672058s
Run: 01, Epoch: 55, Loss: 0.2355, Train: 93.27%, Valid: 91.85% Test: 79.99% Time: 223.90255761146545s
Run: 01, Epoch: 56, Loss: 0.2342, Train: 93.32%, Valid: 91.81% Test: 79.88% Time: 222.7663037776947s
Run: 01, Epoch: 57, Loss: 0.2349, Train: 93.38%, Valid: 91.87% Test: 80.37% Time: 224.82652759552002s
Run: 01, Epoch: 58, Loss: 0.2356, Train: 93.29%, Valid: 91.82% Test: 79.94% Time: 217.81229948997498s
Run: 01, Epoch: 59, Loss: 0.2298, Train: 93.23%, Valid: 91.75% Test: 80.72% Time: 223.62282800674438s
Run: 01, Epoch: 60, Loss: 0.2299, Train: 93.50%, Valid: 91.92% Test: 80.56% Time: 220.3182816505432s
Run 01:
Highest Train: 93.50
Highest Valid: 92.05
  Final Train: 93.43
   Final Test: 80.42
Avg_sampling_time: 1.5879972298940024s, Avg_to_time: 1.348668877283732s,  Avg_train_time: 8.650743281841278s
All runs:
Highest Train: 93.50 ± nan
Highest Valid: 92.05 ± nan
  Final Train: 93.43 ± nan
   Final Test: 80.42 ± nan
