Using backend: pytorch
Namespace(batch_size=12245, device=1, dropout=0.5, epochs=60, eval_steps=2, hidden_channels=256, inductive=False, log_steps=1, lr=0.01, num_layers=3, num_steps=30, runs=1, walk_length=3)
Run: 01, Epoch: 01, Loss: 1.3602, Train: 85.93%, Valid: 85.61% Test: 69.53% Time: 143.10095286369324s
Run: 01, Epoch: 02, Loss: 0.5650, Train: 88.86%, Valid: 88.49% Test: 72.99% Time: 141.72250199317932s
Run: 01, Epoch: 03, Loss: 0.4796, Train: 89.75%, Valid: 89.21% Test: 75.44% Time: 137.15434765815735s
Run: 01, Epoch: 04, Loss: 0.4525, Train: 90.27%, Valid: 89.69% Test: 76.29% Time: 136.26283288002014s
Run: 01, Epoch: 05, Loss: 0.4320, Train: 90.53%, Valid: 90.10% Test: 76.99% Time: 138.85434770584106s
Run: 01, Epoch: 06, Loss: 0.4160, Train: 90.73%, Valid: 90.29% Test: 77.68% Time: 142.44342041015625s
Run: 01, Epoch: 07, Loss: 0.4003, Train: 91.05%, Valid: 90.35% Test: 77.80% Time: 146.05929231643677s
Run: 01, Epoch: 08, Loss: 0.3986, Train: 91.24%, Valid: 90.49% Test: 78.41% Time: 134.3428430557251s
Run: 01, Epoch: 09, Loss: 0.3878, Train: 91.46%, Valid: 90.63% Test: 78.53% Time: 141.45823287963867s
Run: 01, Epoch: 10, Loss: 0.3806, Train: 91.54%, Valid: 90.88% Test: 78.53% Time: 146.94083714485168s
Run: 01, Epoch: 11, Loss: 0.3776, Train: 91.57%, Valid: 90.89% Test: 79.03% Time: 131.20736718177795s
Run: 01, Epoch: 12, Loss: 0.3737, Train: 91.62%, Valid: 90.92% Test: 78.51% Time: 127.9606499671936s
Run: 01, Epoch: 13, Loss: 0.3747, Train: 91.84%, Valid: 90.90% Test: 78.63% Time: 132.54641103744507s
Run: 01, Epoch: 14, Loss: 0.3707, Train: 91.90%, Valid: 91.04% Test: 78.67% Time: 132.97574162483215s
Run: 01, Epoch: 15, Loss: 0.3660, Train: 92.06%, Valid: 91.07% Test: 78.54% Time: 130.10739183425903s
Run: 01, Epoch: 16, Loss: 0.3647, Train: 91.95%, Valid: 91.11% Test: 79.23% Time: 134.02763152122498s
Run: 01, Epoch: 17, Loss: 0.3602, Train: 92.01%, Valid: 91.10% Test: 78.92% Time: 142.58059215545654s
Run: 01, Epoch: 18, Loss: 0.3650, Train: 92.01%, Valid: 91.07% Test: 78.87% Time: 131.35758352279663s
Run: 01, Epoch: 19, Loss: 0.3645, Train: 92.11%, Valid: 91.12% Test: 78.83% Time: 136.1715054512024s
Run: 01, Epoch: 20, Loss: 0.3598, Train: 92.18%, Valid: 91.23% Test: 78.84% Time: 135.78034019470215s
Run: 01, Epoch: 21, Loss: 0.3543, Train: 92.25%, Valid: 91.39% Test: 78.75% Time: 139.72835183143616s
Run: 01, Epoch: 22, Loss: 0.3537, Train: 92.32%, Valid: 91.38% Test: 78.98% Time: 129.52160835266113s
Run: 01, Epoch: 23, Loss: 0.3540, Train: 92.23%, Valid: 91.34% Test: 78.64% Time: 135.86628580093384s
Run: 01, Epoch: 24, Loss: 0.3519, Train: 92.37%, Valid: 91.25% Test: 78.42% Time: 147.07059454917908s
Run: 01, Epoch: 25, Loss: 0.3561, Train: 92.35%, Valid: 91.31% Test: 79.02% Time: 144.3335680961609s
Run: 01, Epoch: 26, Loss: 0.3520, Train: 92.42%, Valid: 91.30% Test: 78.62% Time: 134.27341318130493s
Run: 01, Epoch: 27, Loss: 0.3559, Train: 92.31%, Valid: 91.30% Test: 78.28% Time: 134.63827347755432s
Run: 01, Epoch: 28, Loss: 0.3537, Train: 92.42%, Valid: 91.25% Test: 78.71% Time: 133.82560396194458s
Run: 01, Epoch: 29, Loss: 0.3494, Train: 92.36%, Valid: 91.35% Test: 79.22% Time: 148.75164413452148s
Run: 01, Epoch: 30, Loss: 0.3530, Train: 92.51%, Valid: 91.54% Test: 78.90% Time: 139.60922980308533s
Run: 01, Epoch: 31, Loss: 0.3507, Train: 92.60%, Valid: 91.51% Test: 78.15% Time: 142.08637690544128s
Run: 01, Epoch: 32, Loss: 0.3518, Train: 92.41%, Valid: 91.37% Test: 78.78% Time: 131.78038477897644s
Run: 01, Epoch: 33, Loss: 0.3492, Train: 92.42%, Valid: 91.45% Test: 79.07% Time: 133.95062613487244s
Run: 01, Epoch: 34, Loss: 0.3492, Train: 92.39%, Valid: 91.49% Test: 78.44% Time: 136.06354761123657s
Run: 01, Epoch: 35, Loss: 0.3521, Train: 92.45%, Valid: 91.39% Test: 78.30% Time: 135.30529952049255s
Run: 01, Epoch: 36, Loss: 0.3435, Train: 92.59%, Valid: 91.51% Test: 78.67% Time: 132.93080115318298s
Run: 01, Epoch: 37, Loss: 0.3461, Train: 92.42%, Valid: 91.41% Test: 78.59% Time: 138.3621962070465s
Run: 01, Epoch: 38, Loss: 0.3491, Train: 92.48%, Valid: 91.39% Test: 78.05% Time: 138.04700136184692s
Run: 01, Epoch: 39, Loss: 0.3498, Train: 92.62%, Valid: 91.54% Test: 79.13% Time: 130.99306058883667s
Run: 01, Epoch: 40, Loss: 0.3520, Train: 92.40%, Valid: 91.41% Test: 78.21% Time: 136.2103362083435s
Run: 01, Epoch: 41, Loss: 0.3436, Train: 92.53%, Valid: 91.49% Test: 79.07% Time: 144.35897994041443s
Run: 01, Epoch: 42, Loss: 0.3449, Train: 92.67%, Valid: 91.66% Test: 78.96% Time: 143.7367160320282s
Run: 01, Epoch: 43, Loss: 0.3476, Train: 92.63%, Valid: 91.59% Test: 78.51% Time: 136.5678780078888s
Run: 01, Epoch: 44, Loss: 0.3451, Train: 92.56%, Valid: 91.37% Test: 78.31% Time: 140.8567910194397s
Run: 01, Epoch: 45, Loss: 0.3430, Train: 92.57%, Valid: 91.44% Test: 78.48% Time: 141.70797848701477s
Run: 01, Epoch: 46, Loss: 0.3491, Train: 92.64%, Valid: 91.49% Test: 79.02% Time: 138.3121120929718s
Run: 01, Epoch: 47, Loss: 0.3459, Train: 92.60%, Valid: 91.43% Test: 78.68% Time: 129.22756481170654s
Run: 01, Epoch: 48, Loss: 0.3428, Train: 92.35%, Valid: 91.28% Test: 78.81% Time: 135.60869765281677s
Run: 01, Epoch: 49, Loss: 0.3410, Train: 92.63%, Valid: 91.43% Test: 78.48% Time: 137.35179448127747s
Run: 01, Epoch: 50, Loss: 0.3442, Train: 92.57%, Valid: 91.41% Test: 77.78% Time: 132.94298315048218s
Run: 01, Epoch: 51, Loss: 0.3460, Train: 92.59%, Valid: 91.51% Test: 78.40% Time: 130.23257160186768s
Run: 01, Epoch: 52, Loss: 0.3456, Train: 92.60%, Valid: 91.40% Test: 78.10% Time: 134.3952877521515s
Run: 01, Epoch: 53, Loss: 0.3427, Train: 92.65%, Valid: 91.55% Test: 78.91% Time: 146.78876781463623s
Run: 01, Epoch: 54, Loss: 0.3437, Train: 92.75%, Valid: 91.56% Test: 78.30% Time: 134.76633143424988s
Run: 01, Epoch: 55, Loss: 0.3431, Train: 92.61%, Valid: 91.49% Test: 78.89% Time: 131.32802414894104s
Run: 01, Epoch: 56, Loss: 0.3445, Train: 92.79%, Valid: 91.61% Test: 78.39% Time: 140.206778049469s
Run: 01, Epoch: 57, Loss: 0.3396, Train: 92.84%, Valid: 91.63% Test: 78.56% Time: 139.26148438453674s
Run: 01, Epoch: 58, Loss: 0.3390, Train: 92.71%, Valid: 91.58% Test: 78.78% Time: 135.02093124389648s
Run: 01, Epoch: 59, Loss: 0.3391, Train: 92.82%, Valid: 91.51% Test: 78.57% Time: 135.28035616874695s
Run: 01, Epoch: 60, Loss: 0.3432, Train: 92.76%, Valid: 91.58% Test: 78.65% Time: 128.51651573181152s
Run 01:
Highest Train: 92.84
Highest Valid: 91.66
  Final Train: 92.67
   Final Test: 78.96
Avg_sampling_time: 6.384043649832408s, Avg_to_time: 0.1624820351600647s,  Avg_train_time: 2.283661460876465s
All runs:
Highest Train: 92.84 ± nan
Highest Valid: 91.66 ± nan
  Final Train: 92.67 ± nan
   Final Test: 78.96 ± nan
