Using backend: pytorch
Namespace(batch_size=2449, device=1, dropout=0.5, epochs=60, eval_steps=2, hidden_channels=256, inductive=False, log_steps=1, lr=0.01, num_layers=3, num_steps=30, runs=1, walk_length=3)
Run: 01, Epoch: 01, Loss: 1.6432, Train: 83.70%, Valid: 83.20% Test: 66.34% Time: 138.17302179336548s
Run: 01, Epoch: 02, Loss: 0.8484, Train: 86.58%, Valid: 86.21% Test: 70.01% Time: 140.25320672988892s
Run: 01, Epoch: 03, Loss: 0.7580, Train: 87.36%, Valid: 87.24% Test: 71.69% Time: 138.23443269729614s
Run: 01, Epoch: 04, Loss: 0.7121, Train: 88.08%, Valid: 87.82% Test: 72.08% Time: 141.04696822166443s
Run: 01, Epoch: 05, Loss: 0.6891, Train: 88.39%, Valid: 88.30% Test: 72.18% Time: 142.61931490898132s
Run: 01, Epoch: 06, Loss: 0.6672, Train: 88.64%, Valid: 88.34% Test: 73.05% Time: 138.06914019584656s
Run: 01, Epoch: 07, Loss: 0.6489, Train: 88.65%, Valid: 88.31% Test: 73.23% Time: 135.7122983932495s
Run: 01, Epoch: 08, Loss: 0.6308, Train: 89.16%, Valid: 88.74% Test: 73.81% Time: 145.45119094848633s
Run: 01, Epoch: 09, Loss: 0.6462, Train: 89.09%, Valid: 88.79% Test: 72.95% Time: 142.631854057312s
Run: 01, Epoch: 10, Loss: 0.6503, Train: 88.94%, Valid: 88.57% Test: 73.19% Time: 145.25394463539124s
Run: 01, Epoch: 11, Loss: 0.6424, Train: 89.06%, Valid: 88.85% Test: 74.20% Time: 139.31725692749023s
Run: 01, Epoch: 12, Loss: 0.6541, Train: 89.06%, Valid: 88.67% Test: 73.75% Time: 138.21999979019165s
Run: 01, Epoch: 13, Loss: 0.6536, Train: 89.00%, Valid: 88.73% Test: 72.80% Time: 134.553640127182s
Run: 01, Epoch: 14, Loss: 0.6498, Train: 89.26%, Valid: 88.81% Test: 74.87% Time: 149.8948061466217s
Run: 01, Epoch: 15, Loss: 0.6335, Train: 89.26%, Valid: 88.89% Test: 74.05% Time: 139.36684226989746s
Run: 01, Epoch: 16, Loss: 0.6386, Train: 89.60%, Valid: 89.22% Test: 74.24% Time: 143.67395329475403s
Run: 01, Epoch: 17, Loss: 0.6489, Train: 89.24%, Valid: 89.00% Test: 74.56% Time: 140.36558890342712s
Run: 01, Epoch: 18, Loss: 0.6507, Train: 89.27%, Valid: 88.99% Test: 73.91% Time: 144.71275663375854s
Run: 01, Epoch: 19, Loss: 0.6382, Train: 89.26%, Valid: 88.93% Test: 74.50% Time: 144.21512150764465s
Run: 01, Epoch: 20, Loss: 0.6809, Train: 89.52%, Valid: 89.06% Test: 74.48% Time: 148.88353824615479s
Run: 01, Epoch: 21, Loss: 0.6550, Train: 89.41%, Valid: 89.20% Test: 74.70% Time: 149.53667402267456s
Run: 01, Epoch: 22, Loss: 0.6478, Train: 89.52%, Valid: 89.00% Test: 75.23% Time: 144.69330143928528s
Run: 01, Epoch: 23, Loss: 0.6599, Train: 89.54%, Valid: 89.12% Test: 74.40% Time: 145.1094331741333s
Run: 01, Epoch: 24, Loss: 0.6904, Train: 89.11%, Valid: 88.77% Test: 73.60% Time: 142.161034822464s
Run: 01, Epoch: 25, Loss: 0.7123, Train: 89.45%, Valid: 88.98% Test: 74.28% Time: 144.4720630645752s
Run: 01, Epoch: 26, Loss: 0.6816, Train: 89.33%, Valid: 89.02% Test: 73.69% Time: 144.97853875160217s
Run: 01, Epoch: 27, Loss: 0.7438, Train: 89.31%, Valid: 88.98% Test: 73.81% Time: 143.90022706985474s
Run: 01, Epoch: 28, Loss: 0.6831, Train: 89.52%, Valid: 89.14% Test: 73.70% Time: 145.67241644859314s
Run: 01, Epoch: 29, Loss: 0.6542, Train: 89.21%, Valid: 88.83% Test: 73.71% Time: 144.67459774017334s
Run: 01, Epoch: 30, Loss: 0.6802, Train: 89.37%, Valid: 89.00% Test: 73.60% Time: 143.0599880218506s
Run: 01, Epoch: 31, Loss: 0.6637, Train: 89.38%, Valid: 88.89% Test: 73.51% Time: 135.33529615402222s
Run: 01, Epoch: 32, Loss: 0.6748, Train: 89.63%, Valid: 89.35% Test: 75.03% Time: 141.28758096694946s
Run: 01, Epoch: 33, Loss: 0.6660, Train: 89.61%, Valid: 89.16% Test: 73.72% Time: 148.62460255622864s
Run: 01, Epoch: 34, Loss: 0.6720, Train: 89.43%, Valid: 89.07% Test: 74.02% Time: 141.4961142539978s
Run: 01, Epoch: 35, Loss: 0.7029, Train: 89.20%, Valid: 88.89% Test: 73.30% Time: 144.63316345214844s
Run: 01, Epoch: 36, Loss: 0.6786, Train: 89.60%, Valid: 89.29% Test: 73.26% Time: 131.98174285888672s
Run: 01, Epoch: 37, Loss: 0.6562, Train: 89.61%, Valid: 89.39% Test: 74.18% Time: 147.52006268501282s
Run: 01, Epoch: 38, Loss: 0.6442, Train: 89.86%, Valid: 89.51% Test: 74.89% Time: 149.25340604782104s
Run: 01, Epoch: 39, Loss: 0.6373, Train: 89.70%, Valid: 89.28% Test: 74.11% Time: 144.5492000579834s
Run: 01, Epoch: 40, Loss: 0.6540, Train: 89.56%, Valid: 89.14% Test: 74.14% Time: 146.1467161178589s
Run: 01, Epoch: 41, Loss: 0.6450, Train: 89.54%, Valid: 89.06% Test: 74.60% Time: 143.49447011947632s
Run: 01, Epoch: 42, Loss: 0.6431, Train: 89.43%, Valid: 89.15% Test: 74.09% Time: 133.38095831871033s
Run: 01, Epoch: 43, Loss: 0.6470, Train: 89.66%, Valid: 89.18% Test: 73.83% Time: 121.19664311408997s
Run: 01, Epoch: 44, Loss: 0.6442, Train: 89.91%, Valid: 89.39% Test: 74.85% Time: 132.2507746219635s
Run: 01, Epoch: 45, Loss: 0.6473, Train: 89.50%, Valid: 89.17% Test: 74.11% Time: 131.00642490386963s
Run: 01, Epoch: 46, Loss: 0.6368, Train: 89.69%, Valid: 89.33% Test: 74.34% Time: 125.76460003852844s
Run: 01, Epoch: 47, Loss: 0.6433, Train: 89.84%, Valid: 89.40% Test: 74.33% Time: 126.19531607627869s
Run: 01, Epoch: 48, Loss: 0.6438, Train: 89.70%, Valid: 89.44% Test: 74.37% Time: 131.2379014492035s
Run: 01, Epoch: 49, Loss: 0.6415, Train: 89.64%, Valid: 89.17% Test: 74.64% Time: 126.41598415374756s
Run: 01, Epoch: 50, Loss: 0.6314, Train: 89.70%, Valid: 89.34% Test: 74.24% Time: 122.95654010772705s
Run: 01, Epoch: 51, Loss: 0.6530, Train: 89.88%, Valid: 89.42% Test: 74.56% Time: 126.19962644577026s
Run: 01, Epoch: 52, Loss: 0.6345, Train: 89.34%, Valid: 89.11% Test: 73.48% Time: 125.98906970024109s
Run: 01, Epoch: 53, Loss: 0.6282, Train: 89.67%, Valid: 89.29% Test: 73.97% Time: 128.88796830177307s
Run: 01, Epoch: 54, Loss: 0.6321, Train: 89.75%, Valid: 89.43% Test: 74.37% Time: 126.92348456382751s
Run: 01, Epoch: 55, Loss: 0.6257, Train: 89.41%, Valid: 89.12% Test: 74.30% Time: 124.70279049873352s
Run: 01, Epoch: 56, Loss: 0.6352, Train: 89.52%, Valid: 89.07% Test: 74.69% Time: 121.47263789176941s
Run: 01, Epoch: 57, Loss: 0.6337, Train: 89.93%, Valid: 89.50% Test: 74.73% Time: 126.64280319213867s
Run: 01, Epoch: 58, Loss: 0.6157, Train: 89.75%, Valid: 89.38% Test: 73.98% Time: 123.61280107498169s
Run: 01, Epoch: 59, Loss: 0.6276, Train: 89.73%, Valid: 89.37% Test: 74.77% Time: 122.70682859420776s
Run: 01, Epoch: 60, Loss: 0.6309, Train: 89.71%, Valid: 89.32% Test: 74.18% Time: 132.6980504989624s
Run 01:
Highest Train: 89.93
Highest Valid: 89.51
  Final Train: 89.86
   Final Test: 74.89
Avg_sampling_time: 1.6929393887519837s, Avg_to_time: 0.044569122791290286s,  Avg_train_time: 0.4165881037712097s
All runs:
Highest Train: 89.93 ± nan
Highest Valid: 89.51 ± nan
  Final Train: 89.86 ± nan
   Final Test: 74.89 ± nan
