Using backend: pytorch
Namespace(batch_size=1350, device=0, dropout=0.5, epochs=60, eval_steps=5, hidden_channels=256, log_steps=1, lr=0.001, num_layers=3, num_partitions=15000, num_workers=12, runs=1)
Run: 01, Epoch: 01, Loss: 2.9399, Train: 40.81%, Valid: 40.48% Test: 33.75% Time: 353.8686707019806s
Run: 01, Epoch: 02, Loss: 1.9179, Train: 59.75%, Valid: 59.98% Test: 48.19% Time: 343.48825216293335s
Run: 01, Epoch: 03, Loss: 1.3619, Train: 72.66%, Valid: 72.06% Test: 56.32% Time: 341.7316689491272s
Run: 01, Epoch: 04, Loss: 1.0909, Train: 77.66%, Valid: 77.04% Test: 60.90% Time: 338.2404429912567s
Run: 01, Epoch: 05, Loss: 0.9103, Train: 82.14%, Valid: 81.71% Test: 64.76% Time: 343.93600964546204s
Run: 01, Epoch: 06, Loss: 0.7913, Train: 84.84%, Valid: 84.31% Test: 68.15% Time: 337.1165714263916s
Run: 01, Epoch: 07, Loss: 0.7161, Train: 85.44%, Valid: 84.91% Test: 68.62% Time: 342.28053426742554s
Run: 01, Epoch: 08, Loss: 0.6634, Train: 86.97%, Valid: 86.35% Test: 69.72% Time: 341.0251040458679s
Run: 01, Epoch: 09, Loss: 0.6249, Train: 87.17%, Valid: 86.71% Test: 70.50% Time: 338.1759524345398s
Run: 01, Epoch: 10, Loss: 0.5999, Train: 87.66%, Valid: 87.30% Test: 71.45% Time: 341.1671848297119s
Run: 01, Epoch: 11, Loss: 0.5725, Train: 87.93%, Valid: 87.62% Test: 71.32% Time: 342.55383682250977s
Run: 01, Epoch: 12, Loss: 0.5578, Train: 88.30%, Valid: 87.98% Test: 71.91% Time: 335.4683504104614s
Run: 01, Epoch: 13, Loss: 0.5417, Train: 88.60%, Valid: 88.36% Test: 72.22% Time: 336.50622630119324s
Run: 01, Epoch: 14, Loss: 0.5274, Train: 88.74%, Valid: 88.37% Test: 73.21% Time: 321.99117398262024s
Run: 01, Epoch: 15, Loss: 0.5120, Train: 88.77%, Valid: 88.53% Test: 72.57% Time: 337.1104130744934s
Run: 01, Epoch: 16, Loss: 0.4937, Train: 89.32%, Valid: 88.84% Test: 73.18% Time: 343.2280282974243s
Run: 01, Epoch: 17, Loss: 0.4825, Train: 89.43%, Valid: 89.08% Test: 73.45% Time: 342.7141454219818s
Run: 01, Epoch: 18, Loss: 0.4752, Train: 89.33%, Valid: 89.01% Test: 73.27% Time: 342.1323490142822s
Run: 01, Epoch: 19, Loss: 0.4668, Train: 89.71%, Valid: 89.33% Test: 73.85% Time: 343.2051417827606s
Run: 01, Epoch: 20, Loss: 0.4578, Train: 89.84%, Valid: 89.35% Test: 74.19% Time: 335.3425781726837s
Run: 01, Epoch: 21, Loss: 0.4513, Train: 90.04%, Valid: 89.68% Test: 74.44% Time: 336.28036546707153s
Run: 01, Epoch: 22, Loss: 0.4427, Train: 89.87%, Valid: 89.56% Test: 74.18% Time: 341.0136122703552s
Run: 01, Epoch: 23, Loss: 0.4346, Train: 90.07%, Valid: 89.44% Test: 74.16% Time: 336.7741937637329s
Run: 01, Epoch: 24, Loss: 0.4327, Train: 89.76%, Valid: 89.36% Test: 74.21% Time: 342.06039929389954s
Run: 01, Epoch: 25, Loss: 0.4228, Train: 90.34%, Valid: 89.86% Test: 74.89% Time: 341.52716875076294s
Run: 01, Epoch: 26, Loss: 0.4165, Train: 89.98%, Valid: 89.49% Test: 74.73% Time: 341.15045046806335s
Run: 01, Epoch: 27, Loss: 0.4160, Train: 90.60%, Valid: 90.06% Test: 75.03% Time: 344.22566270828247s
Run: 01, Epoch: 28, Loss: 0.4058, Train: 90.46%, Valid: 89.82% Test: 74.93% Time: 347.64709544181824s
Run: 01, Epoch: 29, Loss: 0.4010, Train: 90.65%, Valid: 90.13% Test: 75.04% Time: 341.9339454174042s
Run: 01, Epoch: 30, Loss: 0.3929, Train: 90.90%, Valid: 90.29% Test: 75.46% Time: 341.2752902507782s
Run: 01, Epoch: 31, Loss: 0.3877, Train: 90.78%, Valid: 90.20% Test: 75.74% Time: 331.98145842552185s
Run: 01, Epoch: 32, Loss: 0.3824, Train: 90.88%, Valid: 90.21% Test: 75.92% Time: 348.9227523803711s
Run: 01, Epoch: 33, Loss: 0.3777, Train: 91.00%, Valid: 90.43% Test: 75.92% Time: 338.23135566711426s
Run: 01, Epoch: 34, Loss: 0.3727, Train: 90.96%, Valid: 90.40% Test: 76.65% Time: 333.5713460445404s
Run: 01, Epoch: 35, Loss: 0.3722, Train: 91.16%, Valid: 90.60% Test: 76.55% Time: 344.1984691619873s
Run: 01, Epoch: 36, Loss: 0.3648, Train: 91.09%, Valid: 90.52% Test: 76.29% Time: 343.79381561279297s
Run: 01, Epoch: 37, Loss: 0.3638, Train: 91.29%, Valid: 90.50% Test: 77.21% Time: 335.7768988609314s
Run: 01, Epoch: 38, Loss: 0.3610, Train: 91.30%, Valid: 90.60% Test: 76.78% Time: 337.34678745269775s
Run: 01, Epoch: 39, Loss: 0.3554, Train: 91.13%, Valid: 90.56% Test: 76.18% Time: 342.31561064720154s
Run: 01, Epoch: 40, Loss: 0.3635, Train: 91.31%, Valid: 90.49% Test: 77.21% Time: 338.5392589569092s
Run: 01, Epoch: 41, Loss: 0.3535, Train: 91.26%, Valid: 90.54% Test: 76.85% Time: 344.2969331741333s
Run: 01, Epoch: 42, Loss: 0.3512, Train: 91.25%, Valid: 90.49% Test: 76.49% Time: 343.9689607620239s
Run: 01, Epoch: 43, Loss: 0.3450, Train: 91.55%, Valid: 90.66% Test: 77.63% Time: 332.68352699279785s
Run: 01, Epoch: 44, Loss: 0.3391, Train: 91.59%, Valid: 90.72% Test: 77.22% Time: 341.2968702316284s
Run: 01, Epoch: 45, Loss: 0.3366, Train: 91.48%, Valid: 90.85% Test: 77.57% Time: 342.22932147979736s
Run: 01, Epoch: 46, Loss: 0.3351, Train: 91.51%, Valid: 90.60% Test: 77.44% Time: 341.86553502082825s
Run: 01, Epoch: 47, Loss: 0.3354, Train: 91.69%, Valid: 91.01% Test: 77.85% Time: 339.8066952228546s
Run: 01, Epoch: 48, Loss: 0.3304, Train: 91.78%, Valid: 91.00% Test: 77.83% Time: 339.10309886932373s
Run: 01, Epoch: 49, Loss: 0.3268, Train: 91.64%, Valid: 90.80% Test: 77.20% Time: 328.9616811275482s
Run: 01, Epoch: 50, Loss: 0.3274, Train: 91.68%, Valid: 90.82% Test: 77.80% Time: 342.73395252227783s
Run: 01, Epoch: 51, Loss: 0.3316, Train: 91.83%, Valid: 90.95% Test: 78.12% Time: 347.2413432598114s
Run: 01, Epoch: 52, Loss: 0.3263, Train: 91.77%, Valid: 90.96% Test: 78.67% Time: 341.6804931163788s
Run: 01, Epoch: 53, Loss: 0.3210, Train: 92.02%, Valid: 91.13% Test: 78.27% Time: 323.9137408733368s
Run: 01, Epoch: 54, Loss: 0.3179, Train: 91.91%, Valid: 90.98% Test: 78.86% Time: 337.9315028190613s
Run: 01, Epoch: 55, Loss: 0.3162, Train: 92.14%, Valid: 91.17% Test: 78.63% Time: 332.6632127761841s
Run: 01, Epoch: 56, Loss: 0.3120, Train: 91.84%, Valid: 90.97% Test: 78.56% Time: 336.0227711200714s
Run: 01, Epoch: 57, Loss: 0.3089, Train: 92.16%, Valid: 91.19% Test: 78.54% Time: 342.1841423511505s
Run: 01, Epoch: 58, Loss: 0.3064, Train: 92.06%, Valid: 91.17% Test: 79.27% Time: 338.68868684768677s
Run: 01, Epoch: 59, Loss: 0.3082, Train: 92.32%, Valid: 91.30% Test: 79.08% Time: 341.0775420665741s
Run: 01, Epoch: 60, Loss: 0.3043, Train: 91.84%, Valid: 90.91% Test: 78.83% Time: 339.46666979789734s
Run 01:
Highest Train: 92.32
Highest Valid: 91.30
  Final Train: 92.32
   Final Test: 79.08
Avg_sampling_time: 6.550362737973531s, Avg_to_time: 1.5766814351081848s,  Avg_train_time: 9.985423211256663s
All runs:
Highest Train: 92.32 ± nan
Highest Valid: 91.30 ± nan
  Final Train: 92.32 ± nan
   Final Test: 79.08 ± nan
