Using backend: pytorch
Namespace(batch_size=75, device=1, dropout=0.5, epochs=60, eval_steps=5, hidden_channels=256, log_steps=1, lr=0.001, num_layers=3, num_partitions=15000, num_workers=12, runs=1)
Run: 01, Epoch: 01, Loss: 1.2439, Train: 85.94%, Valid: 85.28% Test: 68.63% Time: 193.07196426391602s
Run: 01, Epoch: 02, Loss: 0.7109, Train: 87.62%, Valid: 87.34% Test: 70.97% Time: 185.57022070884705s
Run: 01, Epoch: 03, Loss: 0.6225, Train: 88.54%, Valid: 88.22% Test: 71.62% Time: 186.57149052619934s
Run: 01, Epoch: 04, Loss: 0.5660, Train: 88.99%, Valid: 88.53% Test: 72.58% Time: 172.7113037109375s
Run: 01, Epoch: 05, Loss: 0.5252, Train: 89.45%, Valid: 89.11% Test: 73.13% Time: 186.49442720413208s
Run: 01, Epoch: 06, Loss: 0.4967, Train: 89.84%, Valid: 89.44% Test: 74.62% Time: 178.7402880191803s
Run: 01, Epoch: 07, Loss: 0.4696, Train: 90.43%, Valid: 89.75% Test: 74.47% Time: 186.21925616264343s
Run: 01, Epoch: 08, Loss: 0.4502, Train: 90.84%, Valid: 90.06% Test: 75.37% Time: 178.98466801643372s
Run: 01, Epoch: 09, Loss: 0.4295, Train: 90.97%, Valid: 90.31% Test: 76.36% Time: 190.98348712921143s
Run: 01, Epoch: 10, Loss: 0.4182, Train: 91.00%, Valid: 90.33% Test: 76.08% Time: 188.19227170944214s
Run: 01, Epoch: 11, Loss: 0.4031, Train: 91.06%, Valid: 90.40% Test: 76.57% Time: 182.32454586029053s
Run: 01, Epoch: 12, Loss: 0.3908, Train: 91.27%, Valid: 90.43% Test: 76.75% Time: 195.74820280075073s
Run: 01, Epoch: 13, Loss: 0.3786, Train: 91.55%, Valid: 90.79% Test: 77.63% Time: 190.88966298103333s
Run: 01, Epoch: 14, Loss: 0.3701, Train: 91.61%, Valid: 90.68% Test: 77.23% Time: 190.88249588012695s
Run: 01, Epoch: 15, Loss: 0.3619, Train: 91.52%, Valid: 90.71% Test: 77.07% Time: 184.1356656551361s
Run: 01, Epoch: 16, Loss: 0.3564, Train: 91.77%, Valid: 90.91% Test: 77.46% Time: 185.65713667869568s
Run: 01, Epoch: 17, Loss: 0.3498, Train: 91.78%, Valid: 90.94% Test: 78.22% Time: 180.37322235107422s
Run: 01, Epoch: 18, Loss: 0.3430, Train: 91.80%, Valid: 91.02% Test: 77.98% Time: 186.32773280143738s
Run: 01, Epoch: 19, Loss: 0.3385, Train: 91.85%, Valid: 90.94% Test: 78.14% Time: 194.78564858436584s
Run: 01, Epoch: 20, Loss: 0.3313, Train: 91.86%, Valid: 91.04% Test: 77.24% Time: 175.90294241905212s
Run: 01, Epoch: 21, Loss: 0.3248, Train: 92.18%, Valid: 91.23% Test: 78.30% Time: 190.45947074890137s
Run: 01, Epoch: 22, Loss: 0.3203, Train: 92.30%, Valid: 91.23% Test: 78.82% Time: 157.1251883506775s
Run: 01, Epoch: 23, Loss: 0.3151, Train: 92.24%, Valid: 91.13% Test: 78.68% Time: 143.46053409576416s
Run: 01, Epoch: 24, Loss: 0.3112, Train: 92.34%, Valid: 91.29% Test: 78.89% Time: 148.19990587234497s
Run: 01, Epoch: 25, Loss: 0.3108, Train: 92.30%, Valid: 91.09% Test: 79.08% Time: 145.22982573509216s
Run: 01, Epoch: 26, Loss: 0.3072, Train: 92.33%, Valid: 91.22% Test: 78.91% Time: 142.05820560455322s
Run: 01, Epoch: 27, Loss: 0.3020, Train: 92.18%, Valid: 91.15% Test: 79.32% Time: 147.9336051940918s
Run: 01, Epoch: 28, Loss: 0.2970, Train: 92.56%, Valid: 91.40% Test: 79.17% Time: 143.34929418563843s
Run: 01, Epoch: 29, Loss: 0.2949, Train: 92.55%, Valid: 91.34% Test: 78.24% Time: 142.28807950019836s
Run: 01, Epoch: 30, Loss: 0.2924, Train: 92.54%, Valid: 91.40% Test: 78.79% Time: 149.5352885723114s
Run: 01, Epoch: 31, Loss: 0.2932, Train: 92.37%, Valid: 91.24% Test: 78.23% Time: 142.90943717956543s
Run: 01, Epoch: 32, Loss: 0.2873, Train: 92.66%, Valid: 91.53% Test: 79.50% Time: 147.87238144874573s
Run: 01, Epoch: 33, Loss: 0.2855, Train: 92.62%, Valid: 91.51% Test: 78.78% Time: 147.98689579963684s
Run: 01, Epoch: 34, Loss: 0.2811, Train: 92.44%, Valid: 91.31% Test: 78.77% Time: 151.23758029937744s
Run: 01, Epoch: 35, Loss: 0.2800, Train: 92.55%, Valid: 91.26% Test: 78.69% Time: 145.53892064094543s
Run: 01, Epoch: 36, Loss: 0.2774, Train: 92.69%, Valid: 91.46% Test: 79.44% Time: 145.6968765258789s
Run: 01, Epoch: 37, Loss: 0.2748, Train: 92.73%, Valid: 91.47% Test: 79.07% Time: 152.02646899223328s
Run: 01, Epoch: 38, Loss: 0.2727, Train: 92.54%, Valid: 91.48% Test: 79.18% Time: 146.01494336128235s
Run: 01, Epoch: 39, Loss: 0.2726, Train: 92.73%, Valid: 91.62% Test: 79.45% Time: 142.38931250572205s
Run: 01, Epoch: 40, Loss: 0.2708, Train: 92.85%, Valid: 91.56% Test: 79.22% Time: 145.77620577812195s
Run: 01, Epoch: 41, Loss: 0.2662, Train: 92.76%, Valid: 91.61% Test: 78.95% Time: 141.33631992340088s
Run: 01, Epoch: 42, Loss: 0.2631, Train: 92.93%, Valid: 91.59% Test: 78.99% Time: 147.5239338874817s
Run: 01, Epoch: 43, Loss: 0.2621, Train: 92.75%, Valid: 91.55% Test: 78.81% Time: 144.25175595283508s
Run: 01, Epoch: 44, Loss: 0.2600, Train: 92.89%, Valid: 91.68% Test: 78.89% Time: 150.02468633651733s
Run: 01, Epoch: 45, Loss: 0.2599, Train: 92.97%, Valid: 91.56% Test: 78.78% Time: 146.96419405937195s
Run: 01, Epoch: 46, Loss: 0.2570, Train: 93.02%, Valid: 91.77% Test: 78.92% Time: 145.07140064239502s
Run: 01, Epoch: 47, Loss: 0.2541, Train: 92.94%, Valid: 91.70% Test: 79.28% Time: 144.79994940757751s
Run: 01, Epoch: 48, Loss: 0.2539, Train: 93.02%, Valid: 91.71% Test: 78.69% Time: 141.42963075637817s
Run: 01, Epoch: 49, Loss: 0.2523, Train: 93.07%, Valid: 91.76% Test: 79.56% Time: 146.77507281303406s
Run: 01, Epoch: 50, Loss: 0.2526, Train: 92.94%, Valid: 91.66% Test: 78.94% Time: 143.2094247341156s
Run: 01, Epoch: 51, Loss: 0.2496, Train: 92.89%, Valid: 91.69% Test: 79.55% Time: 146.5051565170288s
Run: 01, Epoch: 52, Loss: 0.2485, Train: 92.95%, Valid: 91.67% Test: 78.89% Time: 143.19455981254578s
Run: 01, Epoch: 53, Loss: 0.2469, Train: 92.98%, Valid: 91.67% Test: 79.45% Time: 146.08485984802246s
Run: 01, Epoch: 54, Loss: 0.2463, Train: 93.11%, Valid: 91.77% Test: 78.86% Time: 151.22152709960938s
Run: 01, Epoch: 55, Loss: 0.2457, Train: 93.09%, Valid: 91.67% Test: 79.09% Time: 141.36478066444397s
Run: 01, Epoch: 56, Loss: 0.2441, Train: 93.11%, Valid: 91.74% Test: 79.35% Time: 143.33900451660156s
Run: 01, Epoch: 57, Loss: 0.2448, Train: 93.12%, Valid: 91.68% Test: 78.86% Time: 152.53213500976562s
Run: 01, Epoch: 58, Loss: 0.2409, Train: 93.16%, Valid: 91.84% Test: 79.59% Time: 143.3189730644226s
Run: 01, Epoch: 59, Loss: 0.2392, Train: 93.07%, Valid: 91.84% Test: 79.21% Time: 138.4626750946045s
Run: 01, Epoch: 60, Loss: 0.2395, Train: 93.13%, Valid: 91.81% Test: 79.00% Time: 148.1418001651764s
Run 01:
Highest Train: 93.16
Highest Valid: 91.84
  Final Train: 93.16
   Final Test: 79.59
Avg_sampling_time: 1.1672026912371318s, Avg_to_time: 1.6353726387023926s,  Avg_train_time: 4.324769854545593s
All runs:
Highest Train: 93.16 ± nan
Highest Valid: 91.84 ± nan
  Final Train: 93.16 ± nan
   Final Test: 79.59 ± nan
