Using backend: pytorch
Namespace(batch_size=1224, device=1, epochs=60, runs=1)
Run: 01, Epoch:  1, Loss: 0.6770, Train: 89.66%, Valid: 88.95%, Test: 72.83%, Time: 122.60620594024658s
Run: 01, Epoch:  2, Loss: 0.3887, Train: 91.12%, Valid: 90.29%, Test: 75.49%, Time: 108.13833785057068s
Run: 01, Epoch:  3, Loss: 0.3517, Train: 91.81%, Valid: 90.91%, Test: 76.74%, Time: 109.66357159614563s
Run: 01, Epoch:  4, Loss: 0.3313, Train: 92.12%, Valid: 91.18%, Test: 76.81%, Time: 116.94986963272095s
Run: 01, Epoch:  5, Loss: 0.3163, Train: 92.43%, Valid: 91.27%, Test: 77.31%, Time: 110.02977895736694s
Run: 01, Epoch:  6, Loss: 0.3096, Train: 92.75%, Valid: 91.58%, Test: 78.94%, Time: 111.17597842216492s
Run: 01, Epoch:  7, Loss: 0.3017, Train: 92.93%, Valid: 91.63%, Test: 78.66%, Time: 118.5375874042511s
Run: 01, Epoch:  8, Loss: 0.2970, Train: 93.03%, Valid: 91.58%, Test: 78.87%, Time: 122.67879962921143s
Run: 01, Epoch:  9, Loss: 0.2912, Train: 93.25%, Valid: 91.82%, Test: 78.91%, Time: 123.3583517074585s
Run: 01, Epoch:  10, Loss: 0.2892, Train: 93.42%, Valid: 91.86%, Test: 78.65%, Time: 118.79540944099426s
Run: 01, Epoch:  11, Loss: 0.2839, Train: 93.40%, Valid: 91.97%, Test: 78.97%, Time: 107.81366729736328s
Run: 01, Epoch:  12, Loss: 0.2819, Train: 93.44%, Valid: 91.99%, Test: 78.04%, Time: 106.16938495635986s
Run: 01, Epoch:  13, Loss: 0.2786, Train: 93.56%, Valid: 91.96%, Test: 79.27%, Time: 109.85325980186462s
Run: 01, Epoch:  14, Loss: 0.2763, Train: 93.66%, Valid: 91.98%, Test: 78.75%, Time: 108.91375827789307s
Run: 01, Epoch:  15, Loss: 0.2753, Train: 93.75%, Valid: 92.10%, Test: 79.13%, Time: 111.80984663963318s
Run: 01, Epoch:  16, Loss: 0.2754, Train: 93.83%, Valid: 92.09%, Test: 78.85%, Time: 106.22876954078674s
Run: 01, Epoch:  17, Loss: 0.2738, Train: 93.85%, Valid: 92.08%, Test: 78.73%, Time: 108.9353723526001s
Run: 01, Epoch:  18, Loss: 0.2718, Train: 93.70%, Valid: 91.93%, Test: 78.65%, Time: 109.20006656646729s
Run: 01, Epoch:  19, Loss: 0.2687, Train: 94.00%, Valid: 92.33%, Test: 78.65%, Time: 110.82775449752808s
Run: 01, Epoch:  20, Loss: 0.2679, Train: 94.02%, Valid: 92.32%, Test: 78.78%, Time: 122.10433077812195s
Run: 01, Epoch:  21, Loss: 0.2685, Train: 93.91%, Valid: 92.25%, Test: 79.10%, Time: 110.47250175476074s
Run: 01, Epoch:  22, Loss: 0.2653, Train: 93.95%, Valid: 92.22%, Test: 78.53%, Time: 116.24843335151672s
Run: 01, Epoch:  23, Loss: 0.2660, Train: 93.99%, Valid: 92.23%, Test: 78.96%, Time: 107.13840103149414s
Run: 01, Epoch:  24, Loss: 0.2638, Train: 94.12%, Valid: 92.46%, Test: 79.21%, Time: 104.83836364746094s
Run: 01, Epoch:  25, Loss: 0.2654, Train: 94.08%, Valid: 92.20%, Test: 79.06%, Time: 118.5908555984497s
Run: 01, Epoch:  26, Loss: 0.2631, Train: 94.17%, Valid: 92.37%, Test: 78.62%, Time: 111.4145176410675s
Run: 01, Epoch:  27, Loss: 0.2616, Train: 94.27%, Valid: 92.45%, Test: 78.72%, Time: 115.59556913375854s
Run: 01, Epoch:  28, Loss: 0.2619, Train: 94.18%, Valid: 92.26%, Test: 78.57%, Time: 108.94788694381714s
Run: 01, Epoch:  29, Loss: 0.2602, Train: 94.26%, Valid: 92.36%, Test: 78.85%, Time: 110.09996223449707s
Run: 01, Epoch:  30, Loss: 0.2603, Train: 94.17%, Valid: 92.40%, Test: 78.49%, Time: 115.0434181690216s
Run: 01, Epoch:  31, Loss: 0.2586, Train: 94.33%, Valid: 92.39%, Test: 78.88%, Time: 125.76517868041992s
Run: 01, Epoch:  32, Loss: 0.2594, Train: 94.16%, Valid: 92.19%, Test: 78.28%, Time: 119.72340226173401s
Run: 01, Epoch:  33, Loss: 0.2586, Train: 94.17%, Valid: 92.17%, Test: 78.60%, Time: 118.35308980941772s
Run: 01, Epoch:  34, Loss: 0.2596, Train: 94.23%, Valid: 92.28%, Test: 78.22%, Time: 110.9204671382904s
Run: 01, Epoch:  35, Loss: 0.2583, Train: 94.21%, Valid: 92.31%, Test: 78.26%, Time: 107.66520357131958s
Run: 01, Epoch:  36, Loss: 0.2566, Train: 94.32%, Valid: 92.42%, Test: 78.10%, Time: 104.43914413452148s
Run: 01, Epoch:  37, Loss: 0.2562, Train: 94.31%, Valid: 92.40%, Test: 78.19%, Time: 114.68555068969727s
Run: 01, Epoch:  38, Loss: 0.2564, Train: 94.43%, Valid: 92.40%, Test: 78.73%, Time: 117.37373089790344s
Run: 01, Epoch:  39, Loss: 0.2561, Train: 94.36%, Valid: 92.36%, Test: 78.48%, Time: 112.23035883903503s
Run: 01, Epoch:  40, Loss: 0.2553, Train: 94.43%, Valid: 92.36%, Test: 78.49%, Time: 121.54237961769104s
Run: 01, Epoch:  41, Loss: 0.2549, Train: 94.46%, Valid: 92.45%, Test: 78.65%, Time: 117.77863359451294s
Run: 01, Epoch:  42, Loss: 0.2541, Train: 94.47%, Valid: 92.45%, Test: 78.74%, Time: 124.41494703292847s
Run: 01, Epoch:  43, Loss: 0.2528, Train: 94.46%, Valid: 92.28%, Test: 78.85%, Time: 106.61478471755981s
Run: 01, Epoch:  44, Loss: 0.2554, Train: 94.40%, Valid: 92.31%, Test: 77.86%, Time: 104.95746374130249s
Run: 01, Epoch:  45, Loss: 0.2550, Train: 94.40%, Valid: 92.41%, Test: 78.41%, Time: 110.82369923591614s
Run: 01, Epoch:  46, Loss: 0.2538, Train: 94.45%, Valid: 92.39%, Test: 78.60%, Time: 102.58199834823608s
Run: 01, Epoch:  47, Loss: 0.2551, Train: 94.45%, Valid: 92.39%, Test: 78.56%, Time: 111.88623762130737s
Run: 01, Epoch:  48, Loss: 0.2534, Train: 94.44%, Valid: 92.39%, Test: 78.75%, Time: 106.33042526245117s
Run: 01, Epoch:  49, Loss: 0.2539, Train: 94.51%, Valid: 92.46%, Test: 78.97%, Time: 109.46728324890137s
Run: 01, Epoch:  50, Loss: 0.2536, Train: 94.49%, Valid: 92.36%, Test: 78.51%, Time: 120.33199048042297s
Run: 01, Epoch:  51, Loss: 0.2526, Train: 94.48%, Valid: 92.34%, Test: 78.54%, Time: 123.61806273460388s
Run: 01, Epoch:  52, Loss: 0.2519, Train: 94.50%, Valid: 92.47%, Test: 77.74%, Time: 122.83296227455139s
Run: 01, Epoch:  53, Loss: 0.2501, Train: 94.52%, Valid: 92.46%, Test: 78.49%, Time: 127.19633507728577s
Run: 01, Epoch:  54, Loss: 0.2531, Train: 94.58%, Valid: 92.55%, Test: 78.60%, Time: 126.07780504226685s
Run: 01, Epoch:  55, Loss: 0.2523, Train: 94.54%, Valid: 92.39%, Test: 77.98%, Time: 125.08428478240967s
Run: 01, Epoch:  56, Loss: 0.2519, Train: 94.54%, Valid: 92.41%, Test: 78.76%, Time: 125.1066038608551s
Run: 01, Epoch:  57, Loss: 0.2508, Train: 94.54%, Valid: 92.34%, Test: 77.78%, Time: 111.55894136428833s
Run: 01, Epoch:  58, Loss: 0.2503, Train: 94.59%, Valid: 92.29%, Test: 78.09%, Time: 108.89002323150635s
Run: 01, Epoch:  59, Loss: 0.2488, Train: 94.57%, Valid: 92.51%, Test: 77.77%, Time: 104.9906656742096s
Run: 01, Epoch:  60, Loss: 0.2516, Train: 94.58%, Valid: 92.29%, Test: 77.91%, Time: 107.04213690757751s
Run 01:
Highest Train: 94.59
Highest Valid: 92.55
  Final Train: 94.58
   Final Test: 78.60
Avg_sampling_time: 6.880149066448212s, Avg_to_time: 3.736773880322774s,  Avg_train_time: 6.861051015059153s
All runs:
Highest Train: 94.59 ± nan
Highest Valid: 92.55 ± nan
  Final Train: 94.58 ± nan
   Final Test: 78.60 ± nan
