Using backend: pytorch
Namespace(batch_size=150, device=1, dropout=0.5, epochs=60, eval_steps=5, hidden_channels=256, log_steps=1, lr=0.001, num_layers=3, num_partitions=15000, num_workers=12, runs=1)
Run: 01, Epoch: 01, Loss: 1.5661, Train: 80.65%, Valid: 80.00% Test: 63.68% Time: 267.3170988559723s
Run: 01, Epoch: 02, Loss: 0.7814, Train: 86.47%, Valid: 85.90% Test: 69.02% Time: 252.97008967399597s
Run: 01, Epoch: 03, Loss: 0.6404, Train: 87.83%, Valid: 87.36% Test: 71.97% Time: 251.2448592185974s
Run: 01, Epoch: 04, Loss: 0.5691, Train: 88.95%, Valid: 88.53% Test: 73.09% Time: 247.22097826004028s
Run: 01, Epoch: 05, Loss: 0.5202, Train: 89.29%, Valid: 88.80% Test: 73.72% Time: 257.26269721984863s
Run: 01, Epoch: 06, Loss: 0.4873, Train: 89.51%, Valid: 89.01% Test: 74.37% Time: 257.89457058906555s
Run: 01, Epoch: 07, Loss: 0.4574, Train: 90.16%, Valid: 89.67% Test: 74.73% Time: 251.17229843139648s
Run: 01, Epoch: 08, Loss: 0.4333, Train: 90.67%, Valid: 90.14% Test: 75.25% Time: 257.62610936164856s
Run: 01, Epoch: 09, Loss: 0.4120, Train: 90.77%, Valid: 90.16% Test: 76.19% Time: 254.67784118652344s
Run: 01, Epoch: 10, Loss: 0.3923, Train: 91.08%, Valid: 90.41% Test: 76.33% Time: 259.0810489654541s
Run: 01, Epoch: 11, Loss: 0.3793, Train: 91.05%, Valid: 90.37% Test: 77.09% Time: 251.06808829307556s
Run: 01, Epoch: 12, Loss: 0.3650, Train: 91.26%, Valid: 90.45% Test: 76.93% Time: 246.38623189926147s
Run: 01, Epoch: 13, Loss: 0.3531, Train: 91.30%, Valid: 90.54% Test: 77.51% Time: 249.7878704071045s
Run: 01, Epoch: 14, Loss: 0.3477, Train: 91.63%, Valid: 90.70% Test: 78.05% Time: 248.11067628860474s
Run: 01, Epoch: 15, Loss: 0.3348, Train: 91.79%, Valid: 90.88% Test: 78.08% Time: 244.14024186134338s
Run: 01, Epoch: 16, Loss: 0.3276, Train: 91.79%, Valid: 90.96% Test: 78.99% Time: 243.37180423736572s
Run: 01, Epoch: 17, Loss: 0.3174, Train: 92.07%, Valid: 91.01% Test: 78.41% Time: 255.82192420959473s
Run: 01, Epoch: 18, Loss: 0.3137, Train: 92.15%, Valid: 91.27% Test: 79.19% Time: 252.3817880153656s
Run: 01, Epoch: 19, Loss: 0.3044, Train: 92.21%, Valid: 91.20% Test: 79.45% Time: 249.65580320358276s
Run: 01, Epoch: 20, Loss: 0.3004, Train: 92.20%, Valid: 91.17% Test: 80.03% Time: 249.5780487060547s
Run: 01, Epoch: 21, Loss: 0.2963, Train: 92.40%, Valid: 91.39% Test: 79.30% Time: 234.66580247879028s
Run: 01, Epoch: 22, Loss: 0.2877, Train: 92.45%, Valid: 91.28% Test: 80.18% Time: 238.40213418006897s
Run: 01, Epoch: 23, Loss: 0.2816, Train: 92.68%, Valid: 91.51% Test: 79.47% Time: 257.9285488128662s
Run: 01, Epoch: 24, Loss: 0.2783, Train: 92.69%, Valid: 91.54% Test: 79.94% Time: 240.90679740905762s
Run: 01, Epoch: 25, Loss: 0.2750, Train: 92.70%, Valid: 91.45% Test: 78.67% Time: 227.72425889968872s
Run: 01, Epoch: 26, Loss: 0.2709, Train: 92.85%, Valid: 91.58% Test: 80.27% Time: 227.3088984489441s
Run: 01, Epoch: 27, Loss: 0.2618, Train: 92.83%, Valid: 91.43% Test: 80.56% Time: 236.29226088523865s
Run: 01, Epoch: 28, Loss: 0.2620, Train: 92.93%, Valid: 91.75% Test: 80.33% Time: 239.8663067817688s
Run: 01, Epoch: 29, Loss: 0.2628, Train: 92.84%, Valid: 91.53% Test: 79.85% Time: 228.24165272712708s
Run: 01, Epoch: 30, Loss: 0.2557, Train: 93.07%, Valid: 91.74% Test: 80.27% Time: 238.9012930393219s
Run: 01, Epoch: 31, Loss: 0.2500, Train: 93.00%, Valid: 91.74% Test: 79.82% Time: 226.54016160964966s
Run: 01, Epoch: 32, Loss: 0.2499, Train: 93.10%, Valid: 91.59% Test: 80.23% Time: 235.22463202476501s
Run: 01, Epoch: 33, Loss: 0.2427, Train: 93.14%, Valid: 91.84% Test: 80.06% Time: 240.92446160316467s
Run: 01, Epoch: 34, Loss: 0.2461, Train: 93.17%, Valid: 91.65% Test: 80.01% Time: 252.38359212875366s
Run: 01, Epoch: 35, Loss: 0.2398, Train: 93.30%, Valid: 91.81% Test: 80.34% Time: 228.73305678367615s
Run: 01, Epoch: 36, Loss: 0.2332, Train: 93.43%, Valid: 91.86% Test: 80.54% Time: 229.07668209075928s
Run: 01, Epoch: 37, Loss: 0.2359, Train: 93.39%, Valid: 91.74% Test: 80.63% Time: 231.2658839225769s
Run: 01, Epoch: 38, Loss: 0.2302, Train: 93.25%, Valid: 91.63% Test: 80.57% Time: 250.8064947128296s
Run: 01, Epoch: 39, Loss: 0.2285, Train: 93.43%, Valid: 91.84% Test: 80.87% Time: 252.1291937828064s
Run: 01, Epoch: 40, Loss: 0.2237, Train: 93.41%, Valid: 91.79% Test: 80.64% Time: 240.85089468955994s
Run: 01, Epoch: 41, Loss: 0.2245, Train: 93.55%, Valid: 91.87% Test: 80.63% Time: 241.4575526714325s
Run: 01, Epoch: 42, Loss: 0.2227, Train: 93.49%, Valid: 91.82% Test: 80.01% Time: 237.03806376457214s
Run: 01, Epoch: 43, Loss: 0.2172, Train: 93.64%, Valid: 91.98% Test: 80.86% Time: 233.0960829257965s
Run: 01, Epoch: 44, Loss: 0.2144, Train: 93.56%, Valid: 91.94% Test: 80.42% Time: 240.05077600479126s
Run: 01, Epoch: 45, Loss: 0.2122, Train: 93.64%, Valid: 91.90% Test: 80.56% Time: 235.93850755691528s
Run: 01, Epoch: 46, Loss: 0.2097, Train: 93.36%, Valid: 91.75% Test: 79.94% Time: 248.46106719970703s
Run: 01, Epoch: 47, Loss: 0.2118, Train: 93.67%, Valid: 91.97% Test: 80.00% Time: 253.97147178649902s
Run: 01, Epoch: 48, Loss: 0.2054, Train: 93.78%, Valid: 91.91% Test: 80.54% Time: 253.3293809890747s
Run: 01, Epoch: 49, Loss: 0.2042, Train: 93.72%, Valid: 91.97% Test: 80.64% Time: 267.8416554927826s
Run: 01, Epoch: 50, Loss: 0.2040, Train: 93.68%, Valid: 91.89% Test: 80.68% Time: 256.58709812164307s
Run: 01, Epoch: 51, Loss: 0.2034, Train: 93.86%, Valid: 91.88% Test: 80.19% Time: 244.0502462387085s
Run: 01, Epoch: 52, Loss: 0.2005, Train: 93.70%, Valid: 91.79% Test: 80.80% Time: 253.33938264846802s
Run: 01, Epoch: 53, Loss: 0.1977, Train: 93.86%, Valid: 92.05% Test: 80.85% Time: 257.91706228256226s
Run: 01, Epoch: 54, Loss: 0.1970, Train: 93.80%, Valid: 91.94% Test: 80.70% Time: 234.24092555046082s
Run: 01, Epoch: 55, Loss: 0.1946, Train: 93.88%, Valid: 92.03% Test: 80.80% Time: 250.48877787590027s
Run: 01, Epoch: 56, Loss: 0.1919, Train: 93.98%, Valid: 91.94% Test: 81.28% Time: 252.56538653373718s
Run: 01, Epoch: 57, Loss: 0.1935, Train: 93.93%, Valid: 92.07% Test: 81.04% Time: 251.79611206054688s
Run: 01, Epoch: 58, Loss: 0.1927, Train: 93.92%, Valid: 92.12% Test: 80.49% Time: 248.77871131896973s
Run: 01, Epoch: 59, Loss: 0.1889, Train: 94.01%, Valid: 92.03% Test: 80.67% Time: 260.2982089519501s
Run: 01, Epoch: 60, Loss: 0.1890, Train: 93.98%, Valid: 92.06% Test: 80.71% Time: 261.45136284828186s
Run 01:
Highest Train: 94.01
Highest Valid: 92.12
  Final Train: 93.92
   Final Test: 80.49
Avg_sampling_time: 1.0101015488306682s, Avg_to_time: 1.425489894549052s,  Avg_train_time: 8.04706313610077s
All runs:
Highest Train: 94.01 ± nan
Highest Valid: 92.12 ± nan
  Final Train: 93.92 ± nan
   Final Test: 80.49 ± nan
