Using backend: pytorch
Namespace(batch_size=450, device=0, dropout=0.5, epochs=60, eval_steps=5, hidden_channels=256, log_steps=1, lr=0.001, num_layers=3, num_partitions=15000, num_workers=12, runs=1)
Run: 01, Epoch: 01, Loss: 2.1483, Train: 74.18%, Valid: 72.99% Test: 56.61% Time: 197.71604228019714s
Run: 01, Epoch: 02, Loss: 1.0213, Train: 83.29%, Valid: 82.53% Test: 65.86% Time: 202.6838343143463s
Run: 01, Epoch: 03, Loss: 0.7870, Train: 86.06%, Valid: 85.58% Test: 69.01% Time: 196.5687289237976s
Run: 01, Epoch: 04, Loss: 0.6913, Train: 87.31%, Valid: 86.90% Test: 70.31% Time: 197.71834254264832s
Run: 01, Epoch: 05, Loss: 0.6369, Train: 88.12%, Valid: 87.73% Test: 71.33% Time: 192.4499011039734s
Run: 01, Epoch: 06, Loss: 0.6057, Train: 88.24%, Valid: 87.92% Test: 71.75% Time: 196.7387158870697s
Run: 01, Epoch: 07, Loss: 0.5786, Train: 88.72%, Valid: 88.22% Test: 72.07% Time: 193.40621209144592s
Run: 01, Epoch: 08, Loss: 0.5536, Train: 89.01%, Valid: 88.75% Test: 72.22% Time: 207.01602435112s
Run: 01, Epoch: 09, Loss: 0.5340, Train: 89.19%, Valid: 88.89% Test: 72.34% Time: 198.0152246952057s
Run: 01, Epoch: 10, Loss: 0.5193, Train: 89.69%, Valid: 89.26% Test: 73.05% Time: 188.5345015525818s
Run: 01, Epoch: 11, Loss: 0.5000, Train: 89.93%, Valid: 89.47% Test: 73.59% Time: 198.81513857841492s
Run: 01, Epoch: 12, Loss: 0.4916, Train: 89.95%, Valid: 89.58% Test: 74.34% Time: 203.71723175048828s
Run: 01, Epoch: 13, Loss: 0.4751, Train: 90.22%, Valid: 89.73% Test: 74.57% Time: 198.28270983695984s
Run: 01, Epoch: 14, Loss: 0.4651, Train: 90.39%, Valid: 89.97% Test: 74.91% Time: 205.06189942359924s
Run: 01, Epoch: 15, Loss: 0.4555, Train: 90.47%, Valid: 89.97% Test: 74.33% Time: 200.78470540046692s
Run: 01, Epoch: 16, Loss: 0.4466, Train: 90.57%, Valid: 90.05% Test: 74.56% Time: 189.36126065254211s
Run: 01, Epoch: 17, Loss: 0.4364, Train: 90.63%, Valid: 90.07% Test: 74.90% Time: 192.1553931236267s
Run: 01, Epoch: 18, Loss: 0.4311, Train: 90.75%, Valid: 90.30% Test: 75.46% Time: 184.71594429016113s
Run: 01, Epoch: 19, Loss: 0.4234, Train: 90.88%, Valid: 90.23% Test: 75.98% Time: 179.9872007369995s
Run: 01, Epoch: 20, Loss: 0.4156, Train: 91.02%, Valid: 90.35% Test: 76.25% Time: 190.6180727481842s
Run: 01, Epoch: 21, Loss: 0.4082, Train: 91.13%, Valid: 90.48% Test: 76.31% Time: 191.53412747383118s
Run: 01, Epoch: 22, Loss: 0.4022, Train: 91.17%, Valid: 90.54% Test: 76.60% Time: 189.8682463169098s
Run: 01, Epoch: 23, Loss: 0.3960, Train: 91.27%, Valid: 90.66% Test: 76.40% Time: 195.89180779457092s
Run: 01, Epoch: 24, Loss: 0.3928, Train: 91.24%, Valid: 90.59% Test: 76.44% Time: 189.54922080039978s
Run: 01, Epoch: 25, Loss: 0.3860, Train: 91.34%, Valid: 90.79% Test: 76.91% Time: 174.6760334968567s
Run: 01, Epoch: 26, Loss: 0.3809, Train: 91.39%, Valid: 90.57% Test: 76.93% Time: 151.10214638710022s
Run: 01, Epoch: 27, Loss: 0.3775, Train: 91.38%, Valid: 90.73% Test: 77.79% Time: 185.55598330497742s
Run: 01, Epoch: 28, Loss: 0.3723, Train: 91.51%, Valid: 90.85% Test: 77.33% Time: 175.08730053901672s
Run: 01, Epoch: 29, Loss: 0.3697, Train: 91.46%, Valid: 90.85% Test: 77.79% Time: 178.54419112205505s
Run: 01, Epoch: 30, Loss: 0.3653, Train: 91.39%, Valid: 90.65% Test: 77.39% Time: 178.85928297042847s
Run: 01, Epoch: 31, Loss: 0.3619, Train: 91.70%, Valid: 90.97% Test: 77.88% Time: 192.91943836212158s
Run: 01, Epoch: 32, Loss: 0.3566, Train: 91.76%, Valid: 90.99% Test: 78.39% Time: 178.41118669509888s
Run: 01, Epoch: 33, Loss: 0.3536, Train: 91.83%, Valid: 91.01% Test: 77.91% Time: 171.7073233127594s
Run: 01, Epoch: 34, Loss: 0.3481, Train: 91.83%, Valid: 91.07% Test: 77.61% Time: 172.49008893966675s
Run: 01, Epoch: 35, Loss: 0.3472, Train: 91.74%, Valid: 91.01% Test: 78.13% Time: 181.97081470489502s
Run: 01, Epoch: 36, Loss: 0.3435, Train: 91.92%, Valid: 91.02% Test: 78.10% Time: 191.98183274269104s
Run: 01, Epoch: 37, Loss: 0.3405, Train: 91.92%, Valid: 91.07% Test: 77.89% Time: 175.1517140865326s
Run: 01, Epoch: 38, Loss: 0.3387, Train: 91.92%, Valid: 91.11% Test: 78.28% Time: 170.07447481155396s
Run: 01, Epoch: 39, Loss: 0.3344, Train: 92.05%, Valid: 91.20% Test: 78.02% Time: 168.95718050003052s
Run: 01, Epoch: 40, Loss: 0.3318, Train: 92.07%, Valid: 91.29% Test: 78.10% Time: 173.44766497612s
Run: 01, Epoch: 41, Loss: 0.3304, Train: 92.00%, Valid: 91.29% Test: 78.07% Time: 168.85764384269714s
Run: 01, Epoch: 42, Loss: 0.3304, Train: 92.11%, Valid: 91.27% Test: 78.50% Time: 173.02166032791138s
Run: 01, Epoch: 43, Loss: 0.3244, Train: 92.17%, Valid: 91.29% Test: 78.49% Time: 172.72092199325562s
Run: 01, Epoch: 44, Loss: 0.3219, Train: 92.26%, Valid: 91.30% Test: 78.72% Time: 169.1384334564209s
Run: 01, Epoch: 45, Loss: 0.3204, Train: 92.00%, Valid: 91.23% Test: 78.44% Time: 166.8947286605835s
Run: 01, Epoch: 46, Loss: 0.3181, Train: 92.23%, Valid: 91.34% Test: 78.62% Time: 167.93146634101868s
Run: 01, Epoch: 47, Loss: 0.3162, Train: 92.29%, Valid: 91.36% Test: 78.68% Time: 171.1122922897339s
Run: 01, Epoch: 48, Loss: 0.3144, Train: 92.28%, Valid: 91.38% Test: 78.42% Time: 177.1361219882965s
Run: 01, Epoch: 49, Loss: 0.3126, Train: 92.37%, Valid: 91.43% Test: 78.50% Time: 167.95528435707092s
Run: 01, Epoch: 50, Loss: 0.3100, Train: 92.31%, Valid: 91.40% Test: 78.63% Time: 172.7501196861267s
Run: 01, Epoch: 51, Loss: 0.3095, Train: 92.39%, Valid: 91.41% Test: 78.31% Time: 180.6679084300995s
Run: 01, Epoch: 52, Loss: 0.3091, Train: 92.36%, Valid: 91.28% Test: 78.85% Time: 182.34704327583313s
Run: 01, Epoch: 53, Loss: 0.3044, Train: 92.42%, Valid: 91.40% Test: 79.07% Time: 172.8838677406311s
Run: 01, Epoch: 54, Loss: 0.3031, Train: 92.48%, Valid: 91.40% Test: 78.62% Time: 173.44252347946167s
Run: 01, Epoch: 55, Loss: 0.3024, Train: 92.41%, Valid: 91.47% Test: 78.76% Time: 178.44484639167786s
Run: 01, Epoch: 56, Loss: 0.2995, Train: 92.49%, Valid: 91.52% Test: 78.82% Time: 179.58845973014832s
Run: 01, Epoch: 57, Loss: 0.2983, Train: 92.66%, Valid: 91.55% Test: 79.70% Time: 170.31429052352905s
Run: 01, Epoch: 58, Loss: 0.2980, Train: 92.57%, Valid: 91.51% Test: 79.36% Time: 171.7185413837433s
Run: 01, Epoch: 59, Loss: 0.2963, Train: 92.54%, Valid: 91.50% Test: 78.98% Time: 167.93902707099915s
Run: 01, Epoch: 60, Loss: 0.2939, Train: 92.52%, Valid: 91.47% Test: 78.85% Time: 175.3755750656128s
Run 01:
Highest Train: 92.66
Highest Valid: 91.55
  Final Train: 92.66
   Final Test: 79.70
Avg_sampling_time: 1.950681245326996s, Avg_to_time: 1.6520290652910867s,  Avg_train_time: 4.36111269791921s
All runs:
Highest Train: 92.66 ± nan
Highest Valid: 91.55 ± nan
  Final Train: 92.66 ± nan
   Final Test: 79.70 ± nan
