Using backend: pytorch
Namespace(batch_size=24490, device=1, epochs=60, runs=1)
Run: 01, Epoch:  1, Loss: 2.4139, Train: 59.38%, Valid: 59.05%, Test: 47.14%, Time: 102.5102002620697s
Run: 01, Epoch:  2, Loss: 1.2094, Train: 79.69%, Valid: 78.80%, Test: 61.61%, Time: 98.3745858669281s
Run: 01, Epoch:  3, Loss: 0.8153, Train: 84.32%, Valid: 83.59%, Test: 66.29%, Time: 110.2833046913147s
Run: 01, Epoch:  4, Loss: 0.6525, Train: 86.22%, Valid: 85.55%, Test: 68.67%, Time: 114.54310727119446s
Run: 01, Epoch:  5, Loss: 0.5795, Train: 87.46%, Valid: 86.71%, Test: 69.50%, Time: 112.8154137134552s
Run: 01, Epoch:  6, Loss: 0.5210, Train: 88.27%, Valid: 87.56%, Test: 70.82%, Time: 104.93398666381836s
Run: 01, Epoch:  7, Loss: 0.4770, Train: 88.68%, Valid: 88.05%, Test: 71.15%, Time: 111.29109239578247s
Run: 01, Epoch:  8, Loss: 0.4638, Train: 89.17%, Valid: 88.43%, Test: 71.98%, Time: 100.37567806243896s
Run: 01, Epoch:  9, Loss: 0.4417, Train: 89.50%, Valid: 88.81%, Test: 72.20%, Time: 107.48547172546387s
Run: 01, Epoch:  10, Loss: 0.4212, Train: 89.71%, Valid: 89.13%, Test: 72.40%, Time: 114.07532453536987s
Run: 01, Epoch:  11, Loss: 0.4056, Train: 90.01%, Valid: 89.37%, Test: 72.69%, Time: 101.83636260032654s
Run: 01, Epoch:  12, Loss: 0.4004, Train: 90.17%, Valid: 89.38%, Test: 73.54%, Time: 99.98174381256104s
Run: 01, Epoch:  13, Loss: 0.3946, Train: 90.29%, Valid: 89.64%, Test: 73.30%, Time: 100.89570736885071s
Run: 01, Epoch:  14, Loss: 0.3851, Train: 90.44%, Valid: 89.67%, Test: 73.03%, Time: 99.05790567398071s
Run: 01, Epoch:  15, Loss: 0.3760, Train: 90.61%, Valid: 89.91%, Test: 74.10%, Time: 102.25946760177612s
Run: 01, Epoch:  16, Loss: 0.3767, Train: 90.77%, Valid: 90.11%, Test: 74.12%, Time: 99.55630373954773s
Run: 01, Epoch:  17, Loss: 0.3680, Train: 90.87%, Valid: 90.21%, Test: 74.60%, Time: 99.74351668357849s
Run: 01, Epoch:  18, Loss: 0.3616, Train: 91.00%, Valid: 90.29%, Test: 74.66%, Time: 97.3931713104248s
Run: 01, Epoch:  19, Loss: 0.3573, Train: 91.21%, Valid: 90.41%, Test: 75.24%, Time: 102.11167407035828s
Run: 01, Epoch:  20, Loss: 0.3556, Train: 91.18%, Valid: 90.56%, Test: 75.55%, Time: 100.44095635414124s
Run: 01, Epoch:  21, Loss: 0.3565, Train: 91.23%, Valid: 90.56%, Test: 74.97%, Time: 100.11574506759644s
Run: 01, Epoch:  22, Loss: 0.3532, Train: 91.41%, Valid: 90.66%, Test: 75.60%, Time: 102.59122633934021s
Run: 01, Epoch:  23, Loss: 0.3459, Train: 91.39%, Valid: 90.73%, Test: 75.78%, Time: 109.81978368759155s
Run: 01, Epoch:  24, Loss: 0.3395, Train: 91.65%, Valid: 90.89%, Test: 76.18%, Time: 108.18935823440552s
Run: 01, Epoch:  25, Loss: 0.3358, Train: 91.75%, Valid: 90.79%, Test: 76.66%, Time: 98.85823726654053s
Run: 01, Epoch:  26, Loss: 0.3310, Train: 91.72%, Valid: 90.80%, Test: 76.85%, Time: 105.53700995445251s
Run: 01, Epoch:  27, Loss: 0.3312, Train: 91.87%, Valid: 90.94%, Test: 77.42%, Time: 103.9343056678772s
Run: 01, Epoch:  28, Loss: 0.3272, Train: 91.84%, Valid: 90.99%, Test: 76.70%, Time: 98.43964648246765s
Run: 01, Epoch:  29, Loss: 0.3301, Train: 91.88%, Valid: 90.98%, Test: 77.57%, Time: 99.82348370552063s
Run: 01, Epoch:  30, Loss: 0.3250, Train: 91.94%, Valid: 91.03%, Test: 77.45%, Time: 100.45686745643616s
Run: 01, Epoch:  31, Loss: 0.3267, Train: 92.05%, Valid: 91.15%, Test: 78.00%, Time: 107.1233856678009s
Run: 01, Epoch:  32, Loss: 0.3199, Train: 92.06%, Valid: 91.16%, Test: 77.17%, Time: 108.28233456611633s
Run: 01, Epoch:  33, Loss: 0.3172, Train: 92.04%, Valid: 91.00%, Test: 77.37%, Time: 117.46198749542236s
Run: 01, Epoch:  34, Loss: 0.3166, Train: 92.21%, Valid: 91.27%, Test: 77.73%, Time: 111.49325346946716s
Run: 01, Epoch:  35, Loss: 0.3181, Train: 92.21%, Valid: 91.29%, Test: 77.51%, Time: 118.39639496803284s
Run: 01, Epoch:  36, Loss: 0.3126, Train: 92.15%, Valid: 91.12%, Test: 78.17%, Time: 114.33306455612183s
Run: 01, Epoch:  37, Loss: 0.3081, Train: 92.28%, Valid: 91.28%, Test: 77.63%, Time: 112.54392600059509s
Run: 01, Epoch:  38, Loss: 0.3149, Train: 92.36%, Valid: 91.34%, Test: 77.89%, Time: 104.96843314170837s
Run: 01, Epoch:  39, Loss: 0.3168, Train: 92.38%, Valid: 91.43%, Test: 78.17%, Time: 116.17185640335083s
Run: 01, Epoch:  40, Loss: 0.3137, Train: 92.35%, Valid: 91.35%, Test: 77.74%, Time: 118.0116925239563s
Run: 01, Epoch:  41, Loss: 0.3110, Train: 92.45%, Valid: 91.20%, Test: 78.62%, Time: 101.45770645141602s
Run: 01, Epoch:  42, Loss: 0.3041, Train: 92.60%, Valid: 91.50%, Test: 77.91%, Time: 105.76757025718689s
Run: 01, Epoch:  43, Loss: 0.3057, Train: 92.59%, Valid: 91.40%, Test: 78.05%, Time: 112.95833349227905s
Run: 01, Epoch:  44, Loss: 0.3037, Train: 92.59%, Valid: 91.50%, Test: 78.64%, Time: 111.06253147125244s
Run: 01, Epoch:  45, Loss: 0.3097, Train: 92.54%, Valid: 91.35%, Test: 78.22%, Time: 106.95949149131775s
Run: 01, Epoch:  46, Loss: 0.3008, Train: 92.64%, Valid: 91.48%, Test: 78.29%, Time: 107.01162338256836s
Run: 01, Epoch:  47, Loss: 0.2990, Train: 92.76%, Valid: 91.54%, Test: 78.39%, Time: 108.63641452789307s
Run: 01, Epoch:  48, Loss: 0.2989, Train: 92.76%, Valid: 91.59%, Test: 78.97%, Time: 102.67277216911316s
Run: 01, Epoch:  49, Loss: 0.2982, Train: 92.74%, Valid: 91.66%, Test: 78.22%, Time: 105.69758129119873s
Run: 01, Epoch:  50, Loss: 0.3008, Train: 92.81%, Valid: 91.67%, Test: 78.72%, Time: 110.21036720275879s
Run: 01, Epoch:  51, Loss: 0.2989, Train: 92.77%, Valid: 91.59%, Test: 78.54%, Time: 100.55885529518127s
Run: 01, Epoch:  52, Loss: 0.3010, Train: 92.80%, Valid: 91.63%, Test: 78.39%, Time: 113.0749409198761s
Run: 01, Epoch:  53, Loss: 0.2945, Train: 92.82%, Valid: 91.72%, Test: 78.94%, Time: 107.21518611907959s
Run: 01, Epoch:  54, Loss: 0.2861, Train: 92.87%, Valid: 91.69%, Test: 78.82%, Time: 116.36395764350891s
Run: 01, Epoch:  55, Loss: 0.2964, Train: 92.92%, Valid: 91.72%, Test: 78.53%, Time: 103.76438641548157s
Run: 01, Epoch:  56, Loss: 0.2894, Train: 92.97%, Valid: 91.84%, Test: 78.96%, Time: 116.25831341743469s
Run: 01, Epoch:  57, Loss: 0.2821, Train: 92.99%, Valid: 91.73%, Test: 78.99%, Time: 111.33393359184265s
Run: 01, Epoch:  58, Loss: 0.2902, Train: 93.00%, Valid: 91.82%, Test: 77.89%, Time: 113.30467438697815s
Run: 01, Epoch:  59, Loss: 0.2883, Train: 93.01%, Valid: 91.79%, Test: 78.62%, Time: 106.95331025123596s
Run: 01, Epoch:  60, Loss: 0.2834, Train: 93.09%, Valid: 91.84%, Test: 79.27%, Time: 102.8335702419281s
Run 01:
Highest Train: 93.09
Highest Valid: 91.84
  Final Train: 93.09
   Final Test: 79.27
Avg_sampling_time: 8.790487734476725s, Avg_to_time: 1.2291818022727967s,  Avg_train_time: 3.7245607137680055s
All runs:
Highest Train: 93.09 ± nan
Highest Valid: 91.84 ± nan
  Final Train: 93.09 ± nan
   Final Test: 79.27 ± nan
