Using backend: pytorch
Namespace(batch_size=24490, device=1, dropout=0.5, epochs=60, eval_steps=2, hidden_channels=256, inductive=False, log_steps=1, lr=0.01, num_layers=3, num_steps=30, runs=1, walk_length=3)
Run: 01, Epoch: 01, Loss: 1.3642, Train: 85.95%, Valid: 85.49% Test: 68.95% Time: 166.6325180530548s
Run: 01, Epoch: 02, Loss: 0.5014, Train: 89.25%, Valid: 88.82% Test: 73.52% Time: 159.74094247817993s
Run: 01, Epoch: 03, Loss: 0.4185, Train: 90.08%, Valid: 89.59% Test: 76.07% Time: 148.22891902923584s
Run: 01, Epoch: 04, Loss: 0.3867, Train: 90.86%, Valid: 90.18% Test: 77.22% Time: 140.45261359214783s
Run: 01, Epoch: 05, Loss: 0.3662, Train: 91.14%, Valid: 90.44% Test: 77.21% Time: 154.41443872451782s
Run: 01, Epoch: 06, Loss: 0.3505, Train: 91.44%, Valid: 90.73% Test: 78.63% Time: 144.16819500923157s
Run: 01, Epoch: 07, Loss: 0.3445, Train: 91.76%, Valid: 90.87% Test: 78.70% Time: 139.07107853889465s
Run: 01, Epoch: 08, Loss: 0.3364, Train: 91.86%, Valid: 90.99% Test: 78.52% Time: 145.17544555664062s
Run: 01, Epoch: 09, Loss: 0.3261, Train: 92.10%, Valid: 91.13% Test: 78.98% Time: 145.82130646705627s
Run: 01, Epoch: 10, Loss: 0.3233, Train: 92.29%, Valid: 91.41% Test: 78.78% Time: 141.07012486457825s
Run: 01, Epoch: 11, Loss: 0.3178, Train: 92.36%, Valid: 91.39% Test: 78.75% Time: 141.89105105400085s
Run: 01, Epoch: 12, Loss: 0.3134, Train: 92.49%, Valid: 91.32% Test: 79.18% Time: 148.44762325286865s
Run: 01, Epoch: 13, Loss: 0.3097, Train: 92.61%, Valid: 91.49% Test: 79.25% Time: 141.33387446403503s
Run: 01, Epoch: 14, Loss: 0.3085, Train: 92.71%, Valid: 91.45% Test: 79.20% Time: 150.75912189483643s
Run: 01, Epoch: 15, Loss: 0.3053, Train: 92.80%, Valid: 91.45% Test: 78.80% Time: 147.5353364944458s
Run: 01, Epoch: 16, Loss: 0.3029, Train: 92.84%, Valid: 91.55% Test: 78.96% Time: 147.69547748565674s
Run: 01, Epoch: 17, Loss: 0.3003, Train: 92.87%, Valid: 91.73% Test: 79.15% Time: 144.90876412391663s
Run: 01, Epoch: 18, Loss: 0.2997, Train: 93.01%, Valid: 91.66% Test: 79.63% Time: 144.01403832435608s
Run: 01, Epoch: 19, Loss: 0.2943, Train: 93.03%, Valid: 91.69% Test: 79.39% Time: 149.0291051864624s
Run: 01, Epoch: 20, Loss: 0.2950, Train: 92.95%, Valid: 91.65% Test: 79.17% Time: 146.99026584625244s
Run: 01, Epoch: 21, Loss: 0.2933, Train: 93.09%, Valid: 91.73% Test: 79.46% Time: 148.0461447238922s
Run: 01, Epoch: 22, Loss: 0.2908, Train: 93.06%, Valid: 91.77% Test: 79.43% Time: 162.05322003364563s
Run: 01, Epoch: 23, Loss: 0.2899, Train: 93.08%, Valid: 91.67% Test: 79.22% Time: 158.80954718589783s
Run: 01, Epoch: 24, Loss: 0.2892, Train: 93.11%, Valid: 91.72% Test: 79.53% Time: 142.3602738380432s
Run: 01, Epoch: 25, Loss: 0.2875, Train: 93.15%, Valid: 91.83% Test: 79.81% Time: 148.56862688064575s
Run: 01, Epoch: 26, Loss: 0.2869, Train: 93.21%, Valid: 91.92% Test: 79.21% Time: 148.75927090644836s
Run: 01, Epoch: 27, Loss: 0.2854, Train: 93.26%, Valid: 91.79% Test: 79.76% Time: 146.34280800819397s
Run: 01, Epoch: 28, Loss: 0.2862, Train: 93.10%, Valid: 91.70% Test: 79.31% Time: 145.7660994529724s
Run: 01, Epoch: 29, Loss: 0.2832, Train: 93.33%, Valid: 91.97% Test: 79.70% Time: 155.66401314735413s
Run: 01, Epoch: 30, Loss: 0.2826, Train: 93.43%, Valid: 91.89% Test: 79.09% Time: 143.80728197097778s
Run: 01, Epoch: 31, Loss: 0.2805, Train: 93.34%, Valid: 91.71% Test: 79.13% Time: 150.4201545715332s
Run: 01, Epoch: 32, Loss: 0.2822, Train: 93.34%, Valid: 91.80% Test: 79.28% Time: 161.30560994148254s
Run: 01, Epoch: 33, Loss: 0.2804, Train: 93.32%, Valid: 91.86% Test: 78.84% Time: 155.67475628852844s
Run: 01, Epoch: 34, Loss: 0.2838, Train: 93.37%, Valid: 91.76% Test: 79.43% Time: 141.4152889251709s
Run: 01, Epoch: 35, Loss: 0.2809, Train: 93.39%, Valid: 91.86% Test: 79.29% Time: 140.25038123130798s
Run: 01, Epoch: 36, Loss: 0.2809, Train: 93.43%, Valid: 91.86% Test: 79.44% Time: 150.3419632911682s
Run: 01, Epoch: 37, Loss: 0.2794, Train: 93.47%, Valid: 91.93% Test: 79.09% Time: 147.6451063156128s
Run: 01, Epoch: 38, Loss: 0.2799, Train: 93.52%, Valid: 91.92% Test: 78.97% Time: 142.7158625125885s
Run: 01, Epoch: 39, Loss: 0.2792, Train: 93.54%, Valid: 91.85% Test: 79.30% Time: 143.5749442577362s
Run: 01, Epoch: 40, Loss: 0.2768, Train: 93.57%, Valid: 91.97% Test: 79.34% Time: 146.2947940826416s
Run: 01, Epoch: 41, Loss: 0.2764, Train: 93.49%, Valid: 91.83% Test: 79.23% Time: 146.2211947441101s
Run: 01, Epoch: 42, Loss: 0.2770, Train: 93.64%, Valid: 91.93% Test: 79.33% Time: 145.77969026565552s
Run: 01, Epoch: 43, Loss: 0.2762, Train: 93.66%, Valid: 91.97% Test: 79.21% Time: 144.060480594635s
Run: 01, Epoch: 44, Loss: 0.2772, Train: 93.46%, Valid: 91.91% Test: 79.24% Time: 150.89911365509033s
Run: 01, Epoch: 45, Loss: 0.2752, Train: 93.63%, Valid: 91.84% Test: 79.25% Time: 149.4616825580597s
Run: 01, Epoch: 46, Loss: 0.2743, Train: 93.60%, Valid: 91.96% Test: 79.10% Time: 143.97317504882812s
Run: 01, Epoch: 47, Loss: 0.2772, Train: 93.61%, Valid: 91.92% Test: 78.48% Time: 144.04182934761047s
Run: 01, Epoch: 48, Loss: 0.2755, Train: 93.66%, Valid: 91.91% Test: 78.97% Time: 143.34400391578674s
Run: 01, Epoch: 49, Loss: 0.2745, Train: 93.61%, Valid: 91.98% Test: 79.80% Time: 151.57331800460815s
Run: 01, Epoch: 50, Loss: 0.2745, Train: 93.60%, Valid: 91.97% Test: 78.76% Time: 157.65924263000488s
Run: 01, Epoch: 51, Loss: 0.2718, Train: 93.70%, Valid: 91.90% Test: 78.56% Time: 151.61129760742188s
Run: 01, Epoch: 52, Loss: 0.2757, Train: 93.64%, Valid: 91.91% Test: 78.85% Time: 145.81786918640137s
Run: 01, Epoch: 53, Loss: 0.2741, Train: 93.65%, Valid: 91.88% Test: 79.15% Time: 149.48632717132568s
Run: 01, Epoch: 54, Loss: 0.2740, Train: 93.64%, Valid: 91.96% Test: 79.14% Time: 151.781658411026s
Run: 01, Epoch: 55, Loss: 0.2746, Train: 93.71%, Valid: 91.87% Test: 78.77% Time: 149.97781777381897s
Run: 01, Epoch: 56, Loss: 0.2738, Train: 93.70%, Valid: 91.99% Test: 78.81% Time: 154.05493259429932s
Run: 01, Epoch: 57, Loss: 0.2758, Train: 93.67%, Valid: 92.00% Test: 78.87% Time: 151.6968367099762s
Run: 01, Epoch: 58, Loss: 0.2742, Train: 93.76%, Valid: 91.87% Test: 79.03% Time: 144.91354298591614s
Run: 01, Epoch: 59, Loss: 0.2743, Train: 93.67%, Valid: 91.89% Test: 78.69% Time: 145.66494488716125s
Run: 01, Epoch: 60, Loss: 0.2705, Train: 93.67%, Valid: 91.86% Test: 79.13% Time: 143.75797533988953s
Run 01:
Highest Train: 93.76
Highest Valid: 92.00
  Final Train: 93.67
   Final Test: 78.87
Avg_sampling_time: 10.56834815343221s, Avg_to_time: 0.32310758034388226s,  Avg_train_time: 4.2788684089978535s
All runs:
Highest Train: 93.76 ± nan
Highest Valid: 92.00 ± nan
  Final Train: 93.67 ± nan
   Final Test: 78.87 ± nan
