Using backend: pytorch
Namespace(batch_size=12245, device=1, epochs=60, runs=1)
Run: 01, Epoch:  1, Loss: 1.8058, Train: 78.77%, Valid: 77.95%, Test: 60.66%, Time: 114.93532919883728s
Run: 01, Epoch:  2, Loss: 0.7357, Train: 86.23%, Valid: 85.50%, Test: 68.57%, Time: 112.8239197731018s
Run: 01, Epoch:  3, Loss: 0.5485, Train: 88.22%, Valid: 87.64%, Test: 70.62%, Time: 112.71210384368896s
Run: 01, Epoch:  4, Loss: 0.4736, Train: 89.16%, Valid: 88.52%, Test: 71.62%, Time: 112.85039782524109s
Run: 01, Epoch:  5, Loss: 0.4366, Train: 89.63%, Valid: 88.95%, Test: 72.52%, Time: 110.78760027885437s
Run: 01, Epoch:  6, Loss: 0.4114, Train: 90.21%, Valid: 89.48%, Test: 73.01%, Time: 115.58742833137512s
Run: 01, Epoch:  7, Loss: 0.3952, Train: 90.49%, Valid: 89.85%, Test: 73.99%, Time: 119.14027762413025s
Run: 01, Epoch:  8, Loss: 0.3792, Train: 90.76%, Valid: 90.08%, Test: 74.51%, Time: 117.93106269836426s
Run: 01, Epoch:  9, Loss: 0.3666, Train: 90.98%, Valid: 90.32%, Test: 74.92%, Time: 114.57244277000427s
Run: 01, Epoch:  10, Loss: 0.3593, Train: 91.10%, Valid: 90.32%, Test: 75.24%, Time: 120.00940489768982s
Run: 01, Epoch:  11, Loss: 0.3520, Train: 91.37%, Valid: 90.61%, Test: 75.48%, Time: 117.0391993522644s
Run: 01, Epoch:  12, Loss: 0.3447, Train: 91.44%, Valid: 90.63%, Test: 76.07%, Time: 117.95888757705688s
Run: 01, Epoch:  13, Loss: 0.3392, Train: 91.77%, Valid: 90.88%, Test: 77.02%, Time: 114.54698157310486s
Run: 01, Epoch:  14, Loss: 0.3336, Train: 91.83%, Valid: 90.84%, Test: 77.46%, Time: 116.03520607948303s
Run: 01, Epoch:  15, Loss: 0.3311, Train: 91.97%, Valid: 91.01%, Test: 76.86%, Time: 117.68753576278687s
Run: 01, Epoch:  16, Loss: 0.3239, Train: 92.11%, Valid: 91.18%, Test: 77.42%, Time: 116.13479518890381s
Run: 01, Epoch:  17, Loss: 0.3232, Train: 92.34%, Valid: 91.34%, Test: 78.34%, Time: 120.534175157547s
Run: 01, Epoch:  18, Loss: 0.3156, Train: 92.18%, Valid: 91.25%, Test: 77.56%, Time: 116.23044610023499s
Run: 01, Epoch:  19, Loss: 0.3113, Train: 92.42%, Valid: 91.33%, Test: 78.00%, Time: 119.05256199836731s
Run: 01, Epoch:  20, Loss: 0.3074, Train: 92.50%, Valid: 91.49%, Test: 78.63%, Time: 120.00229477882385s
Run: 01, Epoch:  21, Loss: 0.3075, Train: 92.56%, Valid: 91.44%, Test: 77.76%, Time: 118.02445840835571s
Run: 01, Epoch:  22, Loss: 0.3041, Train: 92.65%, Valid: 91.54%, Test: 77.76%, Time: 119.73144698143005s
Run: 01, Epoch:  23, Loss: 0.3026, Train: 92.78%, Valid: 91.56%, Test: 78.88%, Time: 119.45070457458496s
Run: 01, Epoch:  24, Loss: 0.2973, Train: 92.73%, Valid: 91.61%, Test: 78.98%, Time: 118.89800572395325s
Run: 01, Epoch:  25, Loss: 0.2945, Train: 92.78%, Valid: 91.69%, Test: 79.06%, Time: 116.05222821235657s
Run: 01, Epoch:  26, Loss: 0.2916, Train: 92.97%, Valid: 91.82%, Test: 79.32%, Time: 116.43451952934265s
Run: 01, Epoch:  27, Loss: 0.2903, Train: 92.84%, Valid: 91.69%, Test: 79.11%, Time: 115.26281666755676s
Run: 01, Epoch:  28, Loss: 0.2869, Train: 92.94%, Valid: 91.84%, Test: 78.90%, Time: 115.2147376537323s
Run: 01, Epoch:  29, Loss: 0.2871, Train: 93.06%, Valid: 91.82%, Test: 78.93%, Time: 117.47339367866516s
Run: 01, Epoch:  30, Loss: 0.2909, Train: 93.08%, Valid: 91.74%, Test: 78.85%, Time: 116.31752395629883s
Run: 01, Epoch:  31, Loss: 0.2835, Train: 93.09%, Valid: 91.89%, Test: 79.31%, Time: 117.6051857471466s
Run: 01, Epoch:  32, Loss: 0.2846, Train: 93.14%, Valid: 92.03%, Test: 79.12%, Time: 115.67739772796631s
Run: 01, Epoch:  33, Loss: 0.2848, Train: 93.19%, Valid: 91.94%, Test: 79.26%, Time: 114.0467939376831s
Run: 01, Epoch:  34, Loss: 0.2817, Train: 93.22%, Valid: 91.89%, Test: 79.60%, Time: 109.45413661003113s
Run: 01, Epoch:  35, Loss: 0.2777, Train: 93.24%, Valid: 91.99%, Test: 79.25%, Time: 114.08010411262512s
Run: 01, Epoch:  36, Loss: 0.2765, Train: 93.38%, Valid: 92.08%, Test: 79.05%, Time: 112.30275511741638s
Run: 01, Epoch:  37, Loss: 0.2751, Train: 93.43%, Valid: 92.08%, Test: 78.87%, Time: 110.0838270187378s
Run: 01, Epoch:  38, Loss: 0.2727, Train: 93.45%, Valid: 92.07%, Test: 78.90%, Time: 106.31400918960571s
Run: 01, Epoch:  39, Loss: 0.2726, Train: 93.43%, Valid: 92.21%, Test: 79.45%, Time: 108.74492454528809s
Run: 01, Epoch:  40, Loss: 0.2722, Train: 93.37%, Valid: 92.05%, Test: 79.50%, Time: 108.61321830749512s
Run: 01, Epoch:  41, Loss: 0.2722, Train: 93.47%, Valid: 92.17%, Test: 78.99%, Time: 109.01810646057129s
Run: 01, Epoch:  42, Loss: 0.2722, Train: 93.52%, Valid: 92.12%, Test: 79.18%, Time: 108.88239240646362s
Run: 01, Epoch:  43, Loss: 0.2736, Train: 93.53%, Valid: 92.13%, Test: 79.79%, Time: 108.3992371559143s
Run: 01, Epoch:  44, Loss: 0.2713, Train: 93.52%, Valid: 92.16%, Test: 79.58%, Time: 108.48439574241638s
Run: 01, Epoch:  45, Loss: 0.2678, Train: 93.66%, Valid: 92.27%, Test: 79.47%, Time: 104.45943832397461s
Run: 01, Epoch:  46, Loss: 0.2662, Train: 93.53%, Valid: 92.02%, Test: 79.57%, Time: 110.48747515678406s
Run: 01, Epoch:  47, Loss: 0.2635, Train: 93.65%, Valid: 92.14%, Test: 78.96%, Time: 104.7541778087616s
Run: 01, Epoch:  48, Loss: 0.2647, Train: 93.72%, Valid: 92.21%, Test: 78.96%, Time: 106.80726504325867s
Run: 01, Epoch:  49, Loss: 0.2597, Train: 93.67%, Valid: 92.22%, Test: 79.32%, Time: 103.12340021133423s
Run: 01, Epoch:  50, Loss: 0.2629, Train: 93.81%, Valid: 92.29%, Test: 79.46%, Time: 102.88411974906921s
Run: 01, Epoch:  51, Loss: 0.2625, Train: 93.81%, Valid: 92.31%, Test: 79.03%, Time: 105.39071869850159s
Run: 01, Epoch:  52, Loss: 0.2584, Train: 93.81%, Valid: 92.42%, Test: 79.52%, Time: 103.31381249427795s
Run: 01, Epoch:  53, Loss: 0.2585, Train: 93.87%, Valid: 92.35%, Test: 79.86%, Time: 106.49137806892395s
Run: 01, Epoch:  54, Loss: 0.2601, Train: 93.73%, Valid: 92.23%, Test: 78.95%, Time: 104.85206437110901s
Run: 01, Epoch:  55, Loss: 0.2628, Train: 93.91%, Valid: 92.27%, Test: 79.56%, Time: 108.35670948028564s
Run: 01, Epoch:  56, Loss: 0.2556, Train: 93.90%, Valid: 92.34%, Test: 79.87%, Time: 103.57360363006592s
Run: 01, Epoch:  57, Loss: 0.2602, Train: 93.88%, Valid: 92.33%, Test: 79.49%, Time: 104.7123692035675s
Run: 01, Epoch:  58, Loss: 0.2596, Train: 93.94%, Valid: 92.38%, Test: 79.52%, Time: 106.97500681877136s
Run: 01, Epoch:  59, Loss: 0.2575, Train: 93.93%, Valid: 92.33%, Test: 79.39%, Time: 106.72677707672119s
Run: 01, Epoch:  60, Loss: 0.2614, Train: 94.03%, Valid: 92.25%, Test: 79.16%, Time: 104.5396363735199s
Run 01:
Highest Train: 94.03
Highest Valid: 92.42
  Final Train: 93.81
   Final Test: 79.52
Avg_sampling_time: 8.972998309135438s, Avg_to_time: 1.7165435075759887s,  Avg_train_time: 4.543702340126037s
All runs:
Highest Train: 94.03 ± nan
Highest Valid: 92.42 ± nan
  Final Train: 93.81 ± nan
   Final Test: 79.52 ± nan
