Using backend: pytorch
Namespace(batch_size=75, device=1, dropout=0.5, epochs=60, eval_steps=5, hidden_channels=256, log_steps=1, lr=0.001, num_layers=3, num_partitions=15000, num_workers=12, runs=1)
Run: 01, Epoch: 01, Loss: 1.3080, Train: 83.62%, Valid: 83.31% Test: 67.59% Time: 241.82790088653564s
Run: 01, Epoch: 02, Loss: 0.7045, Train: 87.25%, Valid: 86.55% Test: 70.57% Time: 230.4411027431488s
Run: 01, Epoch: 03, Loss: 0.5941, Train: 88.26%, Valid: 88.15% Test: 71.77% Time: 232.52489399909973s
Run: 01, Epoch: 04, Loss: 0.5396, Train: 89.33%, Valid: 88.79% Test: 72.32% Time: 229.24727988243103s
Run: 01, Epoch: 05, Loss: 0.4947, Train: 89.58%, Valid: 89.16% Test: 73.68% Time: 286.0807626247406s
Run: 01, Epoch: 06, Loss: 0.4613, Train: 89.86%, Valid: 89.47% Test: 73.85% Time: 283.222781419754s
Run: 01, Epoch: 07, Loss: 0.4307, Train: 90.61%, Valid: 90.04% Test: 75.43% Time: 285.4117136001587s
Run: 01, Epoch: 08, Loss: 0.4034, Train: 91.00%, Valid: 90.41% Test: 76.26% Time: 297.20223927497864s
Run: 01, Epoch: 09, Loss: 0.3877, Train: 90.87%, Valid: 90.34% Test: 75.57% Time: 287.1762115955353s
Run: 01, Epoch: 10, Loss: 0.3736, Train: 91.09%, Valid: 90.57% Test: 76.89% Time: 300.0723147392273s
Run: 01, Epoch: 11, Loss: 0.3577, Train: 91.48%, Valid: 90.69% Test: 77.47% Time: 290.6239414215088s
Run: 01, Epoch: 12, Loss: 0.3454, Train: 91.57%, Valid: 90.56% Test: 78.20% Time: 299.16963291168213s
Run: 01, Epoch: 13, Loss: 0.3358, Train: 91.61%, Valid: 90.71% Test: 78.08% Time: 288.003292798996s
Run: 01, Epoch: 14, Loss: 0.3249, Train: 92.01%, Valid: 90.97% Test: 78.38% Time: 290.98362016677856s
Run: 01, Epoch: 15, Loss: 0.3195, Train: 91.97%, Valid: 91.02% Test: 78.21% Time: 290.5045680999756s
Run: 01, Epoch: 16, Loss: 0.3093, Train: 91.96%, Valid: 91.04% Test: 78.95% Time: 291.981303691864s
Run: 01, Epoch: 17, Loss: 0.3017, Train: 92.36%, Valid: 91.30% Test: 78.96% Time: 296.03817200660706s
Run: 01, Epoch: 18, Loss: 0.2935, Train: 92.07%, Valid: 91.13% Test: 79.10% Time: 290.0067570209503s
Run: 01, Epoch: 19, Loss: 0.2915, Train: 92.65%, Valid: 91.37% Test: 79.22% Time: 312.99780321121216s
Run: 01, Epoch: 20, Loss: 0.2830, Train: 92.60%, Valid: 91.39% Test: 79.84% Time: 324.3450930118561s
Run: 01, Epoch: 21, Loss: 0.2740, Train: 92.51%, Valid: 91.22% Test: 79.61% Time: 301.1153185367584s
Run: 01, Epoch: 22, Loss: 0.2699, Train: 92.66%, Valid: 91.31% Test: 79.82% Time: 292.51406145095825s
Run: 01, Epoch: 23, Loss: 0.2667, Train: 92.83%, Valid: 91.60% Test: 79.93% Time: 295.62643933296204s
Run: 01, Epoch: 24, Loss: 0.2584, Train: 92.95%, Valid: 91.51% Test: 79.27% Time: 288.2560119628906s
Run: 01, Epoch: 25, Loss: 0.2629, Train: 92.94%, Valid: 91.57% Test: 79.61% Time: 295.6641204357147s
Run: 01, Epoch: 26, Loss: 0.2606, Train: 92.96%, Valid: 91.52% Test: 79.85% Time: 298.5623662471771s
Run: 01, Epoch: 27, Loss: 0.2492, Train: 92.99%, Valid: 91.56% Test: 80.22% Time: 288.7165868282318s
Run: 01, Epoch: 28, Loss: 0.2451, Train: 93.11%, Valid: 91.72% Test: 79.94% Time: 289.3474245071411s
Run: 01, Epoch: 29, Loss: 0.2385, Train: 93.01%, Valid: 91.49% Test: 79.94% Time: 287.2584557533264s
Run: 01, Epoch: 30, Loss: 0.2371, Train: 93.06%, Valid: 91.68% Test: 80.24% Time: 286.386661529541s
Run: 01, Epoch: 31, Loss: 0.2310, Train: 93.46%, Valid: 91.77% Test: 79.65% Time: 287.9398281574249s
Run: 01, Epoch: 32, Loss: 0.2310, Train: 93.33%, Valid: 91.71% Test: 80.22% Time: 289.4787480831146s
Run: 01, Epoch: 33, Loss: 0.2283, Train: 93.44%, Valid: 91.75% Test: 80.57% Time: 297.8817002773285s
Run: 01, Epoch: 34, Loss: 0.2270, Train: 93.45%, Valid: 91.87% Test: 80.37% Time: 285.25198578834534s
Run: 01, Epoch: 35, Loss: 0.2219, Train: 93.49%, Valid: 91.85% Test: 80.43% Time: 283.02929973602295s
Run: 01, Epoch: 36, Loss: 0.2215, Train: 93.54%, Valid: 91.82% Test: 79.90% Time: 287.4381477832794s
Run: 01, Epoch: 37, Loss: 0.2195, Train: 93.58%, Valid: 91.79% Test: 80.30% Time: 286.8881380558014s
Run: 01, Epoch: 38, Loss: 0.2147, Train: 93.63%, Valid: 91.95% Test: 79.88% Time: 296.1433947086334s
Run: 01, Epoch: 39, Loss: 0.2137, Train: 93.64%, Valid: 91.85% Test: 80.85% Time: 294.2707827091217s
Run: 01, Epoch: 40, Loss: 0.2080, Train: 93.56%, Valid: 91.80% Test: 80.14% Time: 289.1152398586273s
Run: 01, Epoch: 41, Loss: 0.2070, Train: 93.54%, Valid: 91.87% Test: 80.23% Time: 292.4814121723175s
Run: 01, Epoch: 42, Loss: 0.2063, Train: 93.52%, Valid: 91.70% Test: 80.23% Time: 291.45054173469543s
Run: 01, Epoch: 43, Loss: 0.2074, Train: 93.75%, Valid: 91.82% Test: 79.95% Time: 290.1257834434509s
Run: 01, Epoch: 44, Loss: 0.2032, Train: 93.85%, Valid: 92.00% Test: 79.95% Time: 288.4482698440552s
Run: 01, Epoch: 45, Loss: 0.2008, Train: 93.83%, Valid: 91.89% Test: 80.59% Time: 289.7020356655121s
Run: 01, Epoch: 46, Loss: 0.2014, Train: 93.85%, Valid: 91.89% Test: 80.24% Time: 295.1067759990692s
Run: 01, Epoch: 47, Loss: 0.1975, Train: 93.84%, Valid: 91.78% Test: 80.38% Time: 283.52120304107666s
Run: 01, Epoch: 48, Loss: 0.1929, Train: 93.89%, Valid: 91.95% Test: 80.30% Time: 300.3641390800476s
Run: 01, Epoch: 49, Loss: 0.1964, Train: 93.67%, Valid: 91.85% Test: 80.55% Time: 298.7651472091675s
Run: 01, Epoch: 50, Loss: 0.1933, Train: 93.83%, Valid: 91.95% Test: 80.29% Time: 297.5098783969879s
Run: 01, Epoch: 51, Loss: 0.1919, Train: 93.99%, Valid: 91.89% Test: 80.15% Time: 287.6455430984497s
Run: 01, Epoch: 52, Loss: 0.1918, Train: 94.01%, Valid: 92.01% Test: 80.18% Time: 291.33095812797546s
Run: 01, Epoch: 53, Loss: 0.1871, Train: 94.00%, Valid: 92.01% Test: 80.35% Time: 292.4679775238037s
Run: 01, Epoch: 54, Loss: 0.1852, Train: 94.03%, Valid: 92.00% Test: 80.09% Time: 285.86968779563904s
Run: 01, Epoch: 55, Loss: 0.1842, Train: 93.93%, Valid: 91.79% Test: 80.74% Time: 293.336448431015s
Run: 01, Epoch: 56, Loss: 0.1864, Train: 93.97%, Valid: 91.83% Test: 80.23% Time: 289.95069456100464s
Run: 01, Epoch: 57, Loss: 0.1900, Train: 93.94%, Valid: 92.01% Test: 80.07% Time: 292.6110188961029s
Run: 01, Epoch: 58, Loss: 0.1832, Train: 94.02%, Valid: 91.88% Test: 80.58% Time: 291.6975996494293s
Run: 01, Epoch: 59, Loss: 0.1795, Train: 93.93%, Valid: 91.76% Test: 80.54% Time: 291.68927907943726s
Run: 01, Epoch: 60, Loss: 0.1803, Train: 94.16%, Valid: 92.18% Test: 80.38% Time: 289.8122410774231s
Run 01:
Highest Train: 94.16
Highest Valid: 92.18
  Final Train: 94.16
   Final Test: 80.38
Avg_sampling_time: 1.2545566797256469s, Avg_to_time: 1.7868403593699138s,  Avg_train_time: 8.299666480223339s
All runs:
Highest Train: 94.16 ± nan
Highest Valid: 92.18 ± nan
  Final Train: 94.16 ± nan
   Final Test: 80.38 ± nan
