Using backend: pytorch
Namespace(batch_size=1224, device=1, dropout=0.5, epochs=60, eval_steps=2, hidden_channels=256, inductive=False, log_steps=1, lr=0.01, num_layers=3, num_steps=30, runs=1, walk_length=3)
Run: 01, Epoch: 01, Loss: 1.7587, Train: 81.74%, Valid: 81.12% Test: 64.98% Time: 130.92785596847534s
Run: 01, Epoch: 02, Loss: 1.0292, Train: 85.04%, Valid: 84.71% Test: 68.63% Time: 123.15968251228333s
Run: 01, Epoch: 03, Loss: 0.9374, Train: 86.07%, Valid: 86.06% Test: 70.69% Time: 122.31041622161865s
Run: 01, Epoch: 04, Loss: 0.9294, Train: 86.88%, Valid: 86.53% Test: 70.49% Time: 122.12614107131958s
Run: 01, Epoch: 05, Loss: 0.8807, Train: 86.94%, Valid: 86.76% Test: 70.78% Time: 128.23455500602722s
Run: 01, Epoch: 06, Loss: 0.8452, Train: 87.39%, Valid: 87.06% Test: 71.61% Time: 126.5232264995575s
Run: 01, Epoch: 07, Loss: 0.8381, Train: 87.44%, Valid: 87.08% Test: 71.87% Time: 127.37681722640991s
Run: 01, Epoch: 08, Loss: 0.8166, Train: 87.91%, Valid: 87.59% Test: 71.61% Time: 124.37497091293335s
Run: 01, Epoch: 09, Loss: 0.7951, Train: 87.45%, Valid: 87.25% Test: 71.43% Time: 124.51022577285767s
Run: 01, Epoch: 10, Loss: 0.7899, Train: 87.65%, Valid: 87.30% Test: 71.21% Time: 128.5101296901703s
Run: 01, Epoch: 11, Loss: 0.8026, Train: 87.87%, Valid: 87.72% Test: 71.55% Time: 126.37595391273499s
Run: 01, Epoch: 12, Loss: 0.7796, Train: 88.13%, Valid: 87.96% Test: 71.91% Time: 130.31590938568115s
Run: 01, Epoch: 13, Loss: 0.7745, Train: 87.99%, Valid: 87.88% Test: 72.14% Time: 128.4111533164978s
Run: 01, Epoch: 14, Loss: 0.7945, Train: 87.73%, Valid: 87.46% Test: 71.62% Time: 125.44449234008789s
Run: 01, Epoch: 15, Loss: 0.7893, Train: 87.82%, Valid: 87.75% Test: 71.62% Time: 129.41897320747375s
Run: 01, Epoch: 16, Loss: 0.8257, Train: 88.16%, Valid: 87.96% Test: 72.34% Time: 128.47115325927734s
Run: 01, Epoch: 17, Loss: 0.7928, Train: 88.32%, Valid: 88.00% Test: 71.66% Time: 124.91249108314514s
Run: 01, Epoch: 18, Loss: 0.7866, Train: 88.05%, Valid: 87.82% Test: 70.75% Time: 122.59078478813171s
Run: 01, Epoch: 19, Loss: 0.7788, Train: 88.49%, Valid: 88.34% Test: 72.37% Time: 125.66812133789062s
Run: 01, Epoch: 20, Loss: 0.7576, Train: 88.35%, Valid: 88.05% Test: 71.11% Time: 126.18780088424683s
Run: 01, Epoch: 21, Loss: 0.8212, Train: 88.32%, Valid: 88.07% Test: 71.55% Time: 123.19923663139343s
Run: 01, Epoch: 22, Loss: 0.8024, Train: 88.35%, Valid: 88.10% Test: 71.64% Time: 130.04572820663452s
Run: 01, Epoch: 23, Loss: 0.8321, Train: 87.92%, Valid: 87.82% Test: 70.55% Time: 126.77775835990906s
Run: 01, Epoch: 24, Loss: 0.8371, Train: 88.00%, Valid: 87.78% Test: 71.20% Time: 121.69739961624146s
Run: 01, Epoch: 25, Loss: 0.7989, Train: 87.92%, Valid: 87.69% Test: 71.25% Time: 133.6375482082367s
Run: 01, Epoch: 26, Loss: 0.7958, Train: 88.41%, Valid: 88.18% Test: 71.50% Time: 127.54792547225952s
Run: 01, Epoch: 27, Loss: 0.8112, Train: 88.20%, Valid: 88.07% Test: 71.77% Time: 133.39740228652954s
Run: 01, Epoch: 28, Loss: 0.7809, Train: 88.25%, Valid: 87.91% Test: 70.85% Time: 126.49734926223755s
Run: 01, Epoch: 29, Loss: 0.7792, Train: 88.34%, Valid: 88.19% Test: 71.57% Time: 133.14555287361145s
Run: 01, Epoch: 30, Loss: 0.7915, Train: 88.35%, Valid: 88.14% Test: 72.60% Time: 129.7186357975006s
Run: 01, Epoch: 31, Loss: 0.7738, Train: 88.42%, Valid: 88.17% Test: 72.34% Time: 132.57776045799255s
Run: 01, Epoch: 32, Loss: 0.7920, Train: 88.43%, Valid: 88.23% Test: 71.46% Time: 141.41444444656372s
Run: 01, Epoch: 33, Loss: 0.8003, Train: 88.51%, Valid: 88.46% Test: 72.43% Time: 140.5335087776184s
Run: 01, Epoch: 34, Loss: 0.7773, Train: 88.48%, Valid: 88.28% Test: 72.83% Time: 136.68966794013977s
Run: 01, Epoch: 35, Loss: 0.7845, Train: 88.55%, Valid: 88.38% Test: 71.87% Time: 130.30529689788818s
Run: 01, Epoch: 36, Loss: 0.7781, Train: 88.53%, Valid: 88.12% Test: 72.23% Time: 125.84156012535095s
Run: 01, Epoch: 37, Loss: 0.7612, Train: 88.24%, Valid: 88.07% Test: 70.70% Time: 129.88161706924438s
Run: 01, Epoch: 38, Loss: 0.7889, Train: 88.35%, Valid: 88.34% Test: 71.77% Time: 139.61170959472656s
Run: 01, Epoch: 39, Loss: 0.7884, Train: 88.56%, Valid: 88.48% Test: 72.17% Time: 136.31312561035156s
Run: 01, Epoch: 40, Loss: 0.7940, Train: 88.23%, Valid: 88.07% Test: 71.26% Time: 126.42018508911133s
Run: 01, Epoch: 41, Loss: 0.7924, Train: 87.95%, Valid: 87.47% Test: 71.63% Time: 131.42298650741577s
Run: 01, Epoch: 42, Loss: 0.8542, Train: 87.87%, Valid: 87.68% Test: 71.58% Time: 127.95103025436401s
Run: 01, Epoch: 43, Loss: 0.8139, Train: 88.19%, Valid: 88.01% Test: 71.96% Time: 127.2368106842041s
Run: 01, Epoch: 44, Loss: 0.8247, Train: 87.71%, Valid: 87.51% Test: 71.16% Time: 124.15037298202515s
Run: 01, Epoch: 45, Loss: 0.8091, Train: 87.89%, Valid: 87.60% Test: 71.35% Time: 131.50881671905518s
Run: 01, Epoch: 46, Loss: 0.8048, Train: 88.05%, Valid: 88.01% Test: 71.43% Time: 133.46231031417847s
Run: 01, Epoch: 47, Loss: 0.8114, Train: 88.24%, Valid: 88.04% Test: 71.79% Time: 132.26891589164734s
Run: 01, Epoch: 48, Loss: 0.8316, Train: 88.10%, Valid: 87.70% Test: 70.85% Time: 131.5514690876007s
Run: 01, Epoch: 49, Loss: 0.8360, Train: 87.82%, Valid: 87.41% Test: 70.97% Time: 139.30130290985107s
Run: 01, Epoch: 50, Loss: 0.8638, Train: 87.81%, Valid: 87.60% Test: 70.25% Time: 134.11280584335327s
Run: 01, Epoch: 51, Loss: 0.8623, Train: 87.83%, Valid: 87.48% Test: 70.80% Time: 141.38608407974243s
Run: 01, Epoch: 52, Loss: 0.8479, Train: 87.55%, Valid: 87.45% Test: 71.06% Time: 139.65408444404602s
Run: 01, Epoch: 53, Loss: 0.8443, Train: 87.83%, Valid: 87.51% Test: 71.34% Time: 140.76134204864502s
Run: 01, Epoch: 54, Loss: 0.8501, Train: 87.90%, Valid: 87.57% Test: 70.91% Time: 138.27630877494812s
Run: 01, Epoch: 55, Loss: 0.8130, Train: 87.86%, Valid: 87.68% Test: 70.89% Time: 140.32889699935913s
Run: 01, Epoch: 56, Loss: 0.8020, Train: 87.89%, Valid: 87.49% Test: 70.79% Time: 138.35819101333618s
Run: 01, Epoch: 57, Loss: 0.8269, Train: 88.02%, Valid: 87.84% Test: 71.05% Time: 142.2721037864685s
Run: 01, Epoch: 58, Loss: 0.8099, Train: 87.92%, Valid: 87.73% Test: 70.78% Time: 144.16580367088318s
Run: 01, Epoch: 59, Loss: 0.8124, Train: 87.88%, Valid: 87.66% Test: 69.88% Time: 141.7127981185913s
Run: 01, Epoch: 60, Loss: 0.8077, Train: 87.86%, Valid: 87.56% Test: 70.38% Time: 145.22703385353088s
Run 01:
Highest Train: 88.56
Highest Valid: 88.48
  Final Train: 88.56
   Final Test: 72.17
Avg_sampling_time: 1.0021155198415121s, Avg_to_time: 0.027470493316650392s,  Avg_train_time: 0.259674863020579s
All runs:
Highest Train: 88.56 ± nan
Highest Valid: 88.48 ± nan
  Final Train: 88.56 ± nan
   Final Test: 72.17 ± nan
