Using backend: pytorch
Namespace(batch_size=244, device=1, epochs=60, runs=1)
Run: 01, Epoch:  1, Loss: 0.5019, Train: 90.84%, Valid: 90.06%, Test: 75.75%, Time: 107.62092566490173s
Run: 01, Epoch:  2, Loss: 0.3710, Train: 91.89%, Valid: 90.98%, Test: 77.54%, Time: 102.30387711524963s
Run: 01, Epoch:  3, Loss: 0.3500, Train: 92.07%, Valid: 90.96%, Test: 77.16%, Time: 103.89292812347412s
Run: 01, Epoch:  4, Loss: 0.3367, Train: 92.42%, Valid: 91.04%, Test: 76.70%, Time: 101.80470108985901s
Run: 01, Epoch:  5, Loss: 0.3309, Train: 92.67%, Valid: 91.31%, Test: 77.38%, Time: 105.57605409622192s
Run: 01, Epoch:  6, Loss: 0.3249, Train: 92.72%, Valid: 91.53%, Test: 77.52%, Time: 108.7813196182251s
Run: 01, Epoch:  7, Loss: 0.3234, Train: 92.88%, Valid: 91.58%, Test: 77.79%, Time: 106.05275511741638s
Run: 01, Epoch:  8, Loss: 0.3192, Train: 93.01%, Valid: 91.61%, Test: 77.86%, Time: 113.87807154655457s
Run: 01, Epoch:  9, Loss: 0.3199, Train: 92.95%, Valid: 91.42%, Test: 77.73%, Time: 113.2093915939331s
Run: 01, Epoch:  10, Loss: 0.3188, Train: 93.22%, Valid: 91.76%, Test: 78.18%, Time: 102.70374655723572s
Run: 01, Epoch:  11, Loss: 0.3134, Train: 93.18%, Valid: 91.68%, Test: 78.16%, Time: 108.20517778396606s
Run: 01, Epoch:  12, Loss: 0.3163, Train: 93.25%, Valid: 91.64%, Test: 77.38%, Time: 116.23972249031067s
Run: 01, Epoch:  13, Loss: 0.3122, Train: 93.41%, Valid: 91.61%, Test: 77.40%, Time: 108.10741853713989s
Run: 01, Epoch:  14, Loss: 0.3138, Train: 93.25%, Valid: 91.63%, Test: 77.52%, Time: 105.2333562374115s
Run: 01, Epoch:  15, Loss: 0.3127, Train: 93.33%, Valid: 91.57%, Test: 76.43%, Time: 115.5128002166748s
Run: 01, Epoch:  16, Loss: 0.3123, Train: 93.39%, Valid: 91.83%, Test: 77.19%, Time: 108.06509017944336s
Run: 01, Epoch:  17, Loss: 0.3108, Train: 93.41%, Valid: 91.72%, Test: 77.58%, Time: 104.94924426078796s
Run: 01, Epoch:  18, Loss: 0.3099, Train: 93.33%, Valid: 91.75%, Test: 77.43%, Time: 112.97876524925232s
Run: 01, Epoch:  19, Loss: 0.3058, Train: 93.31%, Valid: 91.71%, Test: 76.56%, Time: 108.59603476524353s
Run: 01, Epoch:  20, Loss: 0.3067, Train: 93.33%, Valid: 91.62%, Test: 77.39%, Time: 102.10153007507324s
Run: 01, Epoch:  21, Loss: 0.3072, Train: 93.36%, Valid: 91.67%, Test: 76.97%, Time: 118.28667283058167s
Run: 01, Epoch:  22, Loss: 0.3072, Train: 93.43%, Valid: 91.61%, Test: 76.98%, Time: 103.34039831161499s
Run: 01, Epoch:  23, Loss: 0.3043, Train: 93.53%, Valid: 91.68%, Test: 76.83%, Time: 109.54226636886597s
Run: 01, Epoch:  24, Loss: 0.3074, Train: 93.32%, Valid: 91.48%, Test: 75.82%, Time: 103.30745100975037s
Run: 01, Epoch:  25, Loss: 0.3086, Train: 93.52%, Valid: 91.81%, Test: 78.14%, Time: 108.0515706539154s
Run: 01, Epoch:  26, Loss: 0.3041, Train: 93.49%, Valid: 91.58%, Test: 76.25%, Time: 118.18264985084534s
Run: 01, Epoch:  27, Loss: 0.3057, Train: 93.51%, Valid: 91.80%, Test: 76.53%, Time: 102.96518874168396s
Run: 01, Epoch:  28, Loss: 0.3052, Train: 93.48%, Valid: 91.71%, Test: 76.67%, Time: 99.87026882171631s
Run: 01, Epoch:  29, Loss: 0.3025, Train: 93.40%, Valid: 91.63%, Test: 77.02%, Time: 104.80912494659424s
Run: 01, Epoch:  30, Loss: 0.3062, Train: 93.45%, Valid: 91.49%, Test: 76.71%, Time: 117.01416897773743s
Run: 01, Epoch:  31, Loss: 0.3042, Train: 93.50%, Valid: 91.65%, Test: 76.66%, Time: 105.45240187644958s
Run: 01, Epoch:  32, Loss: 0.3063, Train: 93.41%, Valid: 91.56%, Test: 75.88%, Time: 103.79174542427063s
Run: 01, Epoch:  33, Loss: 0.3059, Train: 93.58%, Valid: 91.71%, Test: 76.07%, Time: 104.46634483337402s
Run: 01, Epoch:  34, Loss: 0.3051, Train: 93.59%, Valid: 91.70%, Test: 77.42%, Time: 100.5103714466095s
Run: 01, Epoch:  35, Loss: 0.3058, Train: 93.53%, Valid: 91.67%, Test: 77.01%, Time: 111.29690885543823s
Run: 01, Epoch:  36, Loss: 0.3049, Train: 93.51%, Valid: 91.54%, Test: 75.99%, Time: 113.2289650440216s
Run: 01, Epoch:  37, Loss: 0.3042, Train: 93.61%, Valid: 91.73%, Test: 76.51%, Time: 113.84838032722473s
Run: 01, Epoch:  38, Loss: 0.3043, Train: 93.67%, Valid: 91.70%, Test: 76.77%, Time: 120.50907301902771s
Run: 01, Epoch:  39, Loss: 0.3043, Train: 93.55%, Valid: 91.57%, Test: 76.61%, Time: 111.79702281951904s
Run: 01, Epoch:  40, Loss: 0.3046, Train: 93.65%, Valid: 91.71%, Test: 77.14%, Time: 104.1155297756195s
Run: 01, Epoch:  41, Loss: 0.3041, Train: 93.43%, Valid: 91.59%, Test: 76.58%, Time: 102.94212532043457s
Run: 01, Epoch:  42, Loss: 0.3044, Train: 93.64%, Valid: 91.74%, Test: 77.89%, Time: 111.69879221916199s
Run: 01, Epoch:  43, Loss: 0.3059, Train: 93.56%, Valid: 91.72%, Test: 77.34%, Time: 106.72973227500916s
Run: 01, Epoch:  44, Loss: 0.3043, Train: 93.43%, Valid: 91.61%, Test: 76.00%, Time: 104.10667252540588s
Run: 01, Epoch:  45, Loss: 0.3047, Train: 93.66%, Valid: 91.68%, Test: 76.42%, Time: 113.05794930458069s
Run: 01, Epoch:  46, Loss: 0.3045, Train: 93.47%, Valid: 91.74%, Test: 75.93%, Time: 121.10851550102234s
Run: 01, Epoch:  47, Loss: 0.3048, Train: 93.59%, Valid: 91.71%, Test: 76.23%, Time: 114.36555504798889s
Run: 01, Epoch:  48, Loss: 0.3057, Train: 93.64%, Valid: 91.84%, Test: 76.36%, Time: 117.34845113754272s
Run: 01, Epoch:  49, Loss: 0.2999, Train: 93.56%, Valid: 91.66%, Test: 76.56%, Time: 113.6122899055481s
Run: 01, Epoch:  50, Loss: 0.3018, Train: 93.46%, Valid: 91.59%, Test: 77.19%, Time: 103.91672396659851s
Run: 01, Epoch:  51, Loss: 0.3057, Train: 93.47%, Valid: 91.57%, Test: 76.56%, Time: 104.64252257347107s
Run: 01, Epoch:  52, Loss: 0.3020, Train: 93.69%, Valid: 91.90%, Test: 76.45%, Time: 103.57706665992737s
Run: 01, Epoch:  53, Loss: 0.3057, Train: 93.55%, Valid: 91.83%, Test: 77.14%, Time: 105.54623246192932s
Run: 01, Epoch:  54, Loss: 0.3015, Train: 93.56%, Valid: 91.72%, Test: 76.41%, Time: 115.51276111602783s
Run: 01, Epoch:  55, Loss: 0.3042, Train: 93.61%, Valid: 91.68%, Test: 76.33%, Time: 123.35702967643738s
Run: 01, Epoch:  56, Loss: 0.3020, Train: 93.60%, Valid: 91.89%, Test: 75.84%, Time: 118.64182114601135s
Run: 01, Epoch:  57, Loss: 0.3034, Train: 93.56%, Valid: 91.84%, Test: 75.88%, Time: 113.6678683757782s
Run: 01, Epoch:  58, Loss: 0.3026, Train: 93.64%, Valid: 91.63%, Test: 76.41%, Time: 106.87024903297424s
Run: 01, Epoch:  59, Loss: 0.3094, Train: 93.55%, Valid: 91.65%, Test: 76.62%, Time: 101.63866376876831s
Run: 01, Epoch:  60, Loss: 0.3038, Train: 93.45%, Valid: 91.70%, Test: 76.30%, Time: 104.66051030158997s
Run 01:
Highest Train: 93.69
Highest Valid: 91.90
  Final Train: 93.69
   Final Test: 76.45
Avg_sampling_time: 4.398582835992177s, Avg_to_time: 4.848652668793997s,  Avg_train_time: 8.103704659144084s
All runs:
Highest Train: 93.69 ± nan
Highest Valid: 91.90 ± nan
  Final Train: 93.69 ± nan
   Final Test: 76.45 ± nan
