Using backend: pytorch
Namespace(batch_size=900, device=0, dropout=0.5, epochs=60, eval_steps=5, hidden_channels=256, log_steps=1, lr=0.001, num_layers=3, num_partitions=15000, num_workers=12, runs=1)
Run: 01, Epoch: 01, Loss: 2.6130, Train: 53.02%, Valid: 53.28% Test: 42.72% Time: 173.4263880252838s
Run: 01, Epoch: 02, Loss: 1.4423, Train: 76.29%, Valid: 75.29% Test: 57.98% Time: 178.02986240386963s
Run: 01, Epoch: 03, Loss: 1.0212, Train: 82.47%, Valid: 81.73% Test: 64.05% Time: 203.0202796459198s
Run: 01, Epoch: 04, Loss: 0.8358, Train: 85.01%, Valid: 84.30% Test: 67.61% Time: 201.05232000350952s
Run: 01, Epoch: 05, Loss: 0.7433, Train: 86.12%, Valid: 85.46% Test: 69.25% Time: 187.87993931770325s
Run: 01, Epoch: 06, Loss: 0.6891, Train: 86.90%, Valid: 86.35% Test: 69.89% Time: 186.45033860206604s
Run: 01, Epoch: 07, Loss: 0.6534, Train: 87.44%, Valid: 86.89% Test: 70.39% Time: 173.26327419281006s
Run: 01, Epoch: 08, Loss: 0.6206, Train: 88.07%, Valid: 87.65% Test: 71.14% Time: 186.8351867198944s
Run: 01, Epoch: 09, Loss: 0.5969, Train: 88.40%, Valid: 87.93% Test: 71.50% Time: 198.58505535125732s
Run: 01, Epoch: 10, Loss: 0.5753, Train: 88.75%, Valid: 88.31% Test: 71.90% Time: 185.4652714729309s
Run: 01, Epoch: 11, Loss: 0.5596, Train: 88.79%, Valid: 88.32% Test: 71.98% Time: 181.64364624023438s
Run: 01, Epoch: 12, Loss: 0.5443, Train: 89.05%, Valid: 88.59% Test: 72.16% Time: 195.6459925174713s
Run: 01, Epoch: 13, Loss: 0.5318, Train: 89.22%, Valid: 88.65% Test: 72.58% Time: 168.43463516235352s
Run: 01, Epoch: 14, Loss: 0.5200, Train: 89.38%, Valid: 88.88% Test: 73.00% Time: 191.36369395256042s
Run: 01, Epoch: 15, Loss: 0.5084, Train: 89.55%, Valid: 89.06% Test: 73.28% Time: 178.051575422287s
Run: 01, Epoch: 16, Loss: 0.4995, Train: 89.82%, Valid: 89.21% Test: 73.70% Time: 188.89371252059937s
Run: 01, Epoch: 17, Loss: 0.4878, Train: 89.76%, Valid: 89.31% Test: 74.26% Time: 189.2234673500061s
Run: 01, Epoch: 18, Loss: 0.4811, Train: 90.06%, Valid: 89.50% Test: 74.08% Time: 187.85535216331482s
Run: 01, Epoch: 19, Loss: 0.4705, Train: 90.18%, Valid: 89.58% Test: 74.35% Time: 199.57098650932312s
Run: 01, Epoch: 20, Loss: 0.4630, Train: 90.23%, Valid: 89.68% Test: 74.54% Time: 192.55410933494568s
Run: 01, Epoch: 21, Loss: 0.4546, Train: 90.32%, Valid: 89.76% Test: 74.75% Time: 203.03481674194336s
Run: 01, Epoch: 22, Loss: 0.4492, Train: 90.52%, Valid: 89.77% Test: 74.85% Time: 199.96603155136108s
Run: 01, Epoch: 23, Loss: 0.4446, Train: 90.47%, Valid: 89.89% Test: 74.79% Time: 181.0927836894989s
Run: 01, Epoch: 24, Loss: 0.4390, Train: 90.48%, Valid: 89.91% Test: 74.64% Time: 180.65858817100525s
Run: 01, Epoch: 25, Loss: 0.4314, Train: 90.68%, Valid: 90.06% Test: 75.37% Time: 184.35977244377136s
Run: 01, Epoch: 26, Loss: 0.4269, Train: 90.83%, Valid: 90.14% Test: 75.51% Time: 180.40576267242432s
Run: 01, Epoch: 27, Loss: 0.4215, Train: 90.80%, Valid: 90.14% Test: 75.82% Time: 178.48949241638184s
Run: 01, Epoch: 28, Loss: 0.4152, Train: 90.86%, Valid: 90.10% Test: 75.90% Time: 178.26130962371826s
Run: 01, Epoch: 29, Loss: 0.4118, Train: 90.90%, Valid: 90.23% Test: 76.36% Time: 181.21716570854187s
Run: 01, Epoch: 30, Loss: 0.4092, Train: 90.91%, Valid: 90.27% Test: 75.93% Time: 174.2483024597168s
Run: 01, Epoch: 31, Loss: 0.4044, Train: 91.14%, Valid: 90.38% Test: 76.45% Time: 185.87432765960693s
Run: 01, Epoch: 32, Loss: 0.3967, Train: 91.22%, Valid: 90.41% Test: 76.37% Time: 195.89541935920715s
Run: 01, Epoch: 33, Loss: 0.3959, Train: 91.29%, Valid: 90.60% Test: 76.84% Time: 184.092444896698s
Run: 01, Epoch: 34, Loss: 0.3905, Train: 91.19%, Valid: 90.50% Test: 76.88% Time: 174.80394196510315s
Run: 01, Epoch: 35, Loss: 0.3855, Train: 91.31%, Valid: 90.55% Test: 77.49% Time: 174.35861086845398s
Run: 01, Epoch: 36, Loss: 0.3820, Train: 91.43%, Valid: 90.65% Test: 77.05% Time: 173.881117105484s
Run: 01, Epoch: 37, Loss: 0.3789, Train: 91.37%, Valid: 90.61% Test: 76.84% Time: 184.8782615661621s
Run: 01, Epoch: 38, Loss: 0.3763, Train: 91.54%, Valid: 90.74% Test: 76.87% Time: 180.1513249874115s
Run: 01, Epoch: 39, Loss: 0.3736, Train: 91.52%, Valid: 90.70% Test: 76.82% Time: 174.20355534553528s
Run: 01, Epoch: 40, Loss: 0.3725, Train: 91.55%, Valid: 90.76% Test: 77.02% Time: 175.4970667362213s
Run: 01, Epoch: 41, Loss: 0.3670, Train: 91.53%, Valid: 90.66% Test: 77.31% Time: 175.1356954574585s
Run: 01, Epoch: 42, Loss: 0.3665, Train: 91.69%, Valid: 90.86% Test: 77.69% Time: 185.65053749084473s
Run: 01, Epoch: 43, Loss: 0.3594, Train: 91.71%, Valid: 90.86% Test: 78.02% Time: 179.12187886238098s
Run: 01, Epoch: 44, Loss: 0.3586, Train: 91.60%, Valid: 90.76% Test: 77.76% Time: 183.39777541160583s
Run: 01, Epoch: 45, Loss: 0.3558, Train: 91.87%, Valid: 90.92% Test: 78.17% Time: 195.1864879131317s
Run: 01, Epoch: 46, Loss: 0.3535, Train: 91.81%, Valid: 90.97% Test: 78.00% Time: 196.52547240257263s
Run: 01, Epoch: 47, Loss: 0.3525, Train: 91.91%, Valid: 90.96% Test: 77.75% Time: 192.5691623687744s
Run: 01, Epoch: 48, Loss: 0.3471, Train: 91.78%, Valid: 90.87% Test: 77.79% Time: 200.88962602615356s
Run: 01, Epoch: 49, Loss: 0.3451, Train: 91.82%, Valid: 90.92% Test: 78.48% Time: 182.3076000213623s
Run: 01, Epoch: 50, Loss: 0.3452, Train: 91.88%, Valid: 90.94% Test: 77.94% Time: 178.55932426452637s
Run: 01, Epoch: 51, Loss: 0.3413, Train: 91.96%, Valid: 90.98% Test: 78.01% Time: 178.11281323432922s
Run: 01, Epoch: 52, Loss: 0.3397, Train: 91.84%, Valid: 90.89% Test: 78.05% Time: 188.55872297286987s
Run: 01, Epoch: 53, Loss: 0.3391, Train: 92.02%, Valid: 91.07% Test: 78.44% Time: 194.28323793411255s
Run: 01, Epoch: 54, Loss: 0.3351, Train: 91.94%, Valid: 91.03% Test: 78.00% Time: 186.1304395198822s
Run: 01, Epoch: 55, Loss: 0.3310, Train: 91.98%, Valid: 91.04% Test: 78.12% Time: 192.95353293418884s
Run: 01, Epoch: 56, Loss: 0.3327, Train: 91.99%, Valid: 91.10% Test: 78.04% Time: 190.6763780117035s
Run: 01, Epoch: 57, Loss: 0.3324, Train: 92.04%, Valid: 91.07% Test: 77.96% Time: 190.06731915473938s
Run: 01, Epoch: 58, Loss: 0.3283, Train: 92.09%, Valid: 91.05% Test: 78.34% Time: 165.04092478752136s
Run: 01, Epoch: 59, Loss: 0.3290, Train: 92.16%, Valid: 91.21% Test: 78.35% Time: 191.4085910320282s
Run: 01, Epoch: 60, Loss: 0.3234, Train: 92.10%, Valid: 91.22% Test: 78.60% Time: 193.02302193641663s
Run 01:
Highest Train: 92.16
Highest Valid: 91.22
  Final Train: 92.10
   Final Test: 78.60
Avg_sampling_time: 3.9885613242785136s, Avg_to_time: 1.573512283960978s,  Avg_train_time: 4.688503444194794s
All runs:
Highest Train: 92.16 ± nan
Highest Valid: 91.22 ± nan
  Final Train: 92.10 ± nan
   Final Test: 78.60 ± nan
