Using backend: pytorch
Namespace(batch_size=2449, device=1, epochs=60, runs=1)
Run: 01, Epoch:  1, Loss: 0.8919, Train: 88.80%, Valid: 88.09%, Test: 71.60%, Time: 129.8393189907074s
Run: 01, Epoch:  2, Loss: 0.4260, Train: 90.47%, Valid: 89.73%, Test: 74.32%, Time: 124.80801677703857s
Run: 01, Epoch:  3, Loss: 0.3750, Train: 91.27%, Valid: 90.48%, Test: 76.52%, Time: 124.08351564407349s
Run: 01, Epoch:  4, Loss: 0.3510, Train: 91.67%, Valid: 90.76%, Test: 76.80%, Time: 126.20824646949768s
Run: 01, Epoch:  5, Loss: 0.3338, Train: 91.90%, Valid: 90.91%, Test: 77.24%, Time: 123.57191109657288s
Run: 01, Epoch:  6, Loss: 0.3241, Train: 92.32%, Valid: 91.35%, Test: 77.43%, Time: 122.48484349250793s
Run: 01, Epoch:  7, Loss: 0.3136, Train: 92.50%, Valid: 91.44%, Test: 78.82%, Time: 114.07461833953857s
Run: 01, Epoch:  8, Loss: 0.3065, Train: 92.63%, Valid: 91.52%, Test: 78.43%, Time: 123.1863853931427s
Run: 01, Epoch:  9, Loss: 0.2983, Train: 92.83%, Valid: 91.59%, Test: 78.46%, Time: 129.46783018112183s
Run: 01, Epoch:  10, Loss: 0.2937, Train: 92.94%, Valid: 91.75%, Test: 79.08%, Time: 129.81302523612976s
Run: 01, Epoch:  11, Loss: 0.2895, Train: 93.21%, Valid: 91.77%, Test: 79.06%, Time: 131.35904145240784s
Run: 01, Epoch:  12, Loss: 0.2856, Train: 93.23%, Valid: 91.90%, Test: 78.82%, Time: 128.65524053573608s
Run: 01, Epoch:  13, Loss: 0.2814, Train: 93.31%, Valid: 91.89%, Test: 79.52%, Time: 129.47809743881226s
Run: 01, Epoch:  14, Loss: 0.2788, Train: 93.48%, Valid: 91.91%, Test: 79.86%, Time: 126.92642641067505s
Run: 01, Epoch:  15, Loss: 0.2776, Train: 93.50%, Valid: 91.96%, Test: 79.54%, Time: 117.76520466804504s
Run: 01, Epoch:  16, Loss: 0.2759, Train: 93.61%, Valid: 91.99%, Test: 79.34%, Time: 128.7966639995575s
Run: 01, Epoch:  17, Loss: 0.2730, Train: 93.64%, Valid: 91.91%, Test: 79.05%, Time: 131.53664875030518s
Run: 01, Epoch:  18, Loss: 0.2721, Train: 93.52%, Valid: 91.82%, Test: 78.25%, Time: 131.69583654403687s
Run: 01, Epoch:  19, Loss: 0.2699, Train: 93.76%, Valid: 92.13%, Test: 79.54%, Time: 132.0495147705078s
Run: 01, Epoch:  20, Loss: 0.2662, Train: 93.80%, Valid: 92.35%, Test: 79.53%, Time: 129.9078769683838s
Run: 01, Epoch:  21, Loss: 0.2678, Train: 93.68%, Valid: 91.93%, Test: 78.69%, Time: 130.78723692893982s
Run: 01, Epoch:  22, Loss: 0.2651, Train: 93.85%, Valid: 92.15%, Test: 78.79%, Time: 134.2796971797943s
Run: 01, Epoch:  23, Loss: 0.2633, Train: 93.91%, Valid: 92.21%, Test: 78.75%, Time: 132.17749166488647s
Run: 01, Epoch:  24, Loss: 0.2618, Train: 94.02%, Valid: 92.27%, Test: 78.81%, Time: 130.8804326057434s
Run: 01, Epoch:  25, Loss: 0.2603, Train: 94.04%, Valid: 92.27%, Test: 79.36%, Time: 131.5149381160736s
Run: 01, Epoch:  26, Loss: 0.2607, Train: 94.05%, Valid: 92.26%, Test: 78.84%, Time: 132.08331751823425s
Run: 01, Epoch:  27, Loss: 0.2588, Train: 94.16%, Valid: 92.33%, Test: 79.40%, Time: 132.72737407684326s
Run: 01, Epoch:  28, Loss: 0.2600, Train: 94.15%, Valid: 92.29%, Test: 78.88%, Time: 132.55719256401062s
Run: 01, Epoch:  29, Loss: 0.2571, Train: 94.17%, Valid: 92.19%, Test: 79.04%, Time: 132.55105900764465s
Run: 01, Epoch:  30, Loss: 0.2571, Train: 94.06%, Valid: 92.18%, Test: 79.16%, Time: 131.07970142364502s
Run: 01, Epoch:  31, Loss: 0.2555, Train: 94.22%, Valid: 92.22%, Test: 78.96%, Time: 131.24283385276794s
Run: 01, Epoch:  32, Loss: 0.2592, Train: 94.13%, Valid: 92.32%, Test: 78.97%, Time: 127.44566941261292s
Run: 01, Epoch:  33, Loss: 0.2570, Train: 94.21%, Valid: 92.37%, Test: 79.04%, Time: 130.0623288154602s
Run: 01, Epoch:  34, Loss: 0.2543, Train: 94.21%, Valid: 92.37%, Test: 79.13%, Time: 131.41123223304749s
Run: 01, Epoch:  35, Loss: 0.2533, Train: 94.28%, Valid: 92.26%, Test: 79.14%, Time: 116.75056457519531s
Run: 01, Epoch:  36, Loss: 0.2515, Train: 94.34%, Valid: 92.29%, Test: 79.31%, Time: 119.95629358291626s
Run: 01, Epoch:  37, Loss: 0.2508, Train: 94.23%, Valid: 92.39%, Test: 79.33%, Time: 116.14929866790771s
Run: 01, Epoch:  38, Loss: 0.2523, Train: 94.35%, Valid: 92.44%, Test: 79.32%, Time: 122.75132989883423s
Run: 01, Epoch:  39, Loss: 0.2529, Train: 94.33%, Valid: 92.29%, Test: 79.48%, Time: 131.13528633117676s
Run: 01, Epoch:  40, Loss: 0.2520, Train: 94.37%, Valid: 92.39%, Test: 79.07%, Time: 126.58947610855103s
Run: 01, Epoch:  41, Loss: 0.2510, Train: 94.38%, Valid: 92.50%, Test: 78.80%, Time: 122.11988854408264s
Run: 01, Epoch:  42, Loss: 0.2504, Train: 94.38%, Valid: 92.25%, Test: 78.75%, Time: 125.22208070755005s
Run: 01, Epoch:  43, Loss: 0.2509, Train: 94.45%, Valid: 92.30%, Test: 79.38%, Time: 134.22444939613342s
Run: 01, Epoch:  44, Loss: 0.2498, Train: 94.41%, Valid: 92.45%, Test: 78.45%, Time: 132.7795021533966s
Run: 01, Epoch:  45, Loss: 0.2476, Train: 94.45%, Valid: 92.43%, Test: 79.10%, Time: 125.07390284538269s
Run: 01, Epoch:  46, Loss: 0.2460, Train: 94.50%, Valid: 92.51%, Test: 79.23%, Time: 131.54794049263s
Run: 01, Epoch:  47, Loss: 0.2472, Train: 94.53%, Valid: 92.47%, Test: 78.74%, Time: 130.35979771614075s
Run: 01, Epoch:  48, Loss: 0.2456, Train: 94.56%, Valid: 92.43%, Test: 79.26%, Time: 131.14607167243958s
Run: 01, Epoch:  49, Loss: 0.2458, Train: 94.50%, Valid: 92.32%, Test: 78.97%, Time: 124.87086367607117s
Run: 01, Epoch:  50, Loss: 0.2448, Train: 94.52%, Valid: 92.29%, Test: 78.92%, Time: 133.1356019973755s
Run: 01, Epoch:  51, Loss: 0.2451, Train: 94.49%, Valid: 92.36%, Test: 78.54%, Time: 116.08537411689758s
Run: 01, Epoch:  52, Loss: 0.2466, Train: 94.51%, Valid: 92.42%, Test: 79.50%, Time: 116.6704912185669s
Run: 01, Epoch:  53, Loss: 0.2460, Train: 94.57%, Valid: 92.47%, Test: 78.79%, Time: 111.83361339569092s
Run: 01, Epoch:  54, Loss: 0.2440, Train: 94.58%, Valid: 92.49%, Test: 78.63%, Time: 111.41039037704468s
Run: 01, Epoch:  55, Loss: 0.2448, Train: 94.51%, Valid: 92.45%, Test: 78.79%, Time: 110.86020183563232s
Run: 01, Epoch:  56, Loss: 0.2439, Train: 94.59%, Valid: 92.59%, Test: 78.97%, Time: 111.68553018569946s
Run: 01, Epoch:  57, Loss: 0.2451, Train: 94.64%, Valid: 92.44%, Test: 79.41%, Time: 120.18701934814453s
Run: 01, Epoch:  58, Loss: 0.2423, Train: 94.64%, Valid: 92.41%, Test: 78.89%, Time: 130.87554478645325s
Run: 01, Epoch:  59, Loss: 0.2432, Train: 94.62%, Valid: 92.40%, Test: 78.99%, Time: 119.30272459983826s
Run: 01, Epoch:  60, Loss: 0.2435, Train: 94.60%, Valid: 92.33%, Test: 78.67%, Time: 124.92572045326233s
Run 01:
Highest Train: 94.64
Highest Valid: 92.59
  Final Train: 94.59
   Final Test: 78.97
Avg_sampling_time: 8.392384759585063s, Avg_to_time: 3.241860198974609s,  Avg_train_time: 6.3731151978174845s
All runs:
Highest Train: 94.64 ± nan
Highest Valid: 92.59 ± nan
  Final Train: 94.59 ± nan
   Final Test: 78.97 ± nan
