Using backend: pytorch
Namespace(batch_size=150, device=0, dropout=0.5, epochs=60, eval_steps=5, hidden_channels=256, log_steps=1, lr=0.001, num_layers=3, num_partitions=15000, num_workers=12, runs=1)
Run: 01, Epoch: 01, Loss: 1.4531, Train: 84.07%, Valid: 83.70% Test: 66.47% Time: 155.26929211616516s
Run: 01, Epoch: 02, Loss: 0.7626, Train: 87.25%, Valid: 86.58% Test: 69.82% Time: 185.30681800842285s
Run: 01, Epoch: 03, Loss: 0.6568, Train: 88.21%, Valid: 87.78% Test: 71.40% Time: 184.96006512641907s
Run: 01, Epoch: 04, Loss: 0.6007, Train: 88.54%, Valid: 88.15% Test: 71.87% Time: 184.46304893493652s
Run: 01, Epoch: 05, Loss: 0.5649, Train: 89.27%, Valid: 88.81% Test: 72.84% Time: 182.0080816745758s
Run: 01, Epoch: 06, Loss: 0.5313, Train: 89.59%, Valid: 89.22% Test: 72.98% Time: 179.07601141929626s
Run: 01, Epoch: 07, Loss: 0.5089, Train: 90.03%, Valid: 89.57% Test: 73.79% Time: 181.74796986579895s
Run: 01, Epoch: 08, Loss: 0.4840, Train: 90.11%, Valid: 89.63% Test: 73.73% Time: 182.84157967567444s
Run: 01, Epoch: 09, Loss: 0.4678, Train: 90.45%, Valid: 89.90% Test: 74.37% Time: 193.797354221344s
Run: 01, Epoch: 10, Loss: 0.4502, Train: 90.40%, Valid: 89.89% Test: 74.56% Time: 186.37682580947876s
Run: 01, Epoch: 11, Loss: 0.4406, Train: 90.78%, Valid: 90.11% Test: 75.50% Time: 191.3010938167572s
Run: 01, Epoch: 12, Loss: 0.4262, Train: 90.79%, Valid: 90.16% Test: 75.84% Time: 191.74394273757935s
Run: 01, Epoch: 13, Loss: 0.4137, Train: 91.08%, Valid: 90.42% Test: 76.08% Time: 179.77886819839478s
Run: 01, Epoch: 14, Loss: 0.4036, Train: 91.11%, Valid: 90.35% Test: 76.16% Time: 187.33295273780823s
Run: 01, Epoch: 15, Loss: 0.3934, Train: 91.30%, Valid: 90.60% Test: 77.42% Time: 192.9818787574768s
Run: 01, Epoch: 16, Loss: 0.3842, Train: 91.40%, Valid: 90.64% Test: 76.77% Time: 194.54228329658508s
Run: 01, Epoch: 17, Loss: 0.3748, Train: 91.36%, Valid: 90.65% Test: 76.98% Time: 181.90095496177673s
Run: 01, Epoch: 18, Loss: 0.3691, Train: 91.35%, Valid: 90.59% Test: 77.11% Time: 187.8396487236023s
Run: 01, Epoch: 19, Loss: 0.3612, Train: 91.45%, Valid: 90.75% Test: 76.50% Time: 192.1608645915985s
Run: 01, Epoch: 20, Loss: 0.3588, Train: 91.67%, Valid: 90.91% Test: 76.44% Time: 180.58297896385193s
Run: 01, Epoch: 21, Loss: 0.3527, Train: 91.88%, Valid: 90.97% Test: 77.89% Time: 179.6848316192627s
Run: 01, Epoch: 22, Loss: 0.3459, Train: 91.87%, Valid: 90.96% Test: 77.16% Time: 182.23478865623474s
Run: 01, Epoch: 23, Loss: 0.3424, Train: 91.80%, Valid: 90.98% Test: 77.53% Time: 190.6892032623291s
Run: 01, Epoch: 24, Loss: 0.3383, Train: 91.64%, Valid: 90.77% Test: 77.26% Time: 184.43258810043335s
Run: 01, Epoch: 25, Loss: 0.3338, Train: 91.97%, Valid: 91.08% Test: 77.97% Time: 194.44067430496216s
Run: 01, Epoch: 26, Loss: 0.3261, Train: 91.88%, Valid: 90.93% Test: 77.88% Time: 181.80928587913513s
Run: 01, Epoch: 27, Loss: 0.3279, Train: 92.05%, Valid: 91.02% Test: 78.22% Time: 188.64672946929932s
Run: 01, Epoch: 28, Loss: 0.3232, Train: 92.11%, Valid: 91.18% Test: 77.80% Time: 185.74355006217957s
Run: 01, Epoch: 29, Loss: 0.3187, Train: 92.30%, Valid: 91.40% Test: 77.85% Time: 190.40806317329407s
Run: 01, Epoch: 30, Loss: 0.3156, Train: 92.19%, Valid: 91.23% Test: 77.71% Time: 191.17963123321533s
Run: 01, Epoch: 31, Loss: 0.3125, Train: 92.17%, Valid: 91.27% Test: 77.52% Time: 190.6719672679901s
Run: 01, Epoch: 32, Loss: 0.3088, Train: 92.16%, Valid: 91.24% Test: 77.89% Time: 184.77853631973267s
Run: 01, Epoch: 33, Loss: 0.3040, Train: 92.26%, Valid: 91.15% Test: 78.34% Time: 176.268381357193s
Run: 01, Epoch: 34, Loss: 0.3035, Train: 92.29%, Valid: 91.28% Test: 78.15% Time: 187.1944510936737s
Run: 01, Epoch: 35, Loss: 0.3004, Train: 92.42%, Valid: 91.33% Test: 78.70% Time: 189.50926756858826s
Run: 01, Epoch: 36, Loss: 0.2991, Train: 92.44%, Valid: 91.41% Test: 78.60% Time: 190.77929759025574s
Run: 01, Epoch: 37, Loss: 0.2974, Train: 92.42%, Valid: 91.37% Test: 78.65% Time: 190.98919296264648s
Run: 01, Epoch: 38, Loss: 0.2938, Train: 92.57%, Valid: 91.48% Test: 79.07% Time: 191.73613119125366s
Run: 01, Epoch: 39, Loss: 0.2906, Train: 92.59%, Valid: 91.42% Test: 78.36% Time: 195.29003858566284s
Run: 01, Epoch: 40, Loss: 0.2883, Train: 92.53%, Valid: 91.44% Test: 78.77% Time: 188.89009404182434s
Run: 01, Epoch: 41, Loss: 0.2853, Train: 92.60%, Valid: 91.48% Test: 78.40% Time: 184.7220208644867s
Run: 01, Epoch: 42, Loss: 0.2833, Train: 92.51%, Valid: 91.50% Test: 78.98% Time: 196.3175928592682s
Run: 01, Epoch: 43, Loss: 0.2818, Train: 92.56%, Valid: 91.43% Test: 78.99% Time: 186.24405312538147s
Run: 01, Epoch: 44, Loss: 0.2797, Train: 92.73%, Valid: 91.54% Test: 78.89% Time: 166.4686336517334s
Run: 01, Epoch: 45, Loss: 0.2797, Train: 92.64%, Valid: 91.53% Test: 78.92% Time: 189.33054065704346s
Run: 01, Epoch: 46, Loss: 0.2807, Train: 92.68%, Valid: 91.55% Test: 79.15% Time: 180.22851037979126s
Run: 01, Epoch: 47, Loss: 0.2747, Train: 92.74%, Valid: 91.62% Test: 78.91% Time: 178.55556392669678s
Run: 01, Epoch: 48, Loss: 0.2718, Train: 92.77%, Valid: 91.67% Test: 78.99% Time: 174.19470930099487s
Run: 01, Epoch: 49, Loss: 0.2713, Train: 92.78%, Valid: 91.63% Test: 78.77% Time: 172.53971767425537s
Run: 01, Epoch: 50, Loss: 0.2709, Train: 92.78%, Valid: 91.73% Test: 79.11% Time: 176.47101593017578s
Run: 01, Epoch: 51, Loss: 0.2673, Train: 92.91%, Valid: 91.75% Test: 79.23% Time: 175.5037178993225s
Run: 01, Epoch: 52, Loss: 0.2663, Train: 92.78%, Valid: 91.52% Test: 79.10% Time: 175.1971321105957s
Run: 01, Epoch: 53, Loss: 0.2671, Train: 92.84%, Valid: 91.67% Test: 79.26% Time: 183.45483469963074s
Run: 01, Epoch: 54, Loss: 0.2636, Train: 92.90%, Valid: 91.81% Test: 78.92% Time: 172.00647234916687s
Run: 01, Epoch: 55, Loss: 0.2615, Train: 92.83%, Valid: 91.71% Test: 79.19% Time: 177.53293204307556s
Run: 01, Epoch: 56, Loss: 0.2604, Train: 92.93%, Valid: 91.72% Test: 79.37% Time: 169.16503953933716s
Run: 01, Epoch: 57, Loss: 0.2590, Train: 92.93%, Valid: 91.73% Test: 79.34% Time: 180.88338088989258s
Run: 01, Epoch: 58, Loss: 0.2591, Train: 92.86%, Valid: 91.66% Test: 79.01% Time: 172.57932925224304s
Run: 01, Epoch: 59, Loss: 0.2558, Train: 92.97%, Valid: 91.79% Test: 79.33% Time: 170.0964159965515s
Run: 01, Epoch: 60, Loss: 0.2546, Train: 92.94%, Valid: 91.68% Test: 79.14% Time: 173.19682574272156s
Run 01:
Highest Train: 92.97
Highest Valid: 91.81
  Final Train: 92.90
   Final Test: 78.92
Avg_sampling_time: 1.215636686484019s, Avg_to_time: 1.7337992548942567s,  Avg_train_time: 4.170203026135763s
All runs:
Highest Train: 92.97 ± nan
Highest Valid: 91.81 ± nan
  Final Train: 92.90 ± nan
   Final Test: 78.92 ± nan
