Using backend: pytorch
Namespace(batch_size=244, device=1, dropout=0.5, epochs=60, eval_steps=2, hidden_channels=256, inductive=False, log_steps=1, lr=0.01, num_layers=3, num_steps=30, runs=1, walk_length=3)
Run: 01, Epoch: 01, Loss: 2.0041, Train: 74.97%, Valid: 74.48% Test: 57.72% Time: 130.8555028438568s
Run: 01, Epoch: 02, Loss: 1.3059, Train: 80.37%, Valid: 79.68% Test: 62.38% Time: 131.82120299339294s
Run: 01, Epoch: 03, Loss: 1.3333, Train: 81.62%, Valid: 81.26% Test: 65.71% Time: 134.1862645149231s
Run: 01, Epoch: 04, Loss: 1.3679, Train: 81.71%, Valid: 81.19% Test: 64.73% Time: 136.6960470676422s
Run: 01, Epoch: 05, Loss: 1.3192, Train: 82.98%, Valid: 82.55% Test: 65.10% Time: 124.2018792629242s
Run: 01, Epoch: 06, Loss: 1.2815, Train: 82.28%, Valid: 82.04% Test: 63.54% Time: 126.39099478721619s
Run: 01, Epoch: 07, Loss: 1.2870, Train: 81.82%, Valid: 81.45% Test: 64.89% Time: 133.0332794189453s
Run: 01, Epoch: 08, Loss: 1.2805, Train: 82.34%, Valid: 82.01% Test: 65.47% Time: 133.31619262695312s
Run: 01, Epoch: 09, Loss: 1.2650, Train: 81.77%, Valid: 81.55% Test: 63.61% Time: 127.70687747001648s
Run: 01, Epoch: 10, Loss: 1.3216, Train: 83.07%, Valid: 82.86% Test: 66.63% Time: 133.8666718006134s
Run: 01, Epoch: 11, Loss: 1.2380, Train: 83.48%, Valid: 83.47% Test: 65.62% Time: 129.67248678207397s
Run: 01, Epoch: 12, Loss: 1.3259, Train: 82.18%, Valid: 81.99% Test: 64.54% Time: 132.57064199447632s
Run: 01, Epoch: 13, Loss: 1.3297, Train: 82.75%, Valid: 82.55% Test: 65.10% Time: 125.30162978172302s
Run: 01, Epoch: 14, Loss: 1.2146, Train: 82.57%, Valid: 82.08% Test: 65.39% Time: 132.22989773750305s
Run: 01, Epoch: 15, Loss: 1.2547, Train: 83.07%, Valid: 82.38% Test: 64.42% Time: 132.63497853279114s
Run: 01, Epoch: 16, Loss: 1.2624, Train: 82.61%, Valid: 81.92% Test: 64.04% Time: 132.2763078212738s
Run: 01, Epoch: 17, Loss: 1.2219, Train: 83.06%, Valid: 82.65% Test: 64.50% Time: 133.63350653648376s
Run: 01, Epoch: 18, Loss: 1.2100, Train: 82.94%, Valid: 82.68% Test: 64.87% Time: 131.48317456245422s
Run: 01, Epoch: 19, Loss: 1.2552, Train: 83.48%, Valid: 83.32% Test: 66.99% Time: 134.3848638534546s
Run: 01, Epoch: 20, Loss: 1.2196, Train: 83.94%, Valid: 83.62% Test: 66.40% Time: 130.41272735595703s
Run: 01, Epoch: 21, Loss: 1.2496, Train: 82.94%, Valid: 82.67% Test: 65.09% Time: 131.82979011535645s
Run: 01, Epoch: 22, Loss: 1.2904, Train: 83.07%, Valid: 82.83% Test: 66.29% Time: 137.7051727771759s
Run: 01, Epoch: 23, Loss: 1.3371, Train: 81.73%, Valid: 81.80% Test: 65.47% Time: 130.6183316707611s
Run: 01, Epoch: 24, Loss: 1.3725, Train: 82.16%, Valid: 81.97% Test: 64.21% Time: 127.4812159538269s
Run: 01, Epoch: 25, Loss: 1.2655, Train: 82.05%, Valid: 81.79% Test: 66.02% Time: 137.6084849834442s
Run: 01, Epoch: 26, Loss: 1.4029, Train: 82.51%, Valid: 82.44% Test: 64.58% Time: 127.97511792182922s
Run: 01, Epoch: 27, Loss: 1.4927, Train: 79.34%, Valid: 78.98% Test: 64.76% Time: 134.69837546348572s
Run: 01, Epoch: 28, Loss: 1.3212, Train: 80.86%, Valid: 80.82% Test: 64.37% Time: 130.4721221923828s
Run: 01, Epoch: 29, Loss: 1.3356, Train: 80.39%, Valid: 80.12% Test: 64.24% Time: 138.10112357139587s
Run: 01, Epoch: 30, Loss: 1.3417, Train: 81.21%, Valid: 80.83% Test: 64.74% Time: 135.6114706993103s
Run: 01, Epoch: 31, Loss: 1.3094, Train: 80.15%, Valid: 80.20% Test: 64.79% Time: 128.16931772232056s
Run: 01, Epoch: 32, Loss: 1.3575, Train: 81.93%, Valid: 81.58% Test: 65.72% Time: 138.8272156715393s
Run: 01, Epoch: 33, Loss: 1.3752, Train: 81.29%, Valid: 80.82% Test: 65.07% Time: 146.97156047821045s
Run: 01, Epoch: 34, Loss: 1.3378, Train: 79.03%, Valid: 78.83% Test: 63.94% Time: 130.0752604007721s
Run: 01, Epoch: 35, Loss: 1.2948, Train: 81.98%, Valid: 81.88% Test: 66.34% Time: 129.56646871566772s
Run: 01, Epoch: 36, Loss: 1.2608, Train: 81.65%, Valid: 81.40% Test: 65.52% Time: 134.75261521339417s
Run: 01, Epoch: 37, Loss: 1.3097, Train: 82.12%, Valid: 81.74% Test: 65.88% Time: 130.6068606376648s
Run: 01, Epoch: 38, Loss: 1.3903, Train: 80.17%, Valid: 79.74% Test: 64.10% Time: 132.74473118782043s
Run: 01, Epoch: 39, Loss: 1.3313, Train: 80.47%, Valid: 80.03% Test: 64.12% Time: 130.5265829563141s
Run: 01, Epoch: 40, Loss: 1.3420, Train: 81.16%, Valid: 81.12% Test: 64.74% Time: 131.83228278160095s
Run: 01, Epoch: 41, Loss: 1.2845, Train: 79.00%, Valid: 78.72% Test: 63.50% Time: 134.56154489517212s
Run: 01, Epoch: 42, Loss: 1.3108, Train: 80.76%, Valid: 80.56% Test: 64.16% Time: 129.07082533836365s
Run: 01, Epoch: 43, Loss: 1.3024, Train: 81.44%, Valid: 81.36% Test: 64.67% Time: 128.64372777938843s
Run: 01, Epoch: 44, Loss: 1.2184, Train: 82.25%, Valid: 82.08% Test: 65.97% Time: 133.0536081790924s
Run: 01, Epoch: 45, Loss: 1.3326, Train: 81.46%, Valid: 81.10% Test: 64.30% Time: 127.81910133361816s
Run: 01, Epoch: 46, Loss: 1.2697, Train: 81.65%, Valid: 81.36% Test: 65.44% Time: 126.50861930847168s
Run: 01, Epoch: 47, Loss: 1.2787, Train: 81.69%, Valid: 81.08% Test: 65.36% Time: 127.34695482254028s
Run: 01, Epoch: 48, Loss: 1.2966, Train: 81.05%, Valid: 80.71% Test: 66.11% Time: 132.50878715515137s
Run: 01, Epoch: 49, Loss: 1.2939, Train: 81.39%, Valid: 81.22% Test: 65.70% Time: 131.60188484191895s
Run: 01, Epoch: 50, Loss: 1.2397, Train: 81.88%, Valid: 81.47% Test: 65.67% Time: 144.83053374290466s
Run: 01, Epoch: 51, Loss: 1.3215, Train: 81.23%, Valid: 80.93% Test: 65.47% Time: 132.53249192237854s
Run: 01, Epoch: 52, Loss: 1.2632, Train: 81.54%, Valid: 81.18% Test: 64.63% Time: 135.16312742233276s
Run: 01, Epoch: 53, Loss: 1.2034, Train: 82.20%, Valid: 81.78% Test: 64.65% Time: 136.8701639175415s
Run: 01, Epoch: 54, Loss: 1.2304, Train: 81.25%, Valid: 80.91% Test: 64.90% Time: 127.85302805900574s
Run: 01, Epoch: 55, Loss: 1.2761, Train: 81.62%, Valid: 81.21% Test: 65.75% Time: 133.15881037712097s
Run: 01, Epoch: 56, Loss: 1.3032, Train: 81.23%, Valid: 81.00% Test: 64.31% Time: 129.52378821372986s
Run: 01, Epoch: 57, Loss: 1.2348, Train: 82.08%, Valid: 81.67% Test: 66.12% Time: 131.93906140327454s
Run: 01, Epoch: 58, Loss: 1.2829, Train: 80.82%, Valid: 80.62% Test: 63.53% Time: 130.19295859336853s
Run: 01, Epoch: 59, Loss: 1.2742, Train: 82.17%, Valid: 81.93% Test: 66.23% Time: 134.27349734306335s
Run: 01, Epoch: 60, Loss: 1.3579, Train: 81.72%, Valid: 81.63% Test: 66.57% Time: 138.65008401870728s
Run 01:
Highest Train: 83.94
Highest Valid: 83.62
  Final Train: 83.94
   Final Test: 66.40
Avg_sampling_time: 0.40410976807276405s, Avg_to_time: 0.01222931941350301s,  Avg_train_time: 0.19868756930033366s
All runs:
Highest Train: 83.94 ± nan
Highest Valid: 83.62 ± nan
  Final Train: 83.94 ± nan
   Final Test: 66.40 ± nan
